[2019-07-05 17:22:50] php.DEBUG: Warning: fsockopen(): unable to connect to 127.0.0.1:8000 (Connection refused) {"exception":"[object] (Symfony\\Component\\Debug\\Exception\\SilencedErrorContext: {\"severity\":2,\"file\":\"/var/www/SYMFONY/keyua_symf_test.loc/vendor/symfony/web-server-bundle/WebServerConfig.php\",\"line\":139,\"trace\":[{\"file\":\"/var/www/SYMFONY/keyua_symf_test.loc/vendor/symfony/web-server-bundle/WebServerConfig.php\",\"line\":54,\"function\":\"findBestPort\",\"class\":\"Symfony\\\\Bundle\\\\WebServerBundle\\\\WebServerConfig\",\"type\":\"->\"}],\"count\":1})"} []
[2019-07-05 17:23:33] php.DEBUG: Warning: filemtime(): stat failed for /var/www/SYMFONY/keyua_symf_test.loc/keyua_symf_test.loc/config/routes/dev/twig.yaml {"exception":"[object] (Symfony\\Component\\Debug\\Exception\\SilencedErrorContext: {\"severity\":2,\"file\":\"/var/www/SYMFONY/keyua_symf_test.loc/vendor/symfony/config/Resource/FileResource.php\",\"line\":65,\"trace\":[{\"file\":\"/var/www/SYMFONY/keyua_symf_test.loc/vendor/symfony/config/Resource/SelfCheckingResourceChecker.php\",\"line\":34,\"function\":\"isFresh\",\"class\":\"Symfony\\\\Component\\\\Config\\\\Resource\\\\FileResource\",\"type\":\"->\"}],\"count\":1})"} []
[2019-07-05 17:23:35] request.ERROR: Uncaught PHP Exception Symfony\Component\HttpKernel\Exception\NotFoundHttpException: "No route found for "GET /"" at /var/www/SYMFONY/keyua_symf_test.loc/vendor/symfony/http-kernel/EventListener/RouterListener.php line 141 {"exception":"[object] (Symfony\\Component\\HttpKernel\\Exception\\NotFoundHttpException(code: 0): No route found for \"GET /\" at /var/www/SYMFONY/keyua_symf_test.loc/vendor/symfony/http-kernel/EventListener/RouterListener.php:141, Symfony\\Component\\Routing\\Exception\\NoConfigurationException(code: 0):  at /var/www/SYMFONY/keyua_symf_test.loc/vendor/symfony/routing/Matcher/Dumper/CompiledUrlMatcherTrait.php:182)"} []
[2019-07-05 17:23:38] request.INFO: Matched route "_wdt". {"route":"_wdt","route_parameters":{"_route":"_wdt","_controller":"web_profiler.controller.profiler::toolbarAction","token":"345067"},"request_uri":"http://127.0.0.1:8000/_wdt/345067","method":"GET"} []
[2019-07-05 17:26:27] request.ERROR: Uncaught PHP Exception Symfony\Component\HttpKernel\Exception\NotFoundHttpException: "No route found for "GET /"" at /var/www/SYMFONY/keyua_symf_test.loc/vendor/symfony/http-kernel/EventListener/RouterListener.php line 141 {"exception":"[object] (Symfony\\Component\\HttpKernel\\Exception\\NotFoundHttpException(code: 0): No route found for \"GET /\" at /var/www/SYMFONY/keyua_symf_test.loc/vendor/symfony/http-kernel/EventListener/RouterListener.php:141, Symfony\\Component\\Routing\\Exception\\NoConfigurationException(code: 0):  at /var/www/SYMFONY/keyua_symf_test.loc/vendor/symfony/routing/Matcher/Dumper/CompiledUrlMatcherTrait.php:182)"} []
[2019-07-05 17:26:27] request.INFO: Matched route "_wdt". {"route":"_wdt","route_parameters":{"_route":"_wdt","_controller":"web_profiler.controller.profiler::toolbarAction","token":"45ebac"},"request_uri":"http://127.0.0.1:8000/_wdt/45ebac","method":"GET"} []
[2019-07-09 15:30:37] console.ERROR: Error thrown while running command "server:start -d". Message: "The "--docroot" option requires a value." {"exception":"[object] (Symfony\\Component\\Console\\Exception\\RuntimeException(code: 0): The \"--docroot\" option requires a value. at /var/www/SYMFONY/keyua_symf_test.loc/vendor/symfony/console/Input/ArgvInput.php:240)","command":"server:start -d","message":"The \"--docroot\" option requires a value."} []
[2019-07-09 15:30:37] console.DEBUG: Command "server:start -d" exited with code "1" {"command":"server:start -d","code":1} []
[2019-07-09 15:31:10] php.DEBUG: Warning: fsockopen(): unable to connect to 127.0.0.1:8000 (Connection refused) {"exception":"[object] (Symfony\\Component\\Debug\\Exception\\SilencedErrorContext: {\"severity\":2,\"file\":\"/var/www/SYMFONY/keyua_symf_test.loc/vendor/symfony/web-server-bundle/WebServerConfig.php\",\"line\":139,\"trace\":[{\"file\":\"/var/www/SYMFONY/keyua_symf_test.loc/vendor/symfony/web-server-bundle/WebServerConfig.php\",\"line\":54,\"function\":\"findBestPort\",\"class\":\"Symfony\\\\Bundle\\\\WebServerBundle\\\\WebServerConfig\",\"type\":\"->\"}],\"count\":1})"} []
[2019-07-09 15:31:25] request.ERROR: Uncaught PHP Exception Symfony\Component\HttpKernel\Exception\NotFoundHttpException: "No route found for "GET /"" at /var/www/SYMFONY/keyua_symf_test.loc/vendor/symfony/http-kernel/EventListener/RouterListener.php line 141 {"exception":"[object] (Symfony\\Component\\HttpKernel\\Exception\\NotFoundHttpException(code: 0): No route found for \"GET /\" at /var/www/SYMFONY/keyua_symf_test.loc/vendor/symfony/http-kernel/EventListener/RouterListener.php:141, Symfony\\Component\\Routing\\Exception\\NoConfigurationException(code: 0):  at /var/www/SYMFONY/keyua_symf_test.loc/vendor/symfony/routing/Matcher/Dumper/CompiledUrlMatcherTrait.php:182)"} []
[2019-07-09 15:31:26] request.INFO: Matched route "_wdt". {"route":"_wdt","route_parameters":{"_route":"_wdt","_controller":"web_profiler.controller.profiler::toolbarAction","token":"1b5fa6"},"request_uri":"http://127.0.0.1:8000/_wdt/1b5fa6","method":"GET"} []
[2019-07-09 15:31:27] request.ERROR: Uncaught PHP Exception Symfony\Component\HttpKernel\Exception\NotFoundHttpException: "No route found for "GET /favicon.ico"" at /var/www/SYMFONY/keyua_symf_test.loc/vendor/symfony/http-kernel/EventListener/RouterListener.php line 141 {"exception":"[object] (Symfony\\Component\\HttpKernel\\Exception\\NotFoundHttpException(code: 0): No route found for \"GET /favicon.ico\" at /var/www/SYMFONY/keyua_symf_test.loc/vendor/symfony/http-kernel/EventListener/RouterListener.php:141, Symfony\\Component\\Routing\\Exception\\ResourceNotFoundException(code: 0): No routes found for \"/favicon.ico/\". at /var/www/SYMFONY/keyua_symf_test.loc/vendor/symfony/routing/Matcher/Dumper/CompiledUrlMatcherTrait.php:70)"} []
[2019-07-09 15:35:34] php.DEBUG: Warning: fsockopen(): unable to connect to 127.0.0.1:8000 (Connection refused) {"exception":"[object] (Symfony\\Component\\Debug\\Exception\\SilencedErrorContext: {\"severity\":2,\"file\":\"/var/www/SYMFONY/keyua_symf_test.loc/vendor/symfony/web-server-bundle/WebServerConfig.php\",\"line\":139,\"trace\":[{\"file\":\"/var/www/SYMFONY/keyua_symf_test.loc/vendor/symfony/web-server-bundle/WebServerConfig.php\",\"line\":54,\"function\":\"findBestPort\",\"class\":\"Symfony\\\\Bundle\\\\WebServerBundle\\\\WebServerConfig\",\"type\":\"->\"}],\"count\":1})"} []
[2019-07-09 17:22:50] console.ERROR: Error thrown while running command "doctrine:migrations:migrate". Message: "An exception occurred in driver: SQLSTATE[HY000] [1049] Unknown database 'keyua_symf_test.loc'" {"exception":"[object] (Doctrine\\DBAL\\Exception\\ConnectionException(code: 0): An exception occurred in driver: SQLSTATE[HY000] [1049] Unknown database 'keyua_symf_test.loc' at /var/www/SYMFONY/keyua_symf_test.loc/vendor/doctrine/dbal/lib/Doctrine/DBAL/Driver/AbstractMySQLDriver.php:93, Doctrine\\DBAL\\Driver\\PDOException(code: 1049): SQLSTATE[HY000] [1049] Unknown database 'keyua_symf_test.loc' at /var/www/SYMFONY/keyua_symf_test.loc/vendor/doctrine/dbal/lib/Doctrine/DBAL/Driver/PDOConnection.php:31, PDOException(code: 1049): SQLSTATE[HY000] [1049] Unknown database 'keyua_symf_test.loc' at /var/www/SYMFONY/keyua_symf_test.loc/vendor/doctrine/dbal/lib/Doctrine/DBAL/Driver/PDOConnection.php:27)","command":"doctrine:migrations:migrate","message":"An exception occurred in driver: SQLSTATE[HY000] [1049] Unknown database 'keyua_symf_test.loc'"} []
[2019-07-09 17:22:50] console.DEBUG: Command "doctrine:migrations:migrate" exited with code "1" {"command":"doctrine:migrations:migrate","code":1} []
[2019-07-09 17:24:15] console.ERROR: Error thrown while running command "make:migration". Message: "An exception occurred in driver: SQLSTATE[HY000] [1049] Unknown database 'keyua_symf_test.loc'" {"exception":"[object] (Doctrine\\DBAL\\Exception\\ConnectionException(code: 0): An exception occurred in driver: SQLSTATE[HY000] [1049] Unknown database 'keyua_symf_test.loc' at /var/www/SYMFONY/keyua_symf_test.loc/vendor/doctrine/dbal/lib/Doctrine/DBAL/Driver/AbstractMySQLDriver.php:93, Doctrine\\DBAL\\Driver\\PDOException(code: 1049): SQLSTATE[HY000] [1049] Unknown database 'keyua_symf_test.loc' at /var/www/SYMFONY/keyua_symf_test.loc/vendor/doctrine/dbal/lib/Doctrine/DBAL/Driver/PDOConnection.php:31, PDOException(code: 1049): SQLSTATE[HY000] [1049] Unknown database 'keyua_symf_test.loc' at /var/www/SYMFONY/keyua_symf_test.loc/vendor/doctrine/dbal/lib/Doctrine/DBAL/Driver/PDOConnection.php:27)","command":"make:migration","message":"An exception occurred in driver: SQLSTATE[HY000] [1049] Unknown database 'keyua_symf_test.loc'"} []
[2019-07-09 17:24:15] console.DEBUG: Command "make:migration" exited with code "1" {"command":"make:migration","code":1} []
[2019-07-09 17:24:59] doctrine.DEBUG: SHOW FULL TABLES WHERE Table_type = 'BASE TABLE' [] []
[2019-07-09 17:25:00] doctrine.DEBUG: CREATE TABLE migration_versions (version VARCHAR(14) NOT NULL, executed_at DATETIME NOT NULL COMMENT '(DC2Type:datetime_immutable)', PRIMARY KEY(version)) DEFAULT CHARACTER SET utf8mb4 COLLATE utf8mb4_unicode_ci ENGINE = InnoDB [] []
[2019-07-09 17:25:01] doctrine.DEBUG: SHOW FULL TABLES WHERE Table_type = 'BASE TABLE' [] []
[2019-07-09 17:25:02] doctrine.DEBUG: SELECT COLUMN_NAME AS Field, COLUMN_TYPE AS Type, IS_NULLABLE AS `Null`, COLUMN_KEY AS `Key`, COLUMN_DEFAULT AS `Default`, EXTRA AS Extra, COLUMN_COMMENT AS Comment, CHARACTER_SET_NAME AS CharacterSet, COLLATION_NAME AS Collation FROM information_schema.COLUMNS WHERE TABLE_SCHEMA = 'keyua_test' AND TABLE_NAME = 'categories' ORDER BY ORDINAL_POSITION ASC [] []
[2019-07-09 17:25:02] doctrine.DEBUG: SELECT DISTINCT k.`CONSTRAINT_NAME`, k.`COLUMN_NAME`, k.`REFERENCED_TABLE_NAME`, k.`REFERENCED_COLUMN_NAME` /*!50116 , c.update_rule, c.delete_rule */ FROM information_schema.key_column_usage k /*!50116 INNER JOIN information_schema.referential_constraints c ON   c.constraint_name = k.constraint_name AND   c.table_name = 'categories' */ WHERE k.table_name = 'categories' AND k.table_schema = 'keyua_test' /*!50116 AND c.constraint_schema = 'keyua_test' */ AND k.`REFERENCED_COLUMN_NAME` is not NULL [] []
[2019-07-09 17:25:02] doctrine.DEBUG: SELECT TABLE_NAME AS `Table`, NON_UNIQUE AS Non_Unique, INDEX_NAME AS Key_name, SEQ_IN_INDEX AS Seq_in_index, COLUMN_NAME AS Column_Name, COLLATION AS Collation, CARDINALITY AS Cardinality, SUB_PART AS Sub_Part, PACKED AS Packed, NULLABLE AS `Null`, INDEX_TYPE AS Index_Type, COMMENT AS Comment FROM information_schema.STATISTICS WHERE TABLE_NAME = 'categories' AND TABLE_SCHEMA = 'keyua_test' ORDER BY SEQ_IN_INDEX ASC [] []
[2019-07-09 17:25:02] doctrine.DEBUG: SELECT ENGINE, AUTO_INCREMENT, TABLE_COLLATION, TABLE_COMMENT, CREATE_OPTIONS FROM information_schema.TABLES WHERE TABLE_TYPE = 'BASE TABLE' AND TABLE_SCHEMA = DATABASE() AND TABLE_NAME = 'categories' [] []
[2019-07-09 17:25:02] doctrine.DEBUG: SELECT COLUMN_NAME AS Field, COLUMN_TYPE AS Type, IS_NULLABLE AS `Null`, COLUMN_KEY AS `Key`, COLUMN_DEFAULT AS `Default`, EXTRA AS Extra, COLUMN_COMMENT AS Comment, CHARACTER_SET_NAME AS CharacterSet, COLLATION_NAME AS Collation FROM information_schema.COLUMNS WHERE TABLE_SCHEMA = 'keyua_test' AND TABLE_NAME = 'employees' ORDER BY ORDINAL_POSITION ASC [] []
[2019-07-09 17:25:02] doctrine.DEBUG: SELECT DISTINCT k.`CONSTRAINT_NAME`, k.`COLUMN_NAME`, k.`REFERENCED_TABLE_NAME`, k.`REFERENCED_COLUMN_NAME` /*!50116 , c.update_rule, c.delete_rule */ FROM information_schema.key_column_usage k /*!50116 INNER JOIN information_schema.referential_constraints c ON   c.constraint_name = k.constraint_name AND   c.table_name = 'employees' */ WHERE k.table_name = 'employees' AND k.table_schema = 'keyua_test' /*!50116 AND c.constraint_schema = 'keyua_test' */ AND k.`REFERENCED_COLUMN_NAME` is not NULL [] []
[2019-07-09 17:25:02] doctrine.DEBUG: SELECT TABLE_NAME AS `Table`, NON_UNIQUE AS Non_Unique, INDEX_NAME AS Key_name, SEQ_IN_INDEX AS Seq_in_index, COLUMN_NAME AS Column_Name, COLLATION AS Collation, CARDINALITY AS Cardinality, SUB_PART AS Sub_Part, PACKED AS Packed, NULLABLE AS `Null`, INDEX_TYPE AS Index_Type, COMMENT AS Comment FROM information_schema.STATISTICS WHERE TABLE_NAME = 'employees' AND TABLE_SCHEMA = 'keyua_test' ORDER BY SEQ_IN_INDEX ASC [] []
[2019-07-09 17:25:02] doctrine.DEBUG: SELECT ENGINE, AUTO_INCREMENT, TABLE_COLLATION, TABLE_COMMENT, CREATE_OPTIONS FROM information_schema.TABLES WHERE TABLE_TYPE = 'BASE TABLE' AND TABLE_SCHEMA = DATABASE() AND TABLE_NAME = 'employees' [] []
[2019-07-09 17:25:02] doctrine.DEBUG: SELECT COLUMN_NAME AS Field, COLUMN_TYPE AS Type, IS_NULLABLE AS `Null`, COLUMN_KEY AS `Key`, COLUMN_DEFAULT AS `Default`, EXTRA AS Extra, COLUMN_COMMENT AS Comment, CHARACTER_SET_NAME AS CharacterSet, COLLATION_NAME AS Collation FROM information_schema.COLUMNS WHERE TABLE_SCHEMA = 'keyua_test' AND TABLE_NAME = 'migration_versions' ORDER BY ORDINAL_POSITION ASC [] []
[2019-07-09 17:25:02] doctrine.DEBUG: SELECT DISTINCT k.`CONSTRAINT_NAME`, k.`COLUMN_NAME`, k.`REFERENCED_TABLE_NAME`, k.`REFERENCED_COLUMN_NAME` /*!50116 , c.update_rule, c.delete_rule */ FROM information_schema.key_column_usage k /*!50116 INNER JOIN information_schema.referential_constraints c ON   c.constraint_name = k.constraint_name AND   c.table_name = 'migration_versions' */ WHERE k.table_name = 'migration_versions' AND k.table_schema = 'keyua_test' /*!50116 AND c.constraint_schema = 'keyua_test' */ AND k.`REFERENCED_COLUMN_NAME` is not NULL [] []
[2019-07-09 17:25:02] doctrine.DEBUG: SELECT TABLE_NAME AS `Table`, NON_UNIQUE AS Non_Unique, INDEX_NAME AS Key_name, SEQ_IN_INDEX AS Seq_in_index, COLUMN_NAME AS Column_Name, COLLATION AS Collation, CARDINALITY AS Cardinality, SUB_PART AS Sub_Part, PACKED AS Packed, NULLABLE AS `Null`, INDEX_TYPE AS Index_Type, COMMENT AS Comment FROM information_schema.STATISTICS WHERE TABLE_NAME = 'migration_versions' AND TABLE_SCHEMA = 'keyua_test' ORDER BY SEQ_IN_INDEX ASC [] []
[2019-07-09 17:25:02] doctrine.DEBUG: SELECT ENGINE, AUTO_INCREMENT, TABLE_COLLATION, TABLE_COMMENT, CREATE_OPTIONS FROM information_schema.TABLES WHERE TABLE_TYPE = 'BASE TABLE' AND TABLE_SCHEMA = DATABASE() AND TABLE_NAME = 'migration_versions' [] []
[2019-07-09 17:25:02] doctrine.DEBUG: SELECT COLUMN_NAME AS Field, COLUMN_TYPE AS Type, IS_NULLABLE AS `Null`, COLUMN_KEY AS `Key`, COLUMN_DEFAULT AS `Default`, EXTRA AS Extra, COLUMN_COMMENT AS Comment, CHARACTER_SET_NAME AS CharacterSet, COLLATION_NAME AS Collation FROM information_schema.COLUMNS WHERE TABLE_SCHEMA = 'keyua_test' AND TABLE_NAME = 'products' ORDER BY ORDINAL_POSITION ASC [] []
[2019-07-09 17:25:02] doctrine.DEBUG: SELECT DISTINCT k.`CONSTRAINT_NAME`, k.`COLUMN_NAME`, k.`REFERENCED_TABLE_NAME`, k.`REFERENCED_COLUMN_NAME` /*!50116 , c.update_rule, c.delete_rule */ FROM information_schema.key_column_usage k /*!50116 INNER JOIN information_schema.referential_constraints c ON   c.constraint_name = k.constraint_name AND   c.table_name = 'products' */ WHERE k.table_name = 'products' AND k.table_schema = 'keyua_test' /*!50116 AND c.constraint_schema = 'keyua_test' */ AND k.`REFERENCED_COLUMN_NAME` is not NULL [] []
[2019-07-09 17:25:02] doctrine.DEBUG: SELECT TABLE_NAME AS `Table`, NON_UNIQUE AS Non_Unique, INDEX_NAME AS Key_name, SEQ_IN_INDEX AS Seq_in_index, COLUMN_NAME AS Column_Name, COLLATION AS Collation, CARDINALITY AS Cardinality, SUB_PART AS Sub_Part, PACKED AS Packed, NULLABLE AS `Null`, INDEX_TYPE AS Index_Type, COMMENT AS Comment FROM information_schema.STATISTICS WHERE TABLE_NAME = 'products' AND TABLE_SCHEMA = 'keyua_test' ORDER BY SEQ_IN_INDEX ASC [] []
[2019-07-09 17:25:02] doctrine.DEBUG: SELECT ENGINE, AUTO_INCREMENT, TABLE_COLLATION, TABLE_COMMENT, CREATE_OPTIONS FROM information_schema.TABLES WHERE TABLE_TYPE = 'BASE TABLE' AND TABLE_SCHEMA = DATABASE() AND TABLE_NAME = 'products' [] []
[2019-07-09 17:25:02] doctrine.DEBUG: SELECT COLUMN_NAME AS Field, COLUMN_TYPE AS Type, IS_NULLABLE AS `Null`, COLUMN_KEY AS `Key`, COLUMN_DEFAULT AS `Default`, EXTRA AS Extra, COLUMN_COMMENT AS Comment, CHARACTER_SET_NAME AS CharacterSet, COLLATION_NAME AS Collation FROM information_schema.COLUMNS WHERE TABLE_SCHEMA = 'keyua_test' AND TABLE_NAME = 'subcategories' ORDER BY ORDINAL_POSITION ASC [] []
[2019-07-09 17:25:03] doctrine.DEBUG: SELECT DISTINCT k.`CONSTRAINT_NAME`, k.`COLUMN_NAME`, k.`REFERENCED_TABLE_NAME`, k.`REFERENCED_COLUMN_NAME` /*!50116 , c.update_rule, c.delete_rule */ FROM information_schema.key_column_usage k /*!50116 INNER JOIN information_schema.referential_constraints c ON   c.constraint_name = k.constraint_name AND   c.table_name = 'subcategories' */ WHERE k.table_name = 'subcategories' AND k.table_schema = 'keyua_test' /*!50116 AND c.constraint_schema = 'keyua_test' */ AND k.`REFERENCED_COLUMN_NAME` is not NULL [] []
[2019-07-09 17:25:03] doctrine.DEBUG: SELECT TABLE_NAME AS `Table`, NON_UNIQUE AS Non_Unique, INDEX_NAME AS Key_name, SEQ_IN_INDEX AS Seq_in_index, COLUMN_NAME AS Column_Name, COLLATION AS Collation, CARDINALITY AS Cardinality, SUB_PART AS Sub_Part, PACKED AS Packed, NULLABLE AS `Null`, INDEX_TYPE AS Index_Type, COMMENT AS Comment FROM information_schema.STATISTICS WHERE TABLE_NAME = 'subcategories' AND TABLE_SCHEMA = 'keyua_test' ORDER BY SEQ_IN_INDEX ASC [] []
[2019-07-09 17:25:03] doctrine.DEBUG: SELECT ENGINE, AUTO_INCREMENT, TABLE_COLLATION, TABLE_COMMENT, CREATE_OPTIONS FROM information_schema.TABLES WHERE TABLE_TYPE = 'BASE TABLE' AND TABLE_SCHEMA = DATABASE() AND TABLE_NAME = 'subcategories' [] []
[2019-07-09 18:12:19] request.ERROR: Uncaught PHP Exception Symfony\Component\HttpKernel\Exception\NotFoundHttpException: "No route found for "GET /"" at /var/www/SYMFONY/keyua_symf_test.loc/vendor/symfony/http-kernel/EventListener/RouterListener.php line 141 {"exception":"[object] (Symfony\\Component\\HttpKernel\\Exception\\NotFoundHttpException(code: 0): No route found for \"GET /\" at /var/www/SYMFONY/keyua_symf_test.loc/vendor/symfony/http-kernel/EventListener/RouterListener.php:141, Symfony\\Component\\Routing\\Exception\\NoConfigurationException(code: 0):  at /var/www/SYMFONY/keyua_symf_test.loc/vendor/symfony/routing/Matcher/Dumper/CompiledUrlMatcherTrait.php:182)"} []
[2019-07-09 18:12:20] php.CRITICAL: Class 'Employee' not found {"exception":"[object] (Symfony\\Component\\Debug\\Exception\\FatalThrowableError(code: 0): Class 'Employee' not found at /var/www/SYMFONY/keyua_symf_test.loc/public/index.php:33)"} []
[2019-07-09 18:12:33] request.CRITICAL: Uncaught PHP Exception Symfony\Component\Debug\Exception\ClassNotFoundException: "Attempted to load class "Employee" from the global namespace. Did you forget a "use" statement for e.g. "Symfony\Bridge\Doctrine\Tests\Fixtures\Employee" or "App\Entity\Employee"?" at /var/www/SYMFONY/keyua_symf_test.loc/public/index.php line 33 {"exception":"[object] (Symfony\\Component\\Debug\\Exception\\ClassNotFoundException(code: 0): Attempted to load class \"Employee\" from the global namespace.\nDid you forget a \"use\" statement for e.g. \"Symfony\\Bridge\\Doctrine\\Tests\\Fixtures\\Employee\" or \"App\\Entity\\Employee\"? at /var/www/SYMFONY/keyua_symf_test.loc/public/index.php:33)"} []
[2019-07-09 18:12:54] request.INFO: Matched route "_wdt". {"route":"_wdt","route_parameters":{"_route":"_wdt","_controller":"web_profiler.controller.profiler::toolbarAction","token":"795f5d"},"request_uri":"http://127.0.0.1:8000/_wdt/795f5d","method":"GET"} []
[2019-07-09 18:12:55] php.CRITICAL: Class 'Employee' not found {"exception":"[object] (Symfony\\Component\\Debug\\Exception\\FatalThrowableError(code: 0): Class 'Employee' not found at /var/www/SYMFONY/keyua_symf_test.loc/public/index.php:33)"} []
[2019-07-09 18:12:56] request.CRITICAL: Uncaught PHP Exception Symfony\Component\Debug\Exception\ClassNotFoundException: "Attempted to load class "Employee" from the global namespace. Did you forget a "use" statement for e.g. "Symfony\Bridge\Doctrine\Tests\Fixtures\Employee" or "App\Entity\Employee"?" at /var/www/SYMFONY/keyua_symf_test.loc/public/index.php line 33 {"exception":"[object] (Symfony\\Component\\Debug\\Exception\\ClassNotFoundException(code: 0): Attempted to load class \"Employee\" from the global namespace.\nDid you forget a \"use\" statement for e.g. \"Symfony\\Bridge\\Doctrine\\Tests\\Fixtures\\Employee\" or \"App\\Entity\\Employee\"? at /var/www/SYMFONY/keyua_symf_test.loc/public/index.php:33)"} []
[2019-07-09 18:12:57] request.INFO: Matched route "_wdt". {"route":"_wdt","route_parameters":{"_route":"_wdt","_controller":"web_profiler.controller.profiler::toolbarAction","token":"f0008b"},"request_uri":"http://127.0.0.1:8000/_wdt/f0008b","method":"GET"} []
[2019-07-09 18:12:57] php.CRITICAL: Class 'Employee' not found {"exception":"[object] (Symfony\\Component\\Debug\\Exception\\FatalThrowableError(code: 0): Class 'Employee' not found at /var/www/SYMFONY/keyua_symf_test.loc/public/index.php:33)"} []
[2019-07-09 18:12:57] request.CRITICAL: Uncaught PHP Exception Symfony\Component\Debug\Exception\ClassNotFoundException: "Attempted to load class "Employee" from the global namespace. Did you forget a "use" statement for e.g. "Symfony\Bridge\Doctrine\Tests\Fixtures\Employee" or "App\Entity\Employee"?" at /var/www/SYMFONY/keyua_symf_test.loc/public/index.php line 33 {"exception":"[object] (Symfony\\Component\\Debug\\Exception\\ClassNotFoundException(code: 0): Attempted to load class \"Employee\" from the global namespace.\nDid you forget a \"use\" statement for e.g. \"Symfony\\Bridge\\Doctrine\\Tests\\Fixtures\\Employee\" or \"App\\Entity\\Employee\"? at /var/www/SYMFONY/keyua_symf_test.loc/public/index.php:33)"} []
[2019-07-09 18:16:33] request.ERROR: Uncaught PHP Exception Symfony\Component\HttpKernel\Exception\NotFoundHttpException: "No route found for "GET /"" at /var/www/SYMFONY/keyua_symf_test.loc/vendor/symfony/http-kernel/EventListener/RouterListener.php line 141 {"exception":"[object] (Symfony\\Component\\HttpKernel\\Exception\\NotFoundHttpException(code: 0): No route found for \"GET /\" at /var/www/SYMFONY/keyua_symf_test.loc/vendor/symfony/http-kernel/EventListener/RouterListener.php:141, Symfony\\Component\\Routing\\Exception\\NoConfigurationException(code: 0):  at /var/www/SYMFONY/keyua_symf_test.loc/vendor/symfony/routing/Matcher/Dumper/CompiledUrlMatcherTrait.php:182)"} []
[2019-07-09 18:16:33] php.CRITICAL: Too few arguments to function App\Entity\Employee::getSkills(), 0 passed in /var/www/SYMFONY/keyua_symf_test.loc/public/index.php on line 38 and exactly 1 expected {"exception":"[object] (Symfony\\Component\\Debug\\Exception\\FatalThrowableError(code: 0): Too few arguments to function App\\Entity\\Employee::getSkills(), 0 passed in /var/www/SYMFONY/keyua_symf_test.loc/public/index.php on line 38 and exactly 1 expected at /var/www/SYMFONY/keyua_symf_test.loc/src/Entity/Employee.php:165)"} []
[2019-07-09 18:16:33] request.CRITICAL: Uncaught PHP Exception ArgumentCountError: "Too few arguments to function App\Entity\Employee::getSkills(), 0 passed in /var/www/SYMFONY/keyua_symf_test.loc/public/index.php on line 38 and exactly 1 expected" at /var/www/SYMFONY/keyua_symf_test.loc/src/Entity/Employee.php line 165 {"exception":"[object] (Symfony\\Component\\Debug\\Exception\\FatalThrowableError(code: 0): Too few arguments to function App\\Entity\\Employee::getSkills(), 0 passed in /var/www/SYMFONY/keyua_symf_test.loc/public/index.php on line 38 and exactly 1 expected at /var/www/SYMFONY/keyua_symf_test.loc/src/Entity/Employee.php:165)"} []
[2019-07-09 18:16:34] request.INFO: Matched route "_wdt". {"route":"_wdt","route_parameters":{"_route":"_wdt","_controller":"web_profiler.controller.profiler::toolbarAction","token":"587ea5"},"request_uri":"http://127.0.0.1:8000/_wdt/587ea5","method":"GET"} []
[2019-07-09 18:16:34] php.CRITICAL: Too few arguments to function App\Entity\Employee::getSkills(), 0 passed in /var/www/SYMFONY/keyua_symf_test.loc/public/index.php on line 38 and exactly 1 expected {"exception":"[object] (Symfony\\Component\\Debug\\Exception\\FatalThrowableError(code: 0): Too few arguments to function App\\Entity\\Employee::getSkills(), 0 passed in /var/www/SYMFONY/keyua_symf_test.loc/public/index.php on line 38 and exactly 1 expected at /var/www/SYMFONY/keyua_symf_test.loc/src/Entity/Employee.php:165)"} []
[2019-07-09 18:16:34] request.CRITICAL: Uncaught PHP Exception ArgumentCountError: "Too few arguments to function App\Entity\Employee::getSkills(), 0 passed in /var/www/SYMFONY/keyua_symf_test.loc/public/index.php on line 38 and exactly 1 expected" at /var/www/SYMFONY/keyua_symf_test.loc/src/Entity/Employee.php line 165 {"exception":"[object] (Symfony\\Component\\Debug\\Exception\\FatalThrowableError(code: 0): Too few arguments to function App\\Entity\\Employee::getSkills(), 0 passed in /var/www/SYMFONY/keyua_symf_test.loc/public/index.php on line 38 and exactly 1 expected at /var/www/SYMFONY/keyua_symf_test.loc/src/Entity/Employee.php:165)"} []
[2019-07-09 18:16:34] request.INFO: Matched route "_wdt". {"route":"_wdt","route_parameters":{"_route":"_wdt","_controller":"web_profiler.controller.profiler::toolbarAction","token":"ecb9b3"},"request_uri":"http://127.0.0.1:8000/_wdt/ecb9b3","method":"GET"} []
[2019-07-09 18:16:34] php.CRITICAL: Too few arguments to function App\Entity\Employee::getSkills(), 0 passed in /var/www/SYMFONY/keyua_symf_test.loc/public/index.php on line 38 and exactly 1 expected {"exception":"[object] (Symfony\\Component\\Debug\\Exception\\FatalThrowableError(code: 0): Too few arguments to function App\\Entity\\Employee::getSkills(), 0 passed in /var/www/SYMFONY/keyua_symf_test.loc/public/index.php on line 38 and exactly 1 expected at /var/www/SYMFONY/keyua_symf_test.loc/src/Entity/Employee.php:165)"} []
[2019-07-09 18:16:34] request.CRITICAL: Uncaught PHP Exception ArgumentCountError: "Too few arguments to function App\Entity\Employee::getSkills(), 0 passed in /var/www/SYMFONY/keyua_symf_test.loc/public/index.php on line 38 and exactly 1 expected" at /var/www/SYMFONY/keyua_symf_test.loc/src/Entity/Employee.php line 165 {"exception":"[object] (Symfony\\Component\\Debug\\Exception\\FatalThrowableError(code: 0): Too few arguments to function App\\Entity\\Employee::getSkills(), 0 passed in /var/www/SYMFONY/keyua_symf_test.loc/public/index.php on line 38 and exactly 1 expected at /var/www/SYMFONY/keyua_symf_test.loc/src/Entity/Employee.php:165)"} []
[2019-07-09 18:19:27] request.ERROR: Uncaught PHP Exception Symfony\Component\HttpKernel\Exception\NotFoundHttpException: "No route found for "GET /"" at /var/www/SYMFONY/keyua_symf_test.loc/vendor/symfony/http-kernel/EventListener/RouterListener.php line 141 {"exception":"[object] (Symfony\\Component\\HttpKernel\\Exception\\NotFoundHttpException(code: 0): No route found for \"GET /\" at /var/www/SYMFONY/keyua_symf_test.loc/vendor/symfony/http-kernel/EventListener/RouterListener.php:141, Symfony\\Component\\Routing\\Exception\\NoConfigurationException(code: 0):  at /var/www/SYMFONY/keyua_symf_test.loc/vendor/symfony/routing/Matcher/Dumper/CompiledUrlMatcherTrait.php:182)"} []
[2019-07-09 18:19:28] php.CRITICAL: Call to undefined method App\Entity\Employee::createQueryBuilder() {"exception":"[object] (Symfony\\Component\\Debug\\Exception\\FatalThrowableError(code: 0): Call to undefined method App\\Entity\\Employee::createQueryBuilder() at /var/www/SYMFONY/keyua_symf_test.loc/src/Entity/Employee.php:168)"} []
[2019-07-09 18:19:28] request.CRITICAL: Uncaught PHP Exception Symfony\Component\Debug\Exception\UndefinedMethodException: "Attempted to call an undefined method named "createQueryBuilder" of class "App\Entity\Employee"." at /var/www/SYMFONY/keyua_symf_test.loc/src/Entity/Employee.php line 168 {"exception":"[object] (Symfony\\Component\\Debug\\Exception\\UndefinedMethodException(code: 0): Attempted to call an undefined method named \"createQueryBuilder\" of class \"App\\Entity\\Employee\". at /var/www/SYMFONY/keyua_symf_test.loc/src/Entity/Employee.php:168)"} []
[2019-07-09 18:19:30] request.INFO: Matched route "_wdt". {"route":"_wdt","route_parameters":{"_route":"_wdt","_controller":"web_profiler.controller.profiler::toolbarAction","token":"507c2a"},"request_uri":"http://127.0.0.1:8000/_wdt/507c2a","method":"GET"} []
[2019-07-09 18:19:30] php.CRITICAL: Call to undefined method App\Entity\Employee::createQueryBuilder() {"exception":"[object] (Symfony\\Component\\Debug\\Exception\\FatalThrowableError(code: 0): Call to undefined method App\\Entity\\Employee::createQueryBuilder() at /var/www/SYMFONY/keyua_symf_test.loc/src/Entity/Employee.php:168)"} []
[2019-07-09 18:19:30] request.CRITICAL: Uncaught PHP Exception Symfony\Component\Debug\Exception\UndefinedMethodException: "Attempted to call an undefined method named "createQueryBuilder" of class "App\Entity\Employee"." at /var/www/SYMFONY/keyua_symf_test.loc/src/Entity/Employee.php line 168 {"exception":"[object] (Symfony\\Component\\Debug\\Exception\\UndefinedMethodException(code: 0): Attempted to call an undefined method named \"createQueryBuilder\" of class \"App\\Entity\\Employee\". at /var/www/SYMFONY/keyua_symf_test.loc/src/Entity/Employee.php:168)"} []
[2019-07-09 18:19:30] request.INFO: Matched route "_wdt". {"route":"_wdt","route_parameters":{"_route":"_wdt","_controller":"web_profiler.controller.profiler::toolbarAction","token":"721f85"},"request_uri":"http://127.0.0.1:8000/_wdt/721f85","method":"GET"} []
[2019-07-09 18:19:30] php.CRITICAL: Call to undefined method App\Entity\Employee::createQueryBuilder() {"exception":"[object] (Symfony\\Component\\Debug\\Exception\\FatalThrowableError(code: 0): Call to undefined method App\\Entity\\Employee::createQueryBuilder() at /var/www/SYMFONY/keyua_symf_test.loc/src/Entity/Employee.php:168)"} []
[2019-07-09 18:19:30] request.CRITICAL: Uncaught PHP Exception Symfony\Component\Debug\Exception\UndefinedMethodException: "Attempted to call an undefined method named "createQueryBuilder" of class "App\Entity\Employee"." at /var/www/SYMFONY/keyua_symf_test.loc/src/Entity/Employee.php line 168 {"exception":"[object] (Symfony\\Component\\Debug\\Exception\\UndefinedMethodException(code: 0): Attempted to call an undefined method named \"createQueryBuilder\" of class \"App\\Entity\\Employee\". at /var/www/SYMFONY/keyua_symf_test.loc/src/Entity/Employee.php:168)"} []
[2019-07-09 18:22:51] request.ERROR: Uncaught PHP Exception Symfony\Component\HttpKernel\Exception\NotFoundHttpException: "No route found for "GET /"" at /var/www/SYMFONY/keyua_symf_test.loc/vendor/symfony/http-kernel/EventListener/RouterListener.php line 141 {"exception":"[object] (Symfony\\Component\\HttpKernel\\Exception\\NotFoundHttpException(code: 0): No route found for \"GET /\" at /var/www/SYMFONY/keyua_symf_test.loc/vendor/symfony/http-kernel/EventListener/RouterListener.php:141, Symfony\\Component\\Routing\\Exception\\NoConfigurationException(code: 0):  at /var/www/SYMFONY/keyua_symf_test.loc/vendor/symfony/routing/Matcher/Dumper/CompiledUrlMatcherTrait.php:182)"} []
[2019-07-09 18:22:51] php.CRITICAL: Call to undefined method App\Entity\Employee::where() {"exception":"[object] (Symfony\\Component\\Debug\\Exception\\FatalThrowableError(code: 0): Call to undefined method App\\Entity\\Employee::where() at /var/www/SYMFONY/keyua_symf_test.loc/src/Entity/Employee.php:169)"} []
[2019-07-09 18:22:51] request.CRITICAL: Uncaught PHP Exception Symfony\Component\Debug\Exception\UndefinedMethodException: "Attempted to call an undefined method named "where" of class "App\Entity\Employee"." at /var/www/SYMFONY/keyua_symf_test.loc/src/Entity/Employee.php line 169 {"exception":"[object] (Symfony\\Component\\Debug\\Exception\\UndefinedMethodException(code: 0): Attempted to call an undefined method named \"where\" of class \"App\\Entity\\Employee\". at /var/www/SYMFONY/keyua_symf_test.loc/src/Entity/Employee.php:169)"} []
[2019-07-09 18:22:51] request.INFO: Matched route "_wdt". {"route":"_wdt","route_parameters":{"_route":"_wdt","_controller":"web_profiler.controller.profiler::toolbarAction","token":"000a8c"},"request_uri":"http://127.0.0.1:8000/_wdt/000a8c","method":"GET"} []
[2019-07-09 18:22:51] php.CRITICAL: Call to undefined method App\Entity\Employee::where() {"exception":"[object] (Symfony\\Component\\Debug\\Exception\\FatalThrowableError(code: 0): Call to undefined method App\\Entity\\Employee::where() at /var/www/SYMFONY/keyua_symf_test.loc/src/Entity/Employee.php:169)"} []
[2019-07-09 18:22:51] request.CRITICAL: Uncaught PHP Exception Symfony\Component\Debug\Exception\UndefinedMethodException: "Attempted to call an undefined method named "where" of class "App\Entity\Employee"." at /var/www/SYMFONY/keyua_symf_test.loc/src/Entity/Employee.php line 169 {"exception":"[object] (Symfony\\Component\\Debug\\Exception\\UndefinedMethodException(code: 0): Attempted to call an undefined method named \"where\" of class \"App\\Entity\\Employee\". at /var/www/SYMFONY/keyua_symf_test.loc/src/Entity/Employee.php:169)"} []
[2019-07-09 18:22:51] request.INFO: Matched route "_wdt". {"route":"_wdt","route_parameters":{"_route":"_wdt","_controller":"web_profiler.controller.profiler::toolbarAction","token":"f1b07d"},"request_uri":"http://127.0.0.1:8000/_wdt/f1b07d","method":"GET"} []
[2019-07-09 18:22:51] php.CRITICAL: Call to undefined method App\Entity\Employee::where() {"exception":"[object] (Symfony\\Component\\Debug\\Exception\\FatalThrowableError(code: 0): Call to undefined method App\\Entity\\Employee::where() at /var/www/SYMFONY/keyua_symf_test.loc/src/Entity/Employee.php:169)"} []
[2019-07-09 18:22:51] request.CRITICAL: Uncaught PHP Exception Symfony\Component\Debug\Exception\UndefinedMethodException: "Attempted to call an undefined method named "where" of class "App\Entity\Employee"." at /var/www/SYMFONY/keyua_symf_test.loc/src/Entity/Employee.php line 169 {"exception":"[object] (Symfony\\Component\\Debug\\Exception\\UndefinedMethodException(code: 0): Attempted to call an undefined method named \"where\" of class \"App\\Entity\\Employee\". at /var/www/SYMFONY/keyua_symf_test.loc/src/Entity/Employee.php:169)"} []
[2019-07-09 18:25:15] request.ERROR: Uncaught PHP Exception Symfony\Component\HttpKernel\Exception\NotFoundHttpException: "No route found for "GET /"" at /var/www/SYMFONY/keyua_symf_test.loc/vendor/symfony/http-kernel/EventListener/RouterListener.php line 141 {"exception":"[object] (Symfony\\Component\\HttpKernel\\Exception\\NotFoundHttpException(code: 0): No route found for \"GET /\" at /var/www/SYMFONY/keyua_symf_test.loc/vendor/symfony/http-kernel/EventListener/RouterListener.php:141, Symfony\\Component\\Routing\\Exception\\NoConfigurationException(code: 0):  at /var/www/SYMFONY/keyua_symf_test.loc/vendor/symfony/routing/Matcher/Dumper/CompiledUrlMatcherTrait.php:182)"} []
[2019-07-09 18:25:15] php.CRITICAL: Call to undefined method App\Entity\Employee::where() {"exception":"[object] (Symfony\\Component\\Debug\\Exception\\FatalThrowableError(code: 0): Call to undefined method App\\Entity\\Employee::where() at /var/www/SYMFONY/keyua_symf_test.loc/src/Entity/Employee.php:168)"} []
[2019-07-09 18:25:15] request.CRITICAL: Uncaught PHP Exception Symfony\Component\Debug\Exception\UndefinedMethodException: "Attempted to call an undefined method named "where" of class "App\Entity\Employee"." at /var/www/SYMFONY/keyua_symf_test.loc/src/Entity/Employee.php line 168 {"exception":"[object] (Symfony\\Component\\Debug\\Exception\\UndefinedMethodException(code: 0): Attempted to call an undefined method named \"where\" of class \"App\\Entity\\Employee\". at /var/www/SYMFONY/keyua_symf_test.loc/src/Entity/Employee.php:168)"} []
[2019-07-09 18:25:16] request.INFO: Matched route "_wdt". {"route":"_wdt","route_parameters":{"_route":"_wdt","_controller":"web_profiler.controller.profiler::toolbarAction","token":"82a54b"},"request_uri":"http://127.0.0.1:8000/_wdt/82a54b","method":"GET"} []
[2019-07-09 18:25:16] php.CRITICAL: Call to undefined method App\Entity\Employee::where() {"exception":"[object] (Symfony\\Component\\Debug\\Exception\\FatalThrowableError(code: 0): Call to undefined method App\\Entity\\Employee::where() at /var/www/SYMFONY/keyua_symf_test.loc/src/Entity/Employee.php:168)"} []
[2019-07-09 18:25:16] request.CRITICAL: Uncaught PHP Exception Symfony\Component\Debug\Exception\UndefinedMethodException: "Attempted to call an undefined method named "where" of class "App\Entity\Employee"." at /var/www/SYMFONY/keyua_symf_test.loc/src/Entity/Employee.php line 168 {"exception":"[object] (Symfony\\Component\\Debug\\Exception\\UndefinedMethodException(code: 0): Attempted to call an undefined method named \"where\" of class \"App\\Entity\\Employee\". at /var/www/SYMFONY/keyua_symf_test.loc/src/Entity/Employee.php:168)"} []
[2019-07-09 18:25:16] request.INFO: Matched route "_wdt". {"route":"_wdt","route_parameters":{"_route":"_wdt","_controller":"web_profiler.controller.profiler::toolbarAction","token":"abd8b6"},"request_uri":"http://127.0.0.1:8000/_wdt/abd8b6","method":"GET"} []
[2019-07-09 18:25:16] php.CRITICAL: Call to undefined method App\Entity\Employee::where() {"exception":"[object] (Symfony\\Component\\Debug\\Exception\\FatalThrowableError(code: 0): Call to undefined method App\\Entity\\Employee::where() at /var/www/SYMFONY/keyua_symf_test.loc/src/Entity/Employee.php:168)"} []
[2019-07-09 18:25:16] request.CRITICAL: Uncaught PHP Exception Symfony\Component\Debug\Exception\UndefinedMethodException: "Attempted to call an undefined method named "where" of class "App\Entity\Employee"." at /var/www/SYMFONY/keyua_symf_test.loc/src/Entity/Employee.php line 168 {"exception":"[object] (Symfony\\Component\\Debug\\Exception\\UndefinedMethodException(code: 0): Attempted to call an undefined method named \"where\" of class \"App\\Entity\\Employee\". at /var/www/SYMFONY/keyua_symf_test.loc/src/Entity/Employee.php:168)"} []
[2019-07-09 18:27:12] request.ERROR: Uncaught PHP Exception Symfony\Component\HttpKernel\Exception\NotFoundHttpException: "No route found for "GET /"" at /var/www/SYMFONY/keyua_symf_test.loc/vendor/symfony/http-kernel/EventListener/RouterListener.php line 141 {"exception":"[object] (Symfony\\Component\\HttpKernel\\Exception\\NotFoundHttpException(code: 0): No route found for \"GET /\" at /var/www/SYMFONY/keyua_symf_test.loc/vendor/symfony/http-kernel/EventListener/RouterListener.php:141, Symfony\\Component\\Routing\\Exception\\NoConfigurationException(code: 0):  at /var/www/SYMFONY/keyua_symf_test.loc/vendor/symfony/routing/Matcher/Dumper/CompiledUrlMatcherTrait.php:182)"} []
[2019-07-09 18:27:12] php.CRITICAL: Call to undefined method App\Entity\Employee::where() {"exception":"[object] (Symfony\\Component\\Debug\\Exception\\FatalThrowableError(code: 0): Call to undefined method App\\Entity\\Employee::where() at /var/www/SYMFONY/keyua_symf_test.loc/src/Entity/Employee.php:168)"} []
[2019-07-09 18:27:12] request.CRITICAL: Uncaught PHP Exception Symfony\Component\Debug\Exception\UndefinedMethodException: "Attempted to call an undefined method named "where" of class "App\Entity\Employee"." at /var/www/SYMFONY/keyua_symf_test.loc/src/Entity/Employee.php line 168 {"exception":"[object] (Symfony\\Component\\Debug\\Exception\\UndefinedMethodException(code: 0): Attempted to call an undefined method named \"where\" of class \"App\\Entity\\Employee\". at /var/www/SYMFONY/keyua_symf_test.loc/src/Entity/Employee.php:168)"} []
[2019-07-09 18:27:14] request.INFO: Matched route "_wdt". {"route":"_wdt","route_parameters":{"_route":"_wdt","_controller":"web_profiler.controller.profiler::toolbarAction","token":"781400"},"request_uri":"http://127.0.0.1:8000/_wdt/781400","method":"GET"} []
[2019-07-09 18:27:14] php.CRITICAL: Call to undefined method App\Entity\Employee::where() {"exception":"[object] (Symfony\\Component\\Debug\\Exception\\FatalThrowableError(code: 0): Call to undefined method App\\Entity\\Employee::where() at /var/www/SYMFONY/keyua_symf_test.loc/src/Entity/Employee.php:168)"} []
[2019-07-09 18:27:14] request.CRITICAL: Uncaught PHP Exception Symfony\Component\Debug\Exception\UndefinedMethodException: "Attempted to call an undefined method named "where" of class "App\Entity\Employee"." at /var/www/SYMFONY/keyua_symf_test.loc/src/Entity/Employee.php line 168 {"exception":"[object] (Symfony\\Component\\Debug\\Exception\\UndefinedMethodException(code: 0): Attempted to call an undefined method named \"where\" of class \"App\\Entity\\Employee\". at /var/www/SYMFONY/keyua_symf_test.loc/src/Entity/Employee.php:168)"} []
[2019-07-09 18:27:14] request.INFO: Matched route "_wdt". {"route":"_wdt","route_parameters":{"_route":"_wdt","_controller":"web_profiler.controller.profiler::toolbarAction","token":"82bc0e"},"request_uri":"http://127.0.0.1:8000/_wdt/82bc0e","method":"GET"} []
[2019-07-09 18:27:14] php.CRITICAL: Call to undefined method App\Entity\Employee::where() {"exception":"[object] (Symfony\\Component\\Debug\\Exception\\FatalThrowableError(code: 0): Call to undefined method App\\Entity\\Employee::where() at /var/www/SYMFONY/keyua_symf_test.loc/src/Entity/Employee.php:168)"} []
[2019-07-09 18:27:14] request.CRITICAL: Uncaught PHP Exception Symfony\Component\Debug\Exception\UndefinedMethodException: "Attempted to call an undefined method named "where" of class "App\Entity\Employee"." at /var/www/SYMFONY/keyua_symf_test.loc/src/Entity/Employee.php line 168 {"exception":"[object] (Symfony\\Component\\Debug\\Exception\\UndefinedMethodException(code: 0): Attempted to call an undefined method named \"where\" of class \"App\\Entity\\Employee\". at /var/www/SYMFONY/keyua_symf_test.loc/src/Entity/Employee.php:168)"} []
[2019-07-09 19:31:10] request.ERROR: Uncaught PHP Exception Symfony\Component\HttpKernel\Exception\NotFoundHttpException: "No route found for "GET /"" at /var/www/SYMFONY/keyua_symf_test.loc/vendor/symfony/http-kernel/EventListener/RouterListener.php line 141 {"exception":"[object] (Symfony\\Component\\HttpKernel\\Exception\\NotFoundHttpException(code: 0): No route found for \"GET /\" at /var/www/SYMFONY/keyua_symf_test.loc/vendor/symfony/http-kernel/EventListener/RouterListener.php:141, Symfony\\Component\\Routing\\Exception\\NoConfigurationException(code: 0):  at /var/www/SYMFONY/keyua_symf_test.loc/vendor/symfony/routing/Matcher/Dumper/CompiledUrlMatcherTrait.php:182)"} []
[2019-07-09 19:31:10] php.INFO: Deprecated: Non-static method App\Repository\EmployeeRepository::getSkills() should not be called statically {"exception":"[object] (ErrorException(code: 0): Deprecated: Non-static method App\\Repository\\EmployeeRepository::getSkills() should not be called statically at /var/www/SYMFONY/keyua_symf_test.loc/public/index.php:38)"} []
[2019-07-09 19:31:10] php.CRITICAL: Using $this when not in object context {"exception":"[object] (Symfony\\Component\\Debug\\Exception\\FatalThrowableError(code: 0): Using $this when not in object context at /var/www/SYMFONY/keyua_symf_test.loc/src/Repository/EmployeeRepository.php:41)"} []
[2019-07-09 19:31:10] request.CRITICAL: Uncaught PHP Exception Error: "Using $this when not in object context" at /var/www/SYMFONY/keyua_symf_test.loc/src/Repository/EmployeeRepository.php line 41 {"exception":"[object] (Symfony\\Component\\Debug\\Exception\\FatalThrowableError(code: 0): Using $this when not in object context at /var/www/SYMFONY/keyua_symf_test.loc/src/Repository/EmployeeRepository.php:41)"} []
[2019-07-09 19:31:11] request.INFO: Matched route "_wdt". {"route":"_wdt","route_parameters":{"_route":"_wdt","_controller":"web_profiler.controller.profiler::toolbarAction","token":"6efcfb"},"request_uri":"http://127.0.0.1:8000/_wdt/6efcfb","method":"GET"} []
[2019-07-09 19:31:12] php.INFO: Deprecated: Non-static method App\Repository\EmployeeRepository::getSkills() should not be called statically {"exception":"[object] (ErrorException(code: 0): Deprecated: Non-static method App\\Repository\\EmployeeRepository::getSkills() should not be called statically at /var/www/SYMFONY/keyua_symf_test.loc/public/index.php:38)"} []
[2019-07-09 19:31:12] php.CRITICAL: Using $this when not in object context {"exception":"[object] (Symfony\\Component\\Debug\\Exception\\FatalThrowableError(code: 0): Using $this when not in object context at /var/www/SYMFONY/keyua_symf_test.loc/src/Repository/EmployeeRepository.php:41)"} []
[2019-07-09 19:31:12] request.CRITICAL: Uncaught PHP Exception Error: "Using $this when not in object context" at /var/www/SYMFONY/keyua_symf_test.loc/src/Repository/EmployeeRepository.php line 41 {"exception":"[object] (Symfony\\Component\\Debug\\Exception\\FatalThrowableError(code: 0): Using $this when not in object context at /var/www/SYMFONY/keyua_symf_test.loc/src/Repository/EmployeeRepository.php:41)"} []
[2019-07-09 19:31:12] request.INFO: Matched route "_wdt". {"route":"_wdt","route_parameters":{"_route":"_wdt","_controller":"web_profiler.controller.profiler::toolbarAction","token":"6d7b2f"},"request_uri":"http://127.0.0.1:8000/_wdt/6d7b2f","method":"GET"} []
[2019-07-09 19:31:12] php.INFO: Deprecated: Non-static method App\Repository\EmployeeRepository::getSkills() should not be called statically {"exception":"[object] (ErrorException(code: 0): Deprecated: Non-static method App\\Repository\\EmployeeRepository::getSkills() should not be called statically at /var/www/SYMFONY/keyua_symf_test.loc/public/index.php:38)"} []
[2019-07-09 19:31:12] php.CRITICAL: Using $this when not in object context {"exception":"[object] (Symfony\\Component\\Debug\\Exception\\FatalThrowableError(code: 0): Using $this when not in object context at /var/www/SYMFONY/keyua_symf_test.loc/src/Repository/EmployeeRepository.php:41)"} []
[2019-07-09 19:31:12] request.CRITICAL: Uncaught PHP Exception Error: "Using $this when not in object context" at /var/www/SYMFONY/keyua_symf_test.loc/src/Repository/EmployeeRepository.php line 41 {"exception":"[object] (Symfony\\Component\\Debug\\Exception\\FatalThrowableError(code: 0): Using $this when not in object context at /var/www/SYMFONY/keyua_symf_test.loc/src/Repository/EmployeeRepository.php:41)"} []
[2019-07-09 19:39:57] request.ERROR: Uncaught PHP Exception Symfony\Component\HttpKernel\Exception\NotFoundHttpException: "No route found for "GET /"" at /var/www/SYMFONY/keyua_symf_test.loc/vendor/symfony/http-kernel/EventListener/RouterListener.php line 141 {"exception":"[object] (Symfony\\Component\\HttpKernel\\Exception\\NotFoundHttpException(code: 0): No route found for \"GET /\" at /var/www/SYMFONY/keyua_symf_test.loc/vendor/symfony/http-kernel/EventListener/RouterListener.php:141, Symfony\\Component\\Routing\\Exception\\NoConfigurationException(code: 0):  at /var/www/SYMFONY/keyua_symf_test.loc/vendor/symfony/routing/Matcher/Dumper/CompiledUrlMatcherTrait.php:182)"} []
[2019-07-09 19:39:58] php.CRITICAL: Using $this when not in object context {"exception":"[object] (Symfony\\Component\\Debug\\Exception\\FatalThrowableError(code: 0): Using $this when not in object context at /var/www/SYMFONY/keyua_symf_test.loc/public/index.php:38)"} []
[2019-07-09 19:39:58] request.CRITICAL: Uncaught PHP Exception Error: "Using $this when not in object context" at /var/www/SYMFONY/keyua_symf_test.loc/public/index.php line 38 {"exception":"[object] (Symfony\\Component\\Debug\\Exception\\FatalThrowableError(code: 0): Using $this when not in object context at /var/www/SYMFONY/keyua_symf_test.loc/public/index.php:38)"} []
[2019-07-09 19:39:59] request.INFO: Matched route "_wdt". {"route":"_wdt","route_parameters":{"_route":"_wdt","_controller":"web_profiler.controller.profiler::toolbarAction","token":"5f7ae4"},"request_uri":"http://127.0.0.1:8000/_wdt/5f7ae4","method":"GET"} []
[2019-07-09 19:40:00] php.CRITICAL: Using $this when not in object context {"exception":"[object] (Symfony\\Component\\Debug\\Exception\\FatalThrowableError(code: 0): Using $this when not in object context at /var/www/SYMFONY/keyua_symf_test.loc/public/index.php:38)"} []
[2019-07-09 19:40:00] request.CRITICAL: Uncaught PHP Exception Error: "Using $this when not in object context" at /var/www/SYMFONY/keyua_symf_test.loc/public/index.php line 38 {"exception":"[object] (Symfony\\Component\\Debug\\Exception\\FatalThrowableError(code: 0): Using $this when not in object context at /var/www/SYMFONY/keyua_symf_test.loc/public/index.php:38)"} []
[2019-07-09 19:40:00] request.INFO: Matched route "_wdt". {"route":"_wdt","route_parameters":{"_route":"_wdt","_controller":"web_profiler.controller.profiler::toolbarAction","token":"be08b6"},"request_uri":"http://127.0.0.1:8000/_wdt/be08b6","method":"GET"} []
[2019-07-09 19:40:00] php.CRITICAL: Using $this when not in object context {"exception":"[object] (Symfony\\Component\\Debug\\Exception\\FatalThrowableError(code: 0): Using $this when not in object context at /var/www/SYMFONY/keyua_symf_test.loc/public/index.php:38)"} []
[2019-07-09 19:40:00] request.CRITICAL: Uncaught PHP Exception Error: "Using $this when not in object context" at /var/www/SYMFONY/keyua_symf_test.loc/public/index.php line 38 {"exception":"[object] (Symfony\\Component\\Debug\\Exception\\FatalThrowableError(code: 0): Using $this when not in object context at /var/www/SYMFONY/keyua_symf_test.loc/public/index.php:38)"} []
[2019-07-09 19:48:50] request.ERROR: Uncaught PHP Exception Symfony\Component\HttpKernel\Exception\NotFoundHttpException: "No route found for "GET /"" at /var/www/SYMFONY/keyua_symf_test.loc/vendor/symfony/http-kernel/EventListener/RouterListener.php line 141 {"exception":"[object] (Symfony\\Component\\HttpKernel\\Exception\\NotFoundHttpException(code: 0): No route found for \"GET /\" at /var/www/SYMFONY/keyua_symf_test.loc/vendor/symfony/http-kernel/EventListener/RouterListener.php:141, Symfony\\Component\\Routing\\Exception\\NoConfigurationException(code: 0):  at /var/www/SYMFONY/keyua_symf_test.loc/vendor/symfony/routing/Matcher/Dumper/CompiledUrlMatcherTrait.php:182)"} []
[2019-07-09 19:48:50] php.INFO: Deprecated: Non-static method App\Repository\EmployeeRepository::getSkills() should not be called statically {"exception":"[object] (ErrorException(code: 0): Deprecated: Non-static method App\\Repository\\EmployeeRepository::getSkills() should not be called statically at /var/www/SYMFONY/keyua_symf_test.loc/public/index.php:41)"} []
[2019-07-09 19:48:50] php.CRITICAL: Using $this when not in object context {"exception":"[object] (Symfony\\Component\\Debug\\Exception\\FatalThrowableError(code: 0): Using $this when not in object context at /var/www/SYMFONY/keyua_symf_test.loc/src/Repository/EmployeeRepository.php:41)"} []
[2019-07-09 19:48:50] request.CRITICAL: Uncaught PHP Exception Error: "Using $this when not in object context" at /var/www/SYMFONY/keyua_symf_test.loc/src/Repository/EmployeeRepository.php line 41 {"exception":"[object] (Symfony\\Component\\Debug\\Exception\\FatalThrowableError(code: 0): Using $this when not in object context at /var/www/SYMFONY/keyua_symf_test.loc/src/Repository/EmployeeRepository.php:41)"} []
[2019-07-09 19:48:51] request.INFO: Matched route "_wdt". {"route":"_wdt","route_parameters":{"_route":"_wdt","_controller":"web_profiler.controller.profiler::toolbarAction","token":"ba30ff"},"request_uri":"http://127.0.0.1:8000/_wdt/ba30ff","method":"GET"} []
[2019-07-09 19:48:51] php.INFO: Deprecated: Non-static method App\Repository\EmployeeRepository::getSkills() should not be called statically {"exception":"[object] (ErrorException(code: 0): Deprecated: Non-static method App\\Repository\\EmployeeRepository::getSkills() should not be called statically at /var/www/SYMFONY/keyua_symf_test.loc/public/index.php:41)"} []
[2019-07-09 19:48:51] php.CRITICAL: Using $this when not in object context {"exception":"[object] (Symfony\\Component\\Debug\\Exception\\FatalThrowableError(code: 0): Using $this when not in object context at /var/www/SYMFONY/keyua_symf_test.loc/src/Repository/EmployeeRepository.php:41)"} []
[2019-07-09 19:48:51] request.CRITICAL: Uncaught PHP Exception Error: "Using $this when not in object context" at /var/www/SYMFONY/keyua_symf_test.loc/src/Repository/EmployeeRepository.php line 41 {"exception":"[object] (Symfony\\Component\\Debug\\Exception\\FatalThrowableError(code: 0): Using $this when not in object context at /var/www/SYMFONY/keyua_symf_test.loc/src/Repository/EmployeeRepository.php:41)"} []
[2019-07-09 19:48:51] request.INFO: Matched route "_wdt". {"route":"_wdt","route_parameters":{"_route":"_wdt","_controller":"web_profiler.controller.profiler::toolbarAction","token":"e5bc95"},"request_uri":"http://127.0.0.1:8000/_wdt/e5bc95","method":"GET"} []
[2019-07-09 19:48:51] php.INFO: Deprecated: Non-static method App\Repository\EmployeeRepository::getSkills() should not be called statically {"exception":"[object] (ErrorException(code: 0): Deprecated: Non-static method App\\Repository\\EmployeeRepository::getSkills() should not be called statically at /var/www/SYMFONY/keyua_symf_test.loc/public/index.php:41)"} []
[2019-07-09 19:48:51] php.CRITICAL: Using $this when not in object context {"exception":"[object] (Symfony\\Component\\Debug\\Exception\\FatalThrowableError(code: 0): Using $this when not in object context at /var/www/SYMFONY/keyua_symf_test.loc/src/Repository/EmployeeRepository.php:41)"} []
[2019-07-09 19:48:51] request.CRITICAL: Uncaught PHP Exception Error: "Using $this when not in object context" at /var/www/SYMFONY/keyua_symf_test.loc/src/Repository/EmployeeRepository.php line 41 {"exception":"[object] (Symfony\\Component\\Debug\\Exception\\FatalThrowableError(code: 0): Using $this when not in object context at /var/www/SYMFONY/keyua_symf_test.loc/src/Repository/EmployeeRepository.php:41)"} []
[2019-07-09 19:52:08] request.ERROR: Uncaught PHP Exception Symfony\Component\HttpKernel\Exception\NotFoundHttpException: "No route found for "GET /"" at /var/www/SYMFONY/keyua_symf_test.loc/vendor/symfony/http-kernel/EventListener/RouterListener.php line 141 {"exception":"[object] (Symfony\\Component\\HttpKernel\\Exception\\NotFoundHttpException(code: 0): No route found for \"GET /\" at /var/www/SYMFONY/keyua_symf_test.loc/vendor/symfony/http-kernel/EventListener/RouterListener.php:141, Symfony\\Component\\Routing\\Exception\\NoConfigurationException(code: 0):  at /var/www/SYMFONY/keyua_symf_test.loc/vendor/symfony/routing/Matcher/Dumper/CompiledUrlMatcherTrait.php:182)"} []
[2019-07-09 19:52:08] php.INFO: Deprecated: Non-static method App\Repository\EmployeeRepository::getSkills() should not be called statically {"exception":"[object] (ErrorException(code: 0): Deprecated: Non-static method App\\Repository\\EmployeeRepository::getSkills() should not be called statically at /var/www/SYMFONY/keyua_symf_test.loc/public/index.php:41)"} []
[2019-07-09 19:52:08] php.CRITICAL: Using $this when not in object context {"exception":"[object] (Symfony\\Component\\Debug\\Exception\\FatalThrowableError(code: 0): Using $this when not in object context at /var/www/SYMFONY/keyua_symf_test.loc/src/Repository/EmployeeRepository.php:41)"} []
[2019-07-09 19:52:08] request.CRITICAL: Uncaught PHP Exception Error: "Using $this when not in object context" at /var/www/SYMFONY/keyua_symf_test.loc/src/Repository/EmployeeRepository.php line 41 {"exception":"[object] (Symfony\\Component\\Debug\\Exception\\FatalThrowableError(code: 0): Using $this when not in object context at /var/www/SYMFONY/keyua_symf_test.loc/src/Repository/EmployeeRepository.php:41)"} []
[2019-07-09 19:52:08] request.INFO: Matched route "_wdt". {"route":"_wdt","route_parameters":{"_route":"_wdt","_controller":"web_profiler.controller.profiler::toolbarAction","token":"96eb8e"},"request_uri":"http://127.0.0.1:8000/_wdt/96eb8e","method":"GET"} []
[2019-07-09 19:52:08] php.INFO: Deprecated: Non-static method App\Repository\EmployeeRepository::getSkills() should not be called statically {"exception":"[object] (ErrorException(code: 0): Deprecated: Non-static method App\\Repository\\EmployeeRepository::getSkills() should not be called statically at /var/www/SYMFONY/keyua_symf_test.loc/public/index.php:41)"} []
[2019-07-09 19:52:08] php.CRITICAL: Using $this when not in object context {"exception":"[object] (Symfony\\Component\\Debug\\Exception\\FatalThrowableError(code: 0): Using $this when not in object context at /var/www/SYMFONY/keyua_symf_test.loc/src/Repository/EmployeeRepository.php:41)"} []
[2019-07-09 19:52:08] request.CRITICAL: Uncaught PHP Exception Error: "Using $this when not in object context" at /var/www/SYMFONY/keyua_symf_test.loc/src/Repository/EmployeeRepository.php line 41 {"exception":"[object] (Symfony\\Component\\Debug\\Exception\\FatalThrowableError(code: 0): Using $this when not in object context at /var/www/SYMFONY/keyua_symf_test.loc/src/Repository/EmployeeRepository.php:41)"} []
[2019-07-09 19:52:08] request.INFO: Matched route "_wdt". {"route":"_wdt","route_parameters":{"_route":"_wdt","_controller":"web_profiler.controller.profiler::toolbarAction","token":"aa8a44"},"request_uri":"http://127.0.0.1:8000/_wdt/aa8a44","method":"GET"} []
[2019-07-09 19:52:08] php.INFO: Deprecated: Non-static method App\Repository\EmployeeRepository::getSkills() should not be called statically {"exception":"[object] (ErrorException(code: 0): Deprecated: Non-static method App\\Repository\\EmployeeRepository::getSkills() should not be called statically at /var/www/SYMFONY/keyua_symf_test.loc/public/index.php:41)"} []
[2019-07-09 19:52:08] php.CRITICAL: Using $this when not in object context {"exception":"[object] (Symfony\\Component\\Debug\\Exception\\FatalThrowableError(code: 0): Using $this when not in object context at /var/www/SYMFONY/keyua_symf_test.loc/src/Repository/EmployeeRepository.php:41)"} []
[2019-07-09 19:52:08] request.CRITICAL: Uncaught PHP Exception Error: "Using $this when not in object context" at /var/www/SYMFONY/keyua_symf_test.loc/src/Repository/EmployeeRepository.php line 41 {"exception":"[object] (Symfony\\Component\\Debug\\Exception\\FatalThrowableError(code: 0): Using $this when not in object context at /var/www/SYMFONY/keyua_symf_test.loc/src/Repository/EmployeeRepository.php:41)"} []
[2019-07-09 19:56:32] request.ERROR: Uncaught PHP Exception Symfony\Component\HttpKernel\Exception\NotFoundHttpException: "No route found for "GET /"" at /var/www/SYMFONY/keyua_symf_test.loc/vendor/symfony/http-kernel/EventListener/RouterListener.php line 141 {"exception":"[object] (Symfony\\Component\\HttpKernel\\Exception\\NotFoundHttpException(code: 0): No route found for \"GET /\" at /var/www/SYMFONY/keyua_symf_test.loc/vendor/symfony/http-kernel/EventListener/RouterListener.php:141, Symfony\\Component\\Routing\\Exception\\NoConfigurationException(code: 0):  at /var/www/SYMFONY/keyua_symf_test.loc/vendor/symfony/routing/Matcher/Dumper/CompiledUrlMatcherTrait.php:182)"} []
[2019-07-09 19:56:32] php.INFO: Deprecated: Non-static method App\Repository\EmployeeRepository::getSkills() should not be called statically {"exception":"[object] (ErrorException(code: 0): Deprecated: Non-static method App\\Repository\\EmployeeRepository::getSkills() should not be called statically at /var/www/SYMFONY/keyua_symf_test.loc/public/index.php:41)"} []
[2019-07-09 19:56:32] php.INFO: Deprecated: Non-static method Doctrine\ORM\EntityRepository::createQueryBuilder() should not be called statically {"exception":"[object] (ErrorException(code: 0): Deprecated: Non-static method Doctrine\\ORM\\EntityRepository::createQueryBuilder() should not be called statically at /var/www/SYMFONY/keyua_symf_test.loc/src/Repository/EmployeeRepository.php:42)"} []
[2019-07-09 19:56:32] php.CRITICAL: Using $this when not in object context {"exception":"[object] (Symfony\\Component\\Debug\\Exception\\FatalThrowableError(code: 0): Using $this when not in object context at /var/www/SYMFONY/keyua_symf_test.loc/vendor/doctrine/orm/lib/Doctrine/ORM/EntityRepository.php:81)"} []
[2019-07-09 19:56:32] request.CRITICAL: Uncaught PHP Exception Error: "Using $this when not in object context" at /var/www/SYMFONY/keyua_symf_test.loc/vendor/doctrine/orm/lib/Doctrine/ORM/EntityRepository.php line 81 {"exception":"[object] (Symfony\\Component\\Debug\\Exception\\FatalThrowableError(code: 0): Using $this when not in object context at /var/www/SYMFONY/keyua_symf_test.loc/vendor/doctrine/orm/lib/Doctrine/ORM/EntityRepository.php:81)"} []
[2019-07-09 19:56:33] request.INFO: Matched route "_wdt". {"route":"_wdt","route_parameters":{"_route":"_wdt","_controller":"web_profiler.controller.profiler::toolbarAction","token":"940d9b"},"request_uri":"http://127.0.0.1:8000/_wdt/940d9b","method":"GET"} []
[2019-07-09 19:56:33] php.INFO: Deprecated: Non-static method App\Repository\EmployeeRepository::getSkills() should not be called statically {"exception":"[object] (ErrorException(code: 0): Deprecated: Non-static method App\\Repository\\EmployeeRepository::getSkills() should not be called statically at /var/www/SYMFONY/keyua_symf_test.loc/public/index.php:41)"} []
[2019-07-09 19:56:33] php.INFO: Deprecated: Non-static method Doctrine\ORM\EntityRepository::createQueryBuilder() should not be called statically {"exception":"[object] (ErrorException(code: 0): Deprecated: Non-static method Doctrine\\ORM\\EntityRepository::createQueryBuilder() should not be called statically at /var/www/SYMFONY/keyua_symf_test.loc/src/Repository/EmployeeRepository.php:42)"} []
[2019-07-09 19:56:33] php.CRITICAL: Using $this when not in object context {"exception":"[object] (Symfony\\Component\\Debug\\Exception\\FatalThrowableError(code: 0): Using $this when not in object context at /var/www/SYMFONY/keyua_symf_test.loc/vendor/doctrine/orm/lib/Doctrine/ORM/EntityRepository.php:81)"} []
[2019-07-09 19:56:33] request.CRITICAL: Uncaught PHP Exception Error: "Using $this when not in object context" at /var/www/SYMFONY/keyua_symf_test.loc/vendor/doctrine/orm/lib/Doctrine/ORM/EntityRepository.php line 81 {"exception":"[object] (Symfony\\Component\\Debug\\Exception\\FatalThrowableError(code: 0): Using $this when not in object context at /var/www/SYMFONY/keyua_symf_test.loc/vendor/doctrine/orm/lib/Doctrine/ORM/EntityRepository.php:81)"} []
[2019-07-09 19:56:33] request.INFO: Matched route "_wdt". {"route":"_wdt","route_parameters":{"_route":"_wdt","_controller":"web_profiler.controller.profiler::toolbarAction","token":"6b1aa9"},"request_uri":"http://127.0.0.1:8000/_wdt/6b1aa9","method":"GET"} []
[2019-07-09 19:56:33] php.INFO: Deprecated: Non-static method App\Repository\EmployeeRepository::getSkills() should not be called statically {"exception":"[object] (ErrorException(code: 0): Deprecated: Non-static method App\\Repository\\EmployeeRepository::getSkills() should not be called statically at /var/www/SYMFONY/keyua_symf_test.loc/public/index.php:41)"} []
[2019-07-09 19:56:33] php.INFO: Deprecated: Non-static method Doctrine\ORM\EntityRepository::createQueryBuilder() should not be called statically {"exception":"[object] (ErrorException(code: 0): Deprecated: Non-static method Doctrine\\ORM\\EntityRepository::createQueryBuilder() should not be called statically at /var/www/SYMFONY/keyua_symf_test.loc/src/Repository/EmployeeRepository.php:42)"} []
[2019-07-09 19:56:33] php.CRITICAL: Using $this when not in object context {"exception":"[object] (Symfony\\Component\\Debug\\Exception\\FatalThrowableError(code: 0): Using $this when not in object context at /var/www/SYMFONY/keyua_symf_test.loc/vendor/doctrine/orm/lib/Doctrine/ORM/EntityRepository.php:81)"} []
[2019-07-09 19:56:33] request.CRITICAL: Uncaught PHP Exception Error: "Using $this when not in object context" at /var/www/SYMFONY/keyua_symf_test.loc/vendor/doctrine/orm/lib/Doctrine/ORM/EntityRepository.php line 81 {"exception":"[object] (Symfony\\Component\\Debug\\Exception\\FatalThrowableError(code: 0): Using $this when not in object context at /var/www/SYMFONY/keyua_symf_test.loc/vendor/doctrine/orm/lib/Doctrine/ORM/EntityRepository.php:81)"} []
[2019-07-09 20:05:30] request.ERROR: Uncaught PHP Exception Symfony\Component\HttpKernel\Exception\NotFoundHttpException: "No route found for "GET /"" at /var/www/SYMFONY/keyua_symf_test.loc/vendor/symfony/http-kernel/EventListener/RouterListener.php line 141 {"exception":"[object] (Symfony\\Component\\HttpKernel\\Exception\\NotFoundHttpException(code: 0): No route found for \"GET /\" at /var/www/SYMFONY/keyua_symf_test.loc/vendor/symfony/http-kernel/EventListener/RouterListener.php:141, Symfony\\Component\\Routing\\Exception\\NoConfigurationException(code: 0):  at /var/www/SYMFONY/keyua_symf_test.loc/vendor/symfony/routing/Matcher/Dumper/CompiledUrlMatcherTrait.php:182)"} []
[2019-07-09 20:05:31] php.INFO: Deprecated: Non-static method App\Repository\EmployeeRepository::getSkills() should not be called statically {"exception":"[object] (ErrorException(code: 0): Deprecated: Non-static method App\\Repository\\EmployeeRepository::getSkills() should not be called statically at /var/www/SYMFONY/keyua_symf_test.loc/public/index.php:41)"} []
[2019-07-09 20:05:31] php.CRITICAL: Using $this when not in object context {"exception":"[object] (Symfony\\Component\\Debug\\Exception\\FatalThrowableError(code: 0): Using $this when not in object context at /var/www/SYMFONY/keyua_symf_test.loc/src/Repository/EmployeeRepository.php:41)"} []
[2019-07-09 20:05:31] request.CRITICAL: Uncaught PHP Exception Error: "Using $this when not in object context" at /var/www/SYMFONY/keyua_symf_test.loc/src/Repository/EmployeeRepository.php line 41 {"exception":"[object] (Symfony\\Component\\Debug\\Exception\\FatalThrowableError(code: 0): Using $this when not in object context at /var/www/SYMFONY/keyua_symf_test.loc/src/Repository/EmployeeRepository.php:41)"} []
[2019-07-09 20:05:34] request.INFO: Matched route "_wdt". {"route":"_wdt","route_parameters":{"_route":"_wdt","_controller":"web_profiler.controller.profiler::toolbarAction","token":"bcec1a"},"request_uri":"http://127.0.0.1:8000/_wdt/bcec1a","method":"GET"} []
[2019-07-09 20:05:34] php.INFO: Deprecated: Non-static method App\Repository\EmployeeRepository::getSkills() should not be called statically {"exception":"[object] (ErrorException(code: 0): Deprecated: Non-static method App\\Repository\\EmployeeRepository::getSkills() should not be called statically at /var/www/SYMFONY/keyua_symf_test.loc/public/index.php:41)"} []
[2019-07-09 20:05:34] php.CRITICAL: Using $this when not in object context {"exception":"[object] (Symfony\\Component\\Debug\\Exception\\FatalThrowableError(code: 0): Using $this when not in object context at /var/www/SYMFONY/keyua_symf_test.loc/src/Repository/EmployeeRepository.php:41)"} []
[2019-07-09 20:05:34] request.CRITICAL: Uncaught PHP Exception Error: "Using $this when not in object context" at /var/www/SYMFONY/keyua_symf_test.loc/src/Repository/EmployeeRepository.php line 41 {"exception":"[object] (Symfony\\Component\\Debug\\Exception\\FatalThrowableError(code: 0): Using $this when not in object context at /var/www/SYMFONY/keyua_symf_test.loc/src/Repository/EmployeeRepository.php:41)"} []
[2019-07-09 20:05:34] request.INFO: Matched route "_wdt". {"route":"_wdt","route_parameters":{"_route":"_wdt","_controller":"web_profiler.controller.profiler::toolbarAction","token":"21adad"},"request_uri":"http://127.0.0.1:8000/_wdt/21adad","method":"GET"} []
[2019-07-09 20:05:35] php.INFO: Deprecated: Non-static method App\Repository\EmployeeRepository::getSkills() should not be called statically {"exception":"[object] (ErrorException(code: 0): Deprecated: Non-static method App\\Repository\\EmployeeRepository::getSkills() should not be called statically at /var/www/SYMFONY/keyua_symf_test.loc/public/index.php:41)"} []
[2019-07-09 20:05:35] php.CRITICAL: Using $this when not in object context {"exception":"[object] (Symfony\\Component\\Debug\\Exception\\FatalThrowableError(code: 0): Using $this when not in object context at /var/www/SYMFONY/keyua_symf_test.loc/src/Repository/EmployeeRepository.php:41)"} []
[2019-07-09 20:05:35] request.CRITICAL: Uncaught PHP Exception Error: "Using $this when not in object context" at /var/www/SYMFONY/keyua_symf_test.loc/src/Repository/EmployeeRepository.php line 41 {"exception":"[object] (Symfony\\Component\\Debug\\Exception\\FatalThrowableError(code: 0): Using $this when not in object context at /var/www/SYMFONY/keyua_symf_test.loc/src/Repository/EmployeeRepository.php:41)"} []
[2019-07-09 20:07:09] request.ERROR: Uncaught PHP Exception Symfony\Component\HttpKernel\Exception\NotFoundHttpException: "No route found for "GET /"" at /var/www/SYMFONY/keyua_symf_test.loc/vendor/symfony/http-kernel/EventListener/RouterListener.php line 141 {"exception":"[object] (Symfony\\Component\\HttpKernel\\Exception\\NotFoundHttpException(code: 0): No route found for \"GET /\" at /var/www/SYMFONY/keyua_symf_test.loc/vendor/symfony/http-kernel/EventListener/RouterListener.php:141, Symfony\\Component\\Routing\\Exception\\NoConfigurationException(code: 0):  at /var/www/SYMFONY/keyua_symf_test.loc/vendor/symfony/routing/Matcher/Dumper/CompiledUrlMatcherTrait.php:182)"} []
[2019-07-09 20:07:09] php.INFO: Deprecated: Non-static method App\Repository\EmployeeRepository::getSkills() should not be called statically {"exception":"[object] (ErrorException(code: 0): Deprecated: Non-static method App\\Repository\\EmployeeRepository::getSkills() should not be called statically at /var/www/SYMFONY/keyua_symf_test.loc/public/index.php:41)"} []
[2019-07-09 20:07:09] php.CRITICAL: Using $this when not in object context {"exception":"[object] (Symfony\\Component\\Debug\\Exception\\FatalThrowableError(code: 0): Using $this when not in object context at /var/www/SYMFONY/keyua_symf_test.loc/src/Repository/EmployeeRepository.php:41)"} []
[2019-07-09 20:07:09] request.CRITICAL: Uncaught PHP Exception Error: "Using $this when not in object context" at /var/www/SYMFONY/keyua_symf_test.loc/src/Repository/EmployeeRepository.php line 41 {"exception":"[object] (Symfony\\Component\\Debug\\Exception\\FatalThrowableError(code: 0): Using $this when not in object context at /var/www/SYMFONY/keyua_symf_test.loc/src/Repository/EmployeeRepository.php:41)"} []
[2019-07-09 20:07:09] request.INFO: Matched route "_wdt". {"route":"_wdt","route_parameters":{"_route":"_wdt","_controller":"web_profiler.controller.profiler::toolbarAction","token":"266dce"},"request_uri":"http://127.0.0.1:8000/_wdt/266dce","method":"GET"} []
[2019-07-09 20:07:09] php.INFO: Deprecated: Non-static method App\Repository\EmployeeRepository::getSkills() should not be called statically {"exception":"[object] (ErrorException(code: 0): Deprecated: Non-static method App\\Repository\\EmployeeRepository::getSkills() should not be called statically at /var/www/SYMFONY/keyua_symf_test.loc/public/index.php:41)"} []
[2019-07-09 20:07:09] php.CRITICAL: Using $this when not in object context {"exception":"[object] (Symfony\\Component\\Debug\\Exception\\FatalThrowableError(code: 0): Using $this when not in object context at /var/www/SYMFONY/keyua_symf_test.loc/src/Repository/EmployeeRepository.php:41)"} []
[2019-07-09 20:07:09] request.CRITICAL: Uncaught PHP Exception Error: "Using $this when not in object context" at /var/www/SYMFONY/keyua_symf_test.loc/src/Repository/EmployeeRepository.php line 41 {"exception":"[object] (Symfony\\Component\\Debug\\Exception\\FatalThrowableError(code: 0): Using $this when not in object context at /var/www/SYMFONY/keyua_symf_test.loc/src/Repository/EmployeeRepository.php:41)"} []
[2019-07-09 20:07:09] request.INFO: Matched route "_wdt". {"route":"_wdt","route_parameters":{"_route":"_wdt","_controller":"web_profiler.controller.profiler::toolbarAction","token":"f87289"},"request_uri":"http://127.0.0.1:8000/_wdt/f87289","method":"GET"} []
[2019-07-09 20:07:09] php.INFO: Deprecated: Non-static method App\Repository\EmployeeRepository::getSkills() should not be called statically {"exception":"[object] (ErrorException(code: 0): Deprecated: Non-static method App\\Repository\\EmployeeRepository::getSkills() should not be called statically at /var/www/SYMFONY/keyua_symf_test.loc/public/index.php:41)"} []
[2019-07-09 20:07:09] php.CRITICAL: Using $this when not in object context {"exception":"[object] (Symfony\\Component\\Debug\\Exception\\FatalThrowableError(code: 0): Using $this when not in object context at /var/www/SYMFONY/keyua_symf_test.loc/src/Repository/EmployeeRepository.php:41)"} []
[2019-07-09 20:07:09] request.CRITICAL: Uncaught PHP Exception Error: "Using $this when not in object context" at /var/www/SYMFONY/keyua_symf_test.loc/src/Repository/EmployeeRepository.php line 41 {"exception":"[object] (Symfony\\Component\\Debug\\Exception\\FatalThrowableError(code: 0): Using $this when not in object context at /var/www/SYMFONY/keyua_symf_test.loc/src/Repository/EmployeeRepository.php:41)"} []
[2019-07-09 20:13:39] request.ERROR: Uncaught PHP Exception Symfony\Component\HttpKernel\Exception\NotFoundHttpException: "No route found for "GET /"" at /var/www/SYMFONY/keyua_symf_test.loc/vendor/symfony/http-kernel/EventListener/RouterListener.php line 141 {"exception":"[object] (Symfony\\Component\\HttpKernel\\Exception\\NotFoundHttpException(code: 0): No route found for \"GET /\" at /var/www/SYMFONY/keyua_symf_test.loc/vendor/symfony/http-kernel/EventListener/RouterListener.php:141, Symfony\\Component\\Routing\\Exception\\NoConfigurationException(code: 0):  at /var/www/SYMFONY/keyua_symf_test.loc/vendor/symfony/routing/Matcher/Dumper/CompiledUrlMatcherTrait.php:182)"} []
[2019-07-09 20:13:39] php.INFO: Deprecated: Non-static method App\Repository\EmployeeRepository::getSkills() should not be called statically {"exception":"[object] (ErrorException(code: 0): Deprecated: Non-static method App\\Repository\\EmployeeRepository::getSkills() should not be called statically at /var/www/SYMFONY/keyua_symf_test.loc/public/index.php:41)"} []
[2019-07-09 20:13:39] php.CRITICAL: Using $this when not in object context {"exception":"[object] (Symfony\\Component\\Debug\\Exception\\FatalThrowableError(code: 0): Using $this when not in object context at /var/www/SYMFONY/keyua_symf_test.loc/src/Repository/EmployeeRepository.php:44)"} []
[2019-07-09 20:13:39] request.CRITICAL: Uncaught PHP Exception Error: "Using $this when not in object context" at /var/www/SYMFONY/keyua_symf_test.loc/src/Repository/EmployeeRepository.php line 44 {"exception":"[object] (Symfony\\Component\\Debug\\Exception\\FatalThrowableError(code: 0): Using $this when not in object context at /var/www/SYMFONY/keyua_symf_test.loc/src/Repository/EmployeeRepository.php:44)"} []
[2019-07-09 20:13:39] request.INFO: Matched route "_wdt". {"route":"_wdt","route_parameters":{"_route":"_wdt","_controller":"web_profiler.controller.profiler::toolbarAction","token":"ff8a50"},"request_uri":"http://127.0.0.1:8000/_wdt/ff8a50","method":"GET"} []
[2019-07-09 20:13:39] php.INFO: Deprecated: Non-static method App\Repository\EmployeeRepository::getSkills() should not be called statically {"exception":"[object] (ErrorException(code: 0): Deprecated: Non-static method App\\Repository\\EmployeeRepository::getSkills() should not be called statically at /var/www/SYMFONY/keyua_symf_test.loc/public/index.php:41)"} []
[2019-07-09 20:13:39] php.CRITICAL: Using $this when not in object context {"exception":"[object] (Symfony\\Component\\Debug\\Exception\\FatalThrowableError(code: 0): Using $this when not in object context at /var/www/SYMFONY/keyua_symf_test.loc/src/Repository/EmployeeRepository.php:44)"} []
[2019-07-09 20:13:39] request.CRITICAL: Uncaught PHP Exception Error: "Using $this when not in object context" at /var/www/SYMFONY/keyua_symf_test.loc/src/Repository/EmployeeRepository.php line 44 {"exception":"[object] (Symfony\\Component\\Debug\\Exception\\FatalThrowableError(code: 0): Using $this when not in object context at /var/www/SYMFONY/keyua_symf_test.loc/src/Repository/EmployeeRepository.php:44)"} []
[2019-07-09 20:13:39] request.INFO: Matched route "_wdt". {"route":"_wdt","route_parameters":{"_route":"_wdt","_controller":"web_profiler.controller.profiler::toolbarAction","token":"73dfae"},"request_uri":"http://127.0.0.1:8000/_wdt/73dfae","method":"GET"} []
[2019-07-09 20:13:39] php.INFO: Deprecated: Non-static method App\Repository\EmployeeRepository::getSkills() should not be called statically {"exception":"[object] (ErrorException(code: 0): Deprecated: Non-static method App\\Repository\\EmployeeRepository::getSkills() should not be called statically at /var/www/SYMFONY/keyua_symf_test.loc/public/index.php:41)"} []
[2019-07-09 20:13:39] php.CRITICAL: Using $this when not in object context {"exception":"[object] (Symfony\\Component\\Debug\\Exception\\FatalThrowableError(code: 0): Using $this when not in object context at /var/www/SYMFONY/keyua_symf_test.loc/src/Repository/EmployeeRepository.php:44)"} []
[2019-07-09 20:13:39] request.CRITICAL: Uncaught PHP Exception Error: "Using $this when not in object context" at /var/www/SYMFONY/keyua_symf_test.loc/src/Repository/EmployeeRepository.php line 44 {"exception":"[object] (Symfony\\Component\\Debug\\Exception\\FatalThrowableError(code: 0): Using $this when not in object context at /var/www/SYMFONY/keyua_symf_test.loc/src/Repository/EmployeeRepository.php:44)"} []
[2019-07-09 20:19:36] request.ERROR: Uncaught PHP Exception Symfony\Component\HttpKernel\Exception\NotFoundHttpException: "No route found for "GET /"" at /var/www/SYMFONY/keyua_symf_test.loc/vendor/symfony/http-kernel/EventListener/RouterListener.php line 141 {"exception":"[object] (Symfony\\Component\\HttpKernel\\Exception\\NotFoundHttpException(code: 0): No route found for \"GET /\" at /var/www/SYMFONY/keyua_symf_test.loc/vendor/symfony/http-kernel/EventListener/RouterListener.php:141, Symfony\\Component\\Routing\\Exception\\NoConfigurationException(code: 0):  at /var/www/SYMFONY/keyua_symf_test.loc/vendor/symfony/routing/Matcher/Dumper/CompiledUrlMatcherTrait.php:182)"} []
[2019-07-09 20:19:36] php.INFO: Deprecated: Non-static method App\Repository\EmployeeRepository::getSkills() should not be called statically {"exception":"[object] (ErrorException(code: 0): Deprecated: Non-static method App\\Repository\\EmployeeRepository::getSkills() should not be called statically at /var/www/SYMFONY/keyua_symf_test.loc/public/index.php:41)"} []
[2019-07-09 20:19:36] php.INFO: Deprecated: Non-static method Doctrine\ORM\EntityRepository::createQueryBuilder() should not be called statically {"exception":"[object] (ErrorException(code: 0): Deprecated: Non-static method Doctrine\\ORM\\EntityRepository::createQueryBuilder() should not be called statically at /var/www/SYMFONY/keyua_symf_test.loc/src/Repository/EmployeeRepository.php:45)"} []
[2019-07-09 20:19:36] php.CRITICAL: Using $this when not in object context {"exception":"[object] (Symfony\\Component\\Debug\\Exception\\FatalThrowableError(code: 0): Using $this when not in object context at /var/www/SYMFONY/keyua_symf_test.loc/vendor/doctrine/orm/lib/Doctrine/ORM/EntityRepository.php:81)"} []
[2019-07-09 20:19:36] request.CRITICAL: Uncaught PHP Exception Error: "Using $this when not in object context" at /var/www/SYMFONY/keyua_symf_test.loc/vendor/doctrine/orm/lib/Doctrine/ORM/EntityRepository.php line 81 {"exception":"[object] (Symfony\\Component\\Debug\\Exception\\FatalThrowableError(code: 0): Using $this when not in object context at /var/www/SYMFONY/keyua_symf_test.loc/vendor/doctrine/orm/lib/Doctrine/ORM/EntityRepository.php:81)"} []
[2019-07-09 20:19:37] request.INFO: Matched route "_wdt". {"route":"_wdt","route_parameters":{"_route":"_wdt","_controller":"web_profiler.controller.profiler::toolbarAction","token":"09e1ce"},"request_uri":"http://127.0.0.1:8000/_wdt/09e1ce","method":"GET"} []
[2019-07-09 20:19:37] php.INFO: Deprecated: Non-static method App\Repository\EmployeeRepository::getSkills() should not be called statically {"exception":"[object] (ErrorException(code: 0): Deprecated: Non-static method App\\Repository\\EmployeeRepository::getSkills() should not be called statically at /var/www/SYMFONY/keyua_symf_test.loc/public/index.php:41)"} []
[2019-07-09 20:19:37] php.INFO: Deprecated: Non-static method Doctrine\ORM\EntityRepository::createQueryBuilder() should not be called statically {"exception":"[object] (ErrorException(code: 0): Deprecated: Non-static method Doctrine\\ORM\\EntityRepository::createQueryBuilder() should not be called statically at /var/www/SYMFONY/keyua_symf_test.loc/src/Repository/EmployeeRepository.php:45)"} []
[2019-07-09 20:19:37] php.CRITICAL: Using $this when not in object context {"exception":"[object] (Symfony\\Component\\Debug\\Exception\\FatalThrowableError(code: 0): Using $this when not in object context at /var/www/SYMFONY/keyua_symf_test.loc/vendor/doctrine/orm/lib/Doctrine/ORM/EntityRepository.php:81)"} []
[2019-07-09 20:19:37] request.CRITICAL: Uncaught PHP Exception Error: "Using $this when not in object context" at /var/www/SYMFONY/keyua_symf_test.loc/vendor/doctrine/orm/lib/Doctrine/ORM/EntityRepository.php line 81 {"exception":"[object] (Symfony\\Component\\Debug\\Exception\\FatalThrowableError(code: 0): Using $this when not in object context at /var/www/SYMFONY/keyua_symf_test.loc/vendor/doctrine/orm/lib/Doctrine/ORM/EntityRepository.php:81)"} []
[2019-07-09 20:19:37] request.INFO: Matched route "_wdt". {"route":"_wdt","route_parameters":{"_route":"_wdt","_controller":"web_profiler.controller.profiler::toolbarAction","token":"81454d"},"request_uri":"http://127.0.0.1:8000/_wdt/81454d","method":"GET"} []
[2019-07-09 20:19:37] php.INFO: Deprecated: Non-static method App\Repository\EmployeeRepository::getSkills() should not be called statically {"exception":"[object] (ErrorException(code: 0): Deprecated: Non-static method App\\Repository\\EmployeeRepository::getSkills() should not be called statically at /var/www/SYMFONY/keyua_symf_test.loc/public/index.php:41)"} []
[2019-07-09 20:19:37] php.INFO: Deprecated: Non-static method Doctrine\ORM\EntityRepository::createQueryBuilder() should not be called statically {"exception":"[object] (ErrorException(code: 0): Deprecated: Non-static method Doctrine\\ORM\\EntityRepository::createQueryBuilder() should not be called statically at /var/www/SYMFONY/keyua_symf_test.loc/src/Repository/EmployeeRepository.php:45)"} []
[2019-07-09 20:19:37] php.CRITICAL: Using $this when not in object context {"exception":"[object] (Symfony\\Component\\Debug\\Exception\\FatalThrowableError(code: 0): Using $this when not in object context at /var/www/SYMFONY/keyua_symf_test.loc/vendor/doctrine/orm/lib/Doctrine/ORM/EntityRepository.php:81)"} []
[2019-07-09 20:19:37] request.CRITICAL: Uncaught PHP Exception Error: "Using $this when not in object context" at /var/www/SYMFONY/keyua_symf_test.loc/vendor/doctrine/orm/lib/Doctrine/ORM/EntityRepository.php line 81 {"exception":"[object] (Symfony\\Component\\Debug\\Exception\\FatalThrowableError(code: 0): Using $this when not in object context at /var/www/SYMFONY/keyua_symf_test.loc/vendor/doctrine/orm/lib/Doctrine/ORM/EntityRepository.php:81)"} []
[2019-07-09 20:22:11] request.ERROR: Uncaught PHP Exception Symfony\Component\HttpKernel\Exception\NotFoundHttpException: "No route found for "GET /"" at /var/www/SYMFONY/keyua_symf_test.loc/vendor/symfony/http-kernel/EventListener/RouterListener.php line 141 {"exception":"[object] (Symfony\\Component\\HttpKernel\\Exception\\NotFoundHttpException(code: 0): No route found for \"GET /\" at /var/www/SYMFONY/keyua_symf_test.loc/vendor/symfony/http-kernel/EventListener/RouterListener.php:141, Symfony\\Component\\Routing\\Exception\\NoConfigurationException(code: 0):  at /var/www/SYMFONY/keyua_symf_test.loc/vendor/symfony/routing/Matcher/Dumper/CompiledUrlMatcherTrait.php:182)"} []
[2019-07-09 20:22:11] php.INFO: Deprecated: Non-static method App\Repository\EmployeeRepository::getSkills() should not be called statically {"exception":"[object] (ErrorException(code: 0): Deprecated: Non-static method App\\Repository\\EmployeeRepository::getSkills() should not be called statically at /var/www/SYMFONY/keyua_symf_test.loc/public/index.php:41)"} []
[2019-07-09 20:22:11] php.CRITICAL: Using $this when not in object context {"exception":"[object] (Symfony\\Component\\Debug\\Exception\\FatalThrowableError(code: 0): Using $this when not in object context at /var/www/SYMFONY/keyua_symf_test.loc/src/Repository/EmployeeRepository.php:44)"} []
[2019-07-09 20:22:11] request.CRITICAL: Uncaught PHP Exception Error: "Using $this when not in object context" at /var/www/SYMFONY/keyua_symf_test.loc/src/Repository/EmployeeRepository.php line 44 {"exception":"[object] (Symfony\\Component\\Debug\\Exception\\FatalThrowableError(code: 0): Using $this when not in object context at /var/www/SYMFONY/keyua_symf_test.loc/src/Repository/EmployeeRepository.php:44)"} []
[2019-07-09 20:22:11] request.INFO: Matched route "_wdt". {"route":"_wdt","route_parameters":{"_route":"_wdt","_controller":"web_profiler.controller.profiler::toolbarAction","token":"b26eec"},"request_uri":"http://127.0.0.1:8000/_wdt/b26eec","method":"GET"} []
[2019-07-09 20:22:11] php.INFO: Deprecated: Non-static method App\Repository\EmployeeRepository::getSkills() should not be called statically {"exception":"[object] (ErrorException(code: 0): Deprecated: Non-static method App\\Repository\\EmployeeRepository::getSkills() should not be called statically at /var/www/SYMFONY/keyua_symf_test.loc/public/index.php:41)"} []
[2019-07-09 20:22:11] php.CRITICAL: Using $this when not in object context {"exception":"[object] (Symfony\\Component\\Debug\\Exception\\FatalThrowableError(code: 0): Using $this when not in object context at /var/www/SYMFONY/keyua_symf_test.loc/src/Repository/EmployeeRepository.php:44)"} []
[2019-07-09 20:22:11] request.CRITICAL: Uncaught PHP Exception Error: "Using $this when not in object context" at /var/www/SYMFONY/keyua_symf_test.loc/src/Repository/EmployeeRepository.php line 44 {"exception":"[object] (Symfony\\Component\\Debug\\Exception\\FatalThrowableError(code: 0): Using $this when not in object context at /var/www/SYMFONY/keyua_symf_test.loc/src/Repository/EmployeeRepository.php:44)"} []
[2019-07-09 20:22:11] request.INFO: Matched route "_wdt". {"route":"_wdt","route_parameters":{"_route":"_wdt","_controller":"web_profiler.controller.profiler::toolbarAction","token":"88afa2"},"request_uri":"http://127.0.0.1:8000/_wdt/88afa2","method":"GET"} []
[2019-07-09 20:22:11] php.INFO: Deprecated: Non-static method App\Repository\EmployeeRepository::getSkills() should not be called statically {"exception":"[object] (ErrorException(code: 0): Deprecated: Non-static method App\\Repository\\EmployeeRepository::getSkills() should not be called statically at /var/www/SYMFONY/keyua_symf_test.loc/public/index.php:41)"} []
[2019-07-09 20:22:11] php.CRITICAL: Using $this when not in object context {"exception":"[object] (Symfony\\Component\\Debug\\Exception\\FatalThrowableError(code: 0): Using $this when not in object context at /var/www/SYMFONY/keyua_symf_test.loc/src/Repository/EmployeeRepository.php:44)"} []
[2019-07-09 20:22:11] request.CRITICAL: Uncaught PHP Exception Error: "Using $this when not in object context" at /var/www/SYMFONY/keyua_symf_test.loc/src/Repository/EmployeeRepository.php line 44 {"exception":"[object] (Symfony\\Component\\Debug\\Exception\\FatalThrowableError(code: 0): Using $this when not in object context at /var/www/SYMFONY/keyua_symf_test.loc/src/Repository/EmployeeRepository.php:44)"} []
[2019-07-10 16:20:58] request.ERROR: Uncaught PHP Exception Symfony\Component\HttpKernel\Exception\NotFoundHttpException: "No route found for "GET /"" at /var/www/SYMFONY/keyua_symf_test.loc/vendor/symfony/http-kernel/EventListener/RouterListener.php line 141 {"exception":"[object] (Symfony\\Component\\HttpKernel\\Exception\\NotFoundHttpException(code: 0): No route found for \"GET /\" at /var/www/SYMFONY/keyua_symf_test.loc/vendor/symfony/http-kernel/EventListener/RouterListener.php:141, Symfony\\Component\\Routing\\Exception\\NoConfigurationException(code: 0):  at /var/www/SYMFONY/keyua_symf_test.loc/vendor/symfony/routing/Matcher/Dumper/CompiledUrlMatcherTrait.php:182)"} []
[2019-07-10 16:21:02] php.INFO: Deprecated: Non-static method App\Repository\EmployeeRepository::getSkills() should not be called statically {"exception":"[object] (ErrorException(code: 0): Deprecated: Non-static method App\\Repository\\EmployeeRepository::getSkills() should not be called statically at /var/www/SYMFONY/keyua_symf_test.loc/public/index.php:41)"} []
[2019-07-10 16:21:02] php.CRITICAL: Using $this when not in object context {"exception":"[object] (Symfony\\Component\\Debug\\Exception\\FatalThrowableError(code: 0): Using $this when not in object context at /var/www/SYMFONY/keyua_symf_test.loc/src/Repository/EmployeeRepository.php:44)"} []
[2019-07-10 16:21:02] request.CRITICAL: Uncaught PHP Exception Error: "Using $this when not in object context" at /var/www/SYMFONY/keyua_symf_test.loc/src/Repository/EmployeeRepository.php line 44 {"exception":"[object] (Symfony\\Component\\Debug\\Exception\\FatalThrowableError(code: 0): Using $this when not in object context at /var/www/SYMFONY/keyua_symf_test.loc/src/Repository/EmployeeRepository.php:44)"} []
[2019-07-10 16:21:05] request.INFO: Matched route "_wdt". {"route":"_wdt","route_parameters":{"_route":"_wdt","_controller":"web_profiler.controller.profiler::toolbarAction","token":"84bba5"},"request_uri":"http://127.0.0.1:8000/_wdt/84bba5","method":"GET"} []
[2019-07-10 16:21:06] php.INFO: Deprecated: Non-static method App\Repository\EmployeeRepository::getSkills() should not be called statically {"exception":"[object] (ErrorException(code: 0): Deprecated: Non-static method App\\Repository\\EmployeeRepository::getSkills() should not be called statically at /var/www/SYMFONY/keyua_symf_test.loc/public/index.php:41)"} []
[2019-07-10 16:21:06] php.CRITICAL: Using $this when not in object context {"exception":"[object] (Symfony\\Component\\Debug\\Exception\\FatalThrowableError(code: 0): Using $this when not in object context at /var/www/SYMFONY/keyua_symf_test.loc/src/Repository/EmployeeRepository.php:44)"} []
[2019-07-10 16:21:06] request.CRITICAL: Uncaught PHP Exception Error: "Using $this when not in object context" at /var/www/SYMFONY/keyua_symf_test.loc/src/Repository/EmployeeRepository.php line 44 {"exception":"[object] (Symfony\\Component\\Debug\\Exception\\FatalThrowableError(code: 0): Using $this when not in object context at /var/www/SYMFONY/keyua_symf_test.loc/src/Repository/EmployeeRepository.php:44)"} []
[2019-07-10 16:21:06] request.ERROR: Uncaught PHP Exception Symfony\Component\HttpKernel\Exception\NotFoundHttpException: "No route found for "GET /favicon.ico"" at /var/www/SYMFONY/keyua_symf_test.loc/vendor/symfony/http-kernel/EventListener/RouterListener.php line 141 {"exception":"[object] (Symfony\\Component\\HttpKernel\\Exception\\NotFoundHttpException(code: 0): No route found for \"GET /favicon.ico\" at /var/www/SYMFONY/keyua_symf_test.loc/vendor/symfony/http-kernel/EventListener/RouterListener.php:141, Symfony\\Component\\Routing\\Exception\\ResourceNotFoundException(code: 0): No routes found for \"/favicon.ico/\". at /var/www/SYMFONY/keyua_symf_test.loc/vendor/symfony/routing/Matcher/Dumper/CompiledUrlMatcherTrait.php:70)"} []
[2019-07-10 16:21:06] request.INFO: Matched route "_wdt". {"route":"_wdt","route_parameters":{"_route":"_wdt","_controller":"web_profiler.controller.profiler::toolbarAction","token":"869c73"},"request_uri":"http://127.0.0.1:8000/_wdt/869c73","method":"GET"} []
[2019-07-10 16:21:06] php.INFO: Deprecated: Non-static method App\Repository\EmployeeRepository::getSkills() should not be called statically {"exception":"[object] (ErrorException(code: 0): Deprecated: Non-static method App\\Repository\\EmployeeRepository::getSkills() should not be called statically at /var/www/SYMFONY/keyua_symf_test.loc/public/index.php:41)"} []
[2019-07-10 16:21:06] php.CRITICAL: Using $this when not in object context {"exception":"[object] (Symfony\\Component\\Debug\\Exception\\FatalThrowableError(code: 0): Using $this when not in object context at /var/www/SYMFONY/keyua_symf_test.loc/src/Repository/EmployeeRepository.php:44)"} []
[2019-07-10 16:21:06] request.CRITICAL: Uncaught PHP Exception Error: "Using $this when not in object context" at /var/www/SYMFONY/keyua_symf_test.loc/src/Repository/EmployeeRepository.php line 44 {"exception":"[object] (Symfony\\Component\\Debug\\Exception\\FatalThrowableError(code: 0): Using $this when not in object context at /var/www/SYMFONY/keyua_symf_test.loc/src/Repository/EmployeeRepository.php:44)"} []
[2019-07-10 17:20:53] request.ERROR: Uncaught PHP Exception Symfony\Component\HttpKernel\Exception\NotFoundHttpException: "No route found for "GET /"" at /var/www/SYMFONY/keyua_symf_test.loc/vendor/symfony/http-kernel/EventListener/RouterListener.php line 141 {"exception":"[object] (Symfony\\Component\\HttpKernel\\Exception\\NotFoundHttpException(code: 0): No route found for \"GET /\" at /var/www/SYMFONY/keyua_symf_test.loc/vendor/symfony/http-kernel/EventListener/RouterListener.php:141, Symfony\\Component\\Routing\\Exception\\NoConfigurationException(code: 0):  at /var/www/SYMFONY/keyua_symf_test.loc/vendor/symfony/routing/Matcher/Dumper/CompiledUrlMatcherTrait.php:182)"} []
[2019-07-10 17:20:54] php.INFO: Deprecated: Non-static method App\Repository\EmployeeRepository::getSkills() should not be called statically {"exception":"[object] (ErrorException(code: 0): Deprecated: Non-static method App\\Repository\\EmployeeRepository::getSkills() should not be called statically at /var/www/SYMFONY/keyua_symf_test.loc/public/index.php:41)"} []
[2019-07-10 17:20:54] php.CRITICAL: Too few arguments to function App\Repository\EmployeeRepository::getSkills(), 1 passed in /var/www/SYMFONY/keyua_symf_test.loc/public/index.php on line 41 and exactly 2 expected {"exception":"[object] (Symfony\\Component\\Debug\\Exception\\FatalThrowableError(code: 0): Too few arguments to function App\\Repository\\EmployeeRepository::getSkills(), 1 passed in /var/www/SYMFONY/keyua_symf_test.loc/public/index.php on line 41 and exactly 2 expected at /var/www/SYMFONY/keyua_symf_test.loc/src/Repository/EmployeeRepository.php:49)"} []
[2019-07-10 17:20:54] request.CRITICAL: Uncaught PHP Exception ArgumentCountError: "Too few arguments to function App\Repository\EmployeeRepository::getSkills(), 1 passed in /var/www/SYMFONY/keyua_symf_test.loc/public/index.php on line 41 and exactly 2 expected" at /var/www/SYMFONY/keyua_symf_test.loc/src/Repository/EmployeeRepository.php line 49 {"exception":"[object] (Symfony\\Component\\Debug\\Exception\\FatalThrowableError(code: 0): Too few arguments to function App\\Repository\\EmployeeRepository::getSkills(), 1 passed in /var/www/SYMFONY/keyua_symf_test.loc/public/index.php on line 41 and exactly 2 expected at /var/www/SYMFONY/keyua_symf_test.loc/src/Repository/EmployeeRepository.php:49)"} []
[2019-07-10 17:33:53] request.ERROR: Uncaught PHP Exception Symfony\Component\HttpKernel\Exception\NotFoundHttpException: "No route found for "GET /"" at /var/www/SYMFONY/keyua_symf_test.loc/vendor/symfony/http-kernel/EventListener/RouterListener.php line 141 {"exception":"[object] (Symfony\\Component\\HttpKernel\\Exception\\NotFoundHttpException(code: 0): No route found for \"GET /\" at /var/www/SYMFONY/keyua_symf_test.loc/vendor/symfony/http-kernel/EventListener/RouterListener.php:141, Symfony\\Component\\Routing\\Exception\\NoConfigurationException(code: 0):  at /var/www/SYMFONY/keyua_symf_test.loc/vendor/symfony/routing/Matcher/Dumper/CompiledUrlMatcherTrait.php:182)"} []
[2019-07-10 17:33:55] php.INFO: Deprecated: Non-static method App\Repository\EmployeeRepository::getSkills() should not be called statically {"exception":"[object] (ErrorException(code: 0): Deprecated: Non-static method App\\Repository\\EmployeeRepository::getSkills() should not be called statically at /var/www/SYMFONY/keyua_symf_test.loc/public/index.php:41)"} []
[2019-07-10 17:33:55] php.CRITICAL: Uncaught Notice: Undefined variable: registry {"exception":"[object] (ErrorException(code: 0): Notice: Undefined variable: registry at /var/www/SYMFONY/keyua_symf_test.loc/public/index.php:41)"} []
[2019-07-10 17:33:55] request.CRITICAL: Uncaught PHP Exception ErrorException: "Notice: Undefined variable: registry" at /var/www/SYMFONY/keyua_symf_test.loc/public/index.php line 41 {"exception":"[object] (ErrorException(code: 0): Notice: Undefined variable: registry at /var/www/SYMFONY/keyua_symf_test.loc/public/index.php:41)"} []
[2019-07-10 17:34:43] request.ERROR: Uncaught PHP Exception Symfony\Component\HttpKernel\Exception\NotFoundHttpException: "No route found for "GET /"" at /var/www/SYMFONY/keyua_symf_test.loc/vendor/symfony/http-kernel/EventListener/RouterListener.php line 141 {"exception":"[object] (Symfony\\Component\\HttpKernel\\Exception\\NotFoundHttpException(code: 0): No route found for \"GET /\" at /var/www/SYMFONY/keyua_symf_test.loc/vendor/symfony/http-kernel/EventListener/RouterListener.php:141, Symfony\\Component\\Routing\\Exception\\NoConfigurationException(code: 0):  at /var/www/SYMFONY/keyua_symf_test.loc/vendor/symfony/routing/Matcher/Dumper/CompiledUrlMatcherTrait.php:182)"} []
[2019-07-10 17:34:43] php.INFO: Deprecated: Non-static method App\Repository\EmployeeRepository::getSkills() should not be called statically {"exception":"[object] (ErrorException(code: 0): Deprecated: Non-static method App\\Repository\\EmployeeRepository::getSkills() should not be called statically at /var/www/SYMFONY/keyua_symf_test.loc/public/index.php:41)"} []
[2019-07-10 17:34:43] php.CRITICAL: Using $this when not in object context {"exception":"[object] (Symfony\\Component\\Debug\\Exception\\FatalThrowableError(code: 0): Using $this when not in object context at /var/www/SYMFONY/keyua_symf_test.loc/src/Repository/EmployeeRepository.php:56)"} []
[2019-07-10 17:34:43] request.CRITICAL: Uncaught PHP Exception Error: "Using $this when not in object context" at /var/www/SYMFONY/keyua_symf_test.loc/src/Repository/EmployeeRepository.php line 56 {"exception":"[object] (Symfony\\Component\\Debug\\Exception\\FatalThrowableError(code: 0): Using $this when not in object context at /var/www/SYMFONY/keyua_symf_test.loc/src/Repository/EmployeeRepository.php:56)"} []
[2019-07-10 17:37:32] request.ERROR: Uncaught PHP Exception Symfony\Component\HttpKernel\Exception\NotFoundHttpException: "No route found for "GET /"" at /var/www/SYMFONY/keyua_symf_test.loc/vendor/symfony/http-kernel/EventListener/RouterListener.php line 141 {"exception":"[object] (Symfony\\Component\\HttpKernel\\Exception\\NotFoundHttpException(code: 0): No route found for \"GET /\" at /var/www/SYMFONY/keyua_symf_test.loc/vendor/symfony/http-kernel/EventListener/RouterListener.php:141, Symfony\\Component\\Routing\\Exception\\NoConfigurationException(code: 0):  at /var/www/SYMFONY/keyua_symf_test.loc/vendor/symfony/routing/Matcher/Dumper/CompiledUrlMatcherTrait.php:182)"} []
[2019-07-10 17:37:32] php.INFO: Deprecated: Non-static method App\Repository\EmployeeRepository::getSkills() should not be called statically {"exception":"[object] (ErrorException(code: 0): Deprecated: Non-static method App\\Repository\\EmployeeRepository::getSkills() should not be called statically at /var/www/SYMFONY/keyua_symf_test.loc/public/index.php:41)"} []
[2019-07-10 17:37:32] php.CRITICAL: Too few arguments to function App\Repository\EmployeeRepository::getSkills(), 1 passed in /var/www/SYMFONY/keyua_symf_test.loc/public/index.php on line 41 and exactly 2 expected {"exception":"[object] (Symfony\\Component\\Debug\\Exception\\FatalThrowableError(code: 0): Too few arguments to function App\\Repository\\EmployeeRepository::getSkills(), 1 passed in /var/www/SYMFONY/keyua_symf_test.loc/public/index.php on line 41 and exactly 2 expected at /var/www/SYMFONY/keyua_symf_test.loc/src/Repository/EmployeeRepository.php:51)"} []
[2019-07-10 17:37:32] request.CRITICAL: Uncaught PHP Exception ArgumentCountError: "Too few arguments to function App\Repository\EmployeeRepository::getSkills(), 1 passed in /var/www/SYMFONY/keyua_symf_test.loc/public/index.php on line 41 and exactly 2 expected" at /var/www/SYMFONY/keyua_symf_test.loc/src/Repository/EmployeeRepository.php line 51 {"exception":"[object] (Symfony\\Component\\Debug\\Exception\\FatalThrowableError(code: 0): Too few arguments to function App\\Repository\\EmployeeRepository::getSkills(), 1 passed in /var/www/SYMFONY/keyua_symf_test.loc/public/index.php on line 41 and exactly 2 expected at /var/www/SYMFONY/keyua_symf_test.loc/src/Repository/EmployeeRepository.php:51)"} []
[2019-07-10 17:42:01] request.ERROR: Uncaught PHP Exception Symfony\Component\HttpKernel\Exception\NotFoundHttpException: "No route found for "GET /"" at /var/www/SYMFONY/keyua_symf_test.loc/vendor/symfony/http-kernel/EventListener/RouterListener.php line 141 {"exception":"[object] (Symfony\\Component\\HttpKernel\\Exception\\NotFoundHttpException(code: 0): No route found for \"GET /\" at /var/www/SYMFONY/keyua_symf_test.loc/vendor/symfony/http-kernel/EventListener/RouterListener.php:141, Symfony\\Component\\Routing\\Exception\\NoConfigurationException(code: 0):  at /var/www/SYMFONY/keyua_symf_test.loc/vendor/symfony/routing/Matcher/Dumper/CompiledUrlMatcherTrait.php:182)"} []
[2019-07-10 17:42:01] php.CRITICAL: Using $this when not in object context {"exception":"[object] (Symfony\\Component\\Debug\\Exception\\FatalThrowableError(code: 0): Using $this when not in object context at /var/www/SYMFONY/keyua_symf_test.loc/public/index.php:38)"} []
[2019-07-10 17:42:01] request.CRITICAL: Uncaught PHP Exception Error: "Using $this when not in object context" at /var/www/SYMFONY/keyua_symf_test.loc/public/index.php line 38 {"exception":"[object] (Symfony\\Component\\Debug\\Exception\\FatalThrowableError(code: 0): Using $this when not in object context at /var/www/SYMFONY/keyua_symf_test.loc/public/index.php:38)"} []
[2019-07-10 17:46:44] request.ERROR: Uncaught PHP Exception Symfony\Component\HttpKernel\Exception\NotFoundHttpException: "No route found for "GET /"" at /var/www/SYMFONY/keyua_symf_test.loc/vendor/symfony/http-kernel/EventListener/RouterListener.php line 141 {"exception":"[object] (Symfony\\Component\\HttpKernel\\Exception\\NotFoundHttpException(code: 0): No route found for \"GET /\" at /var/www/SYMFONY/keyua_symf_test.loc/vendor/symfony/http-kernel/EventListener/RouterListener.php:141, Symfony\\Component\\Routing\\Exception\\NoConfigurationException(code: 0):  at /var/www/SYMFONY/keyua_symf_test.loc/vendor/symfony/routing/Matcher/Dumper/CompiledUrlMatcherTrait.php:182)"} []
[2019-07-10 17:46:44] php.CRITICAL: Using $this when not in object context {"exception":"[object] (Symfony\\Component\\Debug\\Exception\\FatalThrowableError(code: 0): Using $this when not in object context at /var/www/SYMFONY/keyua_symf_test.loc/public/index.php:40)"} []
[2019-07-10 17:46:44] request.CRITICAL: Uncaught PHP Exception Error: "Using $this when not in object context" at /var/www/SYMFONY/keyua_symf_test.loc/public/index.php line 40 {"exception":"[object] (Symfony\\Component\\Debug\\Exception\\FatalThrowableError(code: 0): Using $this when not in object context at /var/www/SYMFONY/keyua_symf_test.loc/public/index.php:40)"} []
[2019-07-10 17:48:56] request.ERROR: Uncaught PHP Exception Symfony\Component\HttpKernel\Exception\NotFoundHttpException: "No route found for "GET /"" at /var/www/SYMFONY/keyua_symf_test.loc/vendor/symfony/http-kernel/EventListener/RouterListener.php line 141 {"exception":"[object] (Symfony\\Component\\HttpKernel\\Exception\\NotFoundHttpException(code: 0): No route found for \"GET /\" at /var/www/SYMFONY/keyua_symf_test.loc/vendor/symfony/http-kernel/EventListener/RouterListener.php:141, Symfony\\Component\\Routing\\Exception\\NoConfigurationException(code: 0):  at /var/www/SYMFONY/keyua_symf_test.loc/vendor/symfony/routing/Matcher/Dumper/CompiledUrlMatcherTrait.php:182)"} []
[2019-07-10 17:48:56] php.INFO: Deprecated: Non-static method App\Repository\EmployeeRepository::getSkills() should not be called statically {"exception":"[object] (ErrorException(code: 0): Deprecated: Non-static method App\\Repository\\EmployeeRepository::getSkills() should not be called statically at /var/www/SYMFONY/keyua_symf_test.loc/public/index.php:43)"} []
[2019-07-10 17:48:56] php.CRITICAL: Using $this when not in object context {"exception":"[object] (Symfony\\Component\\Debug\\Exception\\FatalThrowableError(code: 0): Using $this when not in object context at /var/www/SYMFONY/keyua_symf_test.loc/src/Repository/EmployeeRepository.php:59)"} []
[2019-07-10 17:48:56] request.CRITICAL: Uncaught PHP Exception Error: "Using $this when not in object context" at /var/www/SYMFONY/keyua_symf_test.loc/src/Repository/EmployeeRepository.php line 59 {"exception":"[object] (Symfony\\Component\\Debug\\Exception\\FatalThrowableError(code: 0): Using $this when not in object context at /var/www/SYMFONY/keyua_symf_test.loc/src/Repository/EmployeeRepository.php:59)"} []
[2019-07-10 17:52:27] request.ERROR: Uncaught PHP Exception Symfony\Component\HttpKernel\Exception\NotFoundHttpException: "No route found for "GET /"" at /var/www/SYMFONY/keyua_symf_test.loc/vendor/symfony/http-kernel/EventListener/RouterListener.php line 141 {"exception":"[object] (Symfony\\Component\\HttpKernel\\Exception\\NotFoundHttpException(code: 0): No route found for \"GET /\" at /var/www/SYMFONY/keyua_symf_test.loc/vendor/symfony/http-kernel/EventListener/RouterListener.php:141, Symfony\\Component\\Routing\\Exception\\NoConfigurationException(code: 0):  at /var/www/SYMFONY/keyua_symf_test.loc/vendor/symfony/routing/Matcher/Dumper/CompiledUrlMatcherTrait.php:182)"} []
[2019-07-10 17:52:27] php.INFO: Deprecated: Non-static method App\Repository\EmployeeRepository::getSkills() should not be called statically {"exception":"[object] (ErrorException(code: 0): Deprecated: Non-static method App\\Repository\\EmployeeRepository::getSkills() should not be called statically at /var/www/SYMFONY/keyua_symf_test.loc/public/index.php:43)"} []
[2019-07-10 17:52:27] php.INFO: Deprecated: Non-static method Doctrine\ORM\EntityRepository::createQueryBuilder() should not be called statically {"exception":"[object] (ErrorException(code: 0): Deprecated: Non-static method Doctrine\\ORM\\EntityRepository::createQueryBuilder() should not be called statically at /var/www/SYMFONY/keyua_symf_test.loc/src/Repository/EmployeeRepository.php:60)"} []
[2019-07-10 17:52:27] php.CRITICAL: Using $this when not in object context {"exception":"[object] (Symfony\\Component\\Debug\\Exception\\FatalThrowableError(code: 0): Using $this when not in object context at /var/www/SYMFONY/keyua_symf_test.loc/vendor/doctrine/orm/lib/Doctrine/ORM/EntityRepository.php:81)"} []
[2019-07-10 17:52:27] request.CRITICAL: Uncaught PHP Exception Error: "Using $this when not in object context" at /var/www/SYMFONY/keyua_symf_test.loc/vendor/doctrine/orm/lib/Doctrine/ORM/EntityRepository.php line 81 {"exception":"[object] (Symfony\\Component\\Debug\\Exception\\FatalThrowableError(code: 0): Using $this when not in object context at /var/www/SYMFONY/keyua_symf_test.loc/vendor/doctrine/orm/lib/Doctrine/ORM/EntityRepository.php:81)"} []
[2019-07-10 17:55:05] request.ERROR: Uncaught PHP Exception Symfony\Component\HttpKernel\Exception\NotFoundHttpException: "No route found for "GET /"" at /var/www/SYMFONY/keyua_symf_test.loc/vendor/symfony/http-kernel/EventListener/RouterListener.php line 141 {"exception":"[object] (Symfony\\Component\\HttpKernel\\Exception\\NotFoundHttpException(code: 0): No route found for \"GET /\" at /var/www/SYMFONY/keyua_symf_test.loc/vendor/symfony/http-kernel/EventListener/RouterListener.php:141, Symfony\\Component\\Routing\\Exception\\NoConfigurationException(code: 0):  at /var/www/SYMFONY/keyua_symf_test.loc/vendor/symfony/routing/Matcher/Dumper/CompiledUrlMatcherTrait.php:182)"} []
[2019-07-10 17:55:05] php.INFO: Deprecated: Non-static method App\Repository\EmployeeRepository::getSkills() should not be called statically {"exception":"[object] (ErrorException(code: 0): Deprecated: Non-static method App\\Repository\\EmployeeRepository::getSkills() should not be called statically at /var/www/SYMFONY/keyua_symf_test.loc/public/index.php:43)"} []
[2019-07-10 17:55:05] php.INFO: Deprecated: Non-static method Doctrine\ORM\EntityRepository::createQueryBuilder() should not be called statically {"exception":"[object] (ErrorException(code: 0): Deprecated: Non-static method Doctrine\\ORM\\EntityRepository::createQueryBuilder() should not be called statically at /var/www/SYMFONY/keyua_symf_test.loc/src/Repository/EmployeeRepository.php:60)"} []
[2019-07-10 17:55:05] php.CRITICAL: Using $this when not in object context {"exception":"[object] (Symfony\\Component\\Debug\\Exception\\FatalThrowableError(code: 0): Using $this when not in object context at /var/www/SYMFONY/keyua_symf_test.loc/vendor/doctrine/orm/lib/Doctrine/ORM/EntityRepository.php:81)"} []
[2019-07-10 17:55:05] request.CRITICAL: Uncaught PHP Exception Error: "Using $this when not in object context" at /var/www/SYMFONY/keyua_symf_test.loc/vendor/doctrine/orm/lib/Doctrine/ORM/EntityRepository.php line 81 {"exception":"[object] (Symfony\\Component\\Debug\\Exception\\FatalThrowableError(code: 0): Using $this when not in object context at /var/www/SYMFONY/keyua_symf_test.loc/vendor/doctrine/orm/lib/Doctrine/ORM/EntityRepository.php:81)"} []
[2019-07-10 17:56:14] request.ERROR: Uncaught PHP Exception Symfony\Component\HttpKernel\Exception\NotFoundHttpException: "No route found for "GET /"" at /var/www/SYMFONY/keyua_symf_test.loc/vendor/symfony/http-kernel/EventListener/RouterListener.php line 141 {"exception":"[object] (Symfony\\Component\\HttpKernel\\Exception\\NotFoundHttpException(code: 0): No route found for \"GET /\" at /var/www/SYMFONY/keyua_symf_test.loc/vendor/symfony/http-kernel/EventListener/RouterListener.php:141, Symfony\\Component\\Routing\\Exception\\NoConfigurationException(code: 0):  at /var/www/SYMFONY/keyua_symf_test.loc/vendor/symfony/routing/Matcher/Dumper/CompiledUrlMatcherTrait.php:182)"} []
[2019-07-10 17:56:14] php.INFO: Deprecated: Non-static method App\Repository\EmployeeRepository::getSkills() should not be called statically {"exception":"[object] (ErrorException(code: 0): Deprecated: Non-static method App\\Repository\\EmployeeRepository::getSkills() should not be called statically at /var/www/SYMFONY/keyua_symf_test.loc/public/index.php:43)"} []
[2019-07-10 17:56:14] php.CRITICAL: Using $this when not in object context {"exception":"[object] (Symfony\\Component\\Debug\\Exception\\FatalThrowableError(code: 0): Using $this when not in object context at /var/www/SYMFONY/keyua_symf_test.loc/src/Repository/EmployeeRepository.php:59)"} []
[2019-07-10 17:56:14] request.CRITICAL: Uncaught PHP Exception Error: "Using $this when not in object context" at /var/www/SYMFONY/keyua_symf_test.loc/src/Repository/EmployeeRepository.php line 59 {"exception":"[object] (Symfony\\Component\\Debug\\Exception\\FatalThrowableError(code: 0): Using $this when not in object context at /var/www/SYMFONY/keyua_symf_test.loc/src/Repository/EmployeeRepository.php:59)"} []
[2019-07-10 17:57:53] request.ERROR: Uncaught PHP Exception Symfony\Component\HttpKernel\Exception\NotFoundHttpException: "No route found for "GET /"" at /var/www/SYMFONY/keyua_symf_test.loc/vendor/symfony/http-kernel/EventListener/RouterListener.php line 141 {"exception":"[object] (Symfony\\Component\\HttpKernel\\Exception\\NotFoundHttpException(code: 0): No route found for \"GET /\" at /var/www/SYMFONY/keyua_symf_test.loc/vendor/symfony/http-kernel/EventListener/RouterListener.php:141, Symfony\\Component\\Routing\\Exception\\NoConfigurationException(code: 0):  at /var/www/SYMFONY/keyua_symf_test.loc/vendor/symfony/routing/Matcher/Dumper/CompiledUrlMatcherTrait.php:182)"} []
[2019-07-10 17:57:53] php.INFO: Deprecated: Non-static method App\Repository\EmployeeRepository::getSkills() should not be called statically {"exception":"[object] (ErrorException(code: 0): Deprecated: Non-static method App\\Repository\\EmployeeRepository::getSkills() should not be called statically at /var/www/SYMFONY/keyua_symf_test.loc/public/index.php:43)"} []
[2019-07-10 17:57:53] php.CRITICAL: Too few arguments to function App\Repository\EmployeeRepository::getSkills(), 1 passed in /var/www/SYMFONY/keyua_symf_test.loc/public/index.php on line 43 and exactly 2 expected {"exception":"[object] (Symfony\\Component\\Debug\\Exception\\FatalThrowableError(code: 0): Too few arguments to function App\\Repository\\EmployeeRepository::getSkills(), 1 passed in /var/www/SYMFONY/keyua_symf_test.loc/public/index.php on line 43 and exactly 2 expected at /var/www/SYMFONY/keyua_symf_test.loc/src/Repository/EmployeeRepository.php:53)"} []
[2019-07-10 17:57:53] request.CRITICAL: Uncaught PHP Exception ArgumentCountError: "Too few arguments to function App\Repository\EmployeeRepository::getSkills(), 1 passed in /var/www/SYMFONY/keyua_symf_test.loc/public/index.php on line 43 and exactly 2 expected" at /var/www/SYMFONY/keyua_symf_test.loc/src/Repository/EmployeeRepository.php line 53 {"exception":"[object] (Symfony\\Component\\Debug\\Exception\\FatalThrowableError(code: 0): Too few arguments to function App\\Repository\\EmployeeRepository::getSkills(), 1 passed in /var/www/SYMFONY/keyua_symf_test.loc/public/index.php on line 43 and exactly 2 expected at /var/www/SYMFONY/keyua_symf_test.loc/src/Repository/EmployeeRepository.php:53)"} []
[2019-07-10 18:00:53] request.ERROR: Uncaught PHP Exception Symfony\Component\HttpKernel\Exception\NotFoundHttpException: "No route found for "GET /"" at /var/www/SYMFONY/keyua_symf_test.loc/vendor/symfony/http-kernel/EventListener/RouterListener.php line 141 {"exception":"[object] (Symfony\\Component\\HttpKernel\\Exception\\NotFoundHttpException(code: 0): No route found for \"GET /\" at /var/www/SYMFONY/keyua_symf_test.loc/vendor/symfony/http-kernel/EventListener/RouterListener.php:141, Symfony\\Component\\Routing\\Exception\\NoConfigurationException(code: 0):  at /var/www/SYMFONY/keyua_symf_test.loc/vendor/symfony/routing/Matcher/Dumper/CompiledUrlMatcherTrait.php:182)"} []
[2019-07-10 18:00:53] php.INFO: Deprecated: Non-static method App\Repository\EmployeeRepository::getSkills() should not be called statically {"exception":"[object] (ErrorException(code: 0): Deprecated: Non-static method App\\Repository\\EmployeeRepository::getSkills() should not be called statically at /var/www/SYMFONY/keyua_symf_test.loc/public/index.php:45)"} []
[2019-07-10 18:00:53] php.CRITICAL: Uncaught Notice: Undefined variable: employeeRepository {"exception":"[object] (ErrorException(code: 0): Notice: Undefined variable: employeeRepository at /var/www/SYMFONY/keyua_symf_test.loc/public/index.php:45)"} []
[2019-07-10 18:00:53] request.CRITICAL: Uncaught PHP Exception ErrorException: "Notice: Undefined variable: employeeRepository" at /var/www/SYMFONY/keyua_symf_test.loc/public/index.php line 45 {"exception":"[object] (ErrorException(code: 0): Notice: Undefined variable: employeeRepository at /var/www/SYMFONY/keyua_symf_test.loc/public/index.php:45)"} []
[2019-07-10 18:03:36] request.ERROR: Uncaught PHP Exception Symfony\Component\HttpKernel\Exception\NotFoundHttpException: "No route found for "GET /"" at /var/www/SYMFONY/keyua_symf_test.loc/vendor/symfony/http-kernel/EventListener/RouterListener.php line 141 {"exception":"[object] (Symfony\\Component\\HttpKernel\\Exception\\NotFoundHttpException(code: 0): No route found for \"GET /\" at /var/www/SYMFONY/keyua_symf_test.loc/vendor/symfony/http-kernel/EventListener/RouterListener.php:141, Symfony\\Component\\Routing\\Exception\\NoConfigurationException(code: 0):  at /var/www/SYMFONY/keyua_symf_test.loc/vendor/symfony/routing/Matcher/Dumper/CompiledUrlMatcherTrait.php:182)"} []
[2019-07-10 18:03:36] php.CRITICAL: Too few arguments to function Doctrine\ORM\EntityRepository::__construct(), 0 passed in /var/www/SYMFONY/keyua_symf_test.loc/public/index.php on line 46 and exactly 2 expected {"exception":"[object] (Symfony\\Component\\Debug\\Exception\\FatalThrowableError(code: 0): Too few arguments to function Doctrine\\ORM\\EntityRepository::__construct(), 0 passed in /var/www/SYMFONY/keyua_symf_test.loc/public/index.php on line 46 and exactly 2 expected at /var/www/SYMFONY/keyua_symf_test.loc/vendor/doctrine/orm/lib/Doctrine/ORM/EntityRepository.php:64)"} []
[2019-07-10 18:03:36] request.CRITICAL: Uncaught PHP Exception ArgumentCountError: "Too few arguments to function Doctrine\ORM\EntityRepository::__construct(), 0 passed in /var/www/SYMFONY/keyua_symf_test.loc/public/index.php on line 46 and exactly 2 expected" at /var/www/SYMFONY/keyua_symf_test.loc/vendor/doctrine/orm/lib/Doctrine/ORM/EntityRepository.php line 64 {"exception":"[object] (Symfony\\Component\\Debug\\Exception\\FatalThrowableError(code: 0): Too few arguments to function Doctrine\\ORM\\EntityRepository::__construct(), 0 passed in /var/www/SYMFONY/keyua_symf_test.loc/public/index.php on line 46 and exactly 2 expected at /var/www/SYMFONY/keyua_symf_test.loc/vendor/doctrine/orm/lib/Doctrine/ORM/EntityRepository.php:64)"} []
[2019-07-10 18:56:08] request.ERROR: Uncaught PHP Exception Symfony\Component\HttpKernel\Exception\NotFoundHttpException: "No route found for "GET /"" at /var/www/SYMFONY/keyua_symf_test.loc/vendor/symfony/http-kernel/EventListener/RouterListener.php line 141 {"exception":"[object] (Symfony\\Component\\HttpKernel\\Exception\\NotFoundHttpException(code: 0): No route found for \"GET /\" at /var/www/SYMFONY/keyua_symf_test.loc/vendor/symfony/http-kernel/EventListener/RouterListener.php:141, Symfony\\Component\\Routing\\Exception\\NoConfigurationException(code: 0):  at /var/www/SYMFONY/keyua_symf_test.loc/vendor/symfony/routing/Matcher/Dumper/CompiledUrlMatcherTrait.php:182)"} []
[2019-07-10 18:56:08] php.CRITICAL: Too few arguments to function Doctrine\ORM\EntityRepository::__construct(), 0 passed in /var/www/SYMFONY/keyua_symf_test.loc/public/index.php on line 47 and exactly 2 expected {"exception":"[object] (Symfony\\Component\\Debug\\Exception\\FatalThrowableError(code: 0): Too few arguments to function Doctrine\\ORM\\EntityRepository::__construct(), 0 passed in /var/www/SYMFONY/keyua_symf_test.loc/public/index.php on line 47 and exactly 2 expected at /var/www/SYMFONY/keyua_symf_test.loc/vendor/doctrine/orm/lib/Doctrine/ORM/EntityRepository.php:64)"} []
[2019-07-10 18:56:08] request.CRITICAL: Uncaught PHP Exception ArgumentCountError: "Too few arguments to function Doctrine\ORM\EntityRepository::__construct(), 0 passed in /var/www/SYMFONY/keyua_symf_test.loc/public/index.php on line 47 and exactly 2 expected" at /var/www/SYMFONY/keyua_symf_test.loc/vendor/doctrine/orm/lib/Doctrine/ORM/EntityRepository.php line 64 {"exception":"[object] (Symfony\\Component\\Debug\\Exception\\FatalThrowableError(code: 0): Too few arguments to function Doctrine\\ORM\\EntityRepository::__construct(), 0 passed in /var/www/SYMFONY/keyua_symf_test.loc/public/index.php on line 47 and exactly 2 expected at /var/www/SYMFONY/keyua_symf_test.loc/vendor/doctrine/orm/lib/Doctrine/ORM/EntityRepository.php:64)"} []
[2019-07-10 19:00:53] request.ERROR: Uncaught PHP Exception Symfony\Component\HttpKernel\Exception\NotFoundHttpException: "No route found for "GET /"" at /var/www/SYMFONY/keyua_symf_test.loc/vendor/symfony/http-kernel/EventListener/RouterListener.php line 141 {"exception":"[object] (Symfony\\Component\\HttpKernel\\Exception\\NotFoundHttpException(code: 0): No route found for \"GET /\" at /var/www/SYMFONY/keyua_symf_test.loc/vendor/symfony/http-kernel/EventListener/RouterListener.php:141, Symfony\\Component\\Routing\\Exception\\NoConfigurationException(code: 0):  at /var/www/SYMFONY/keyua_symf_test.loc/vendor/symfony/routing/Matcher/Dumper/CompiledUrlMatcherTrait.php:182)"} []
[2019-07-10 19:00:54] php.CRITICAL: Call to undefined function Doctrine\ORM\EntityRepository() {"exception":"[object] (Symfony\\Component\\Debug\\Exception\\FatalThrowableError(code: 0): Call to undefined function Doctrine\\ORM\\EntityRepository() at /var/www/SYMFONY/keyua_symf_test.loc/public/index.php:47)"} []
[2019-07-10 19:00:54] request.CRITICAL: Uncaught PHP Exception Symfony\Component\Debug\Exception\UndefinedFunctionException: "Attempted to call function "EntityRepository" from namespace "Doctrine\ORM"." at /var/www/SYMFONY/keyua_symf_test.loc/public/index.php line 47 {"exception":"[object] (Symfony\\Component\\Debug\\Exception\\UndefinedFunctionException(code: 0): Attempted to call function \"EntityRepository\" from namespace \"Doctrine\\ORM\". at /var/www/SYMFONY/keyua_symf_test.loc/public/index.php:47)"} []
[2019-07-10 19:09:57] request.ERROR: Uncaught PHP Exception Symfony\Component\HttpKernel\Exception\NotFoundHttpException: "No route found for "GET /"" at /var/www/SYMFONY/keyua_symf_test.loc/vendor/symfony/http-kernel/EventListener/RouterListener.php line 141 {"exception":"[object] (Symfony\\Component\\HttpKernel\\Exception\\NotFoundHttpException(code: 0): No route found for \"GET /\" at /var/www/SYMFONY/keyua_symf_test.loc/vendor/symfony/http-kernel/EventListener/RouterListener.php:141, Symfony\\Component\\Routing\\Exception\\NoConfigurationException(code: 0):  at /var/www/SYMFONY/keyua_symf_test.loc/vendor/symfony/routing/Matcher/Dumper/CompiledUrlMatcherTrait.php:182)"} []
[2019-07-10 19:09:57] php.INFO: Deprecated: Non-static method App\Repository\EmployeeRepository::getSkills() should not be called statically {"exception":"[object] (ErrorException(code: 0): Deprecated: Non-static method App\\Repository\\EmployeeRepository::getSkills() should not be called statically at /var/www/SYMFONY/keyua_symf_test.loc/public/index.php:48)"} []
[2019-07-10 19:09:57] php.CRITICAL: Using $this when not in object context {"exception":"[object] (Symfony\\Component\\Debug\\Exception\\FatalThrowableError(code: 0): Using $this when not in object context at /var/www/SYMFONY/keyua_symf_test.loc/src/Repository/EmployeeRepository.php:59)"} []
[2019-07-10 19:09:57] request.CRITICAL: Uncaught PHP Exception Error: "Using $this when not in object context" at /var/www/SYMFONY/keyua_symf_test.loc/src/Repository/EmployeeRepository.php line 59 {"exception":"[object] (Symfony\\Component\\Debug\\Exception\\FatalThrowableError(code: 0): Using $this when not in object context at /var/www/SYMFONY/keyua_symf_test.loc/src/Repository/EmployeeRepository.php:59)"} []
[2019-07-10 19:32:18] request.ERROR: Uncaught PHP Exception Symfony\Component\HttpKernel\Exception\NotFoundHttpException: "No route found for "GET /"" at /var/www/SYMFONY/keyua_symf_test.loc/vendor/symfony/http-kernel/EventListener/RouterListener.php line 141 {"exception":"[object] (Symfony\\Component\\HttpKernel\\Exception\\NotFoundHttpException(code: 0): No route found for \"GET /\" at /var/www/SYMFONY/keyua_symf_test.loc/vendor/symfony/http-kernel/EventListener/RouterListener.php:141, Symfony\\Component\\Routing\\Exception\\NoConfigurationException(code: 0):  at /var/www/SYMFONY/keyua_symf_test.loc/vendor/symfony/routing/Matcher/Dumper/CompiledUrlMatcherTrait.php:182)"} []
[2019-07-10 19:32:19] php.INFO: Deprecated: Non-static method App\Repository\EmployeeRepository::getSkills() should not be called statically {"exception":"[object] (ErrorException(code: 0): Deprecated: Non-static method App\\Repository\\EmployeeRepository::getSkills() should not be called statically at /var/www/SYMFONY/keyua_symf_test.loc/public/index.php:48)"} []
[2019-07-10 19:32:19] php.CRITICAL: Too few arguments to function App\Repository\EmployeeRepository::__construct(), 0 passed in /var/www/SYMFONY/keyua_symf_test.loc/src/Repository/EmployeeRepository.php on line 67 and exactly 1 expected {"exception":"[object] (Symfony\\Component\\Debug\\Exception\\FatalThrowableError(code: 0): Too few arguments to function App\\Repository\\EmployeeRepository::__construct(), 0 passed in /var/www/SYMFONY/keyua_symf_test.loc/src/Repository/EmployeeRepository.php on line 67 and exactly 1 expected at /var/www/SYMFONY/keyua_symf_test.loc/src/Repository/EmployeeRepository.php:25)"} []
[2019-07-10 19:32:19] request.CRITICAL: Uncaught PHP Exception ArgumentCountError: "Too few arguments to function App\Repository\EmployeeRepository::__construct(), 0 passed in /var/www/SYMFONY/keyua_symf_test.loc/src/Repository/EmployeeRepository.php on line 67 and exactly 1 expected" at /var/www/SYMFONY/keyua_symf_test.loc/src/Repository/EmployeeRepository.php line 25 {"exception":"[object] (Symfony\\Component\\Debug\\Exception\\FatalThrowableError(code: 0): Too few arguments to function App\\Repository\\EmployeeRepository::__construct(), 0 passed in /var/www/SYMFONY/keyua_symf_test.loc/src/Repository/EmployeeRepository.php on line 67 and exactly 1 expected at /var/www/SYMFONY/keyua_symf_test.loc/src/Repository/EmployeeRepository.php:25)"} []
[2019-07-10 19:40:25] request.ERROR: Uncaught PHP Exception Symfony\Component\HttpKernel\Exception\NotFoundHttpException: "No route found for "GET /"" at /var/www/SYMFONY/keyua_symf_test.loc/vendor/symfony/http-kernel/EventListener/RouterListener.php line 141 {"exception":"[object] (Symfony\\Component\\HttpKernel\\Exception\\NotFoundHttpException(code: 0): No route found for \"GET /\" at /var/www/SYMFONY/keyua_symf_test.loc/vendor/symfony/http-kernel/EventListener/RouterListener.php:141, Symfony\\Component\\Routing\\Exception\\NoConfigurationException(code: 0):  at /var/www/SYMFONY/keyua_symf_test.loc/vendor/symfony/routing/Matcher/Dumper/CompiledUrlMatcherTrait.php:182)"} []
[2019-07-10 19:40:25] php.INFO: Deprecated: Non-static method App\Repository\EmployeeRepository::getSkills() should not be called statically {"exception":"[object] (ErrorException(code: 0): Deprecated: Non-static method App\\Repository\\EmployeeRepository::getSkills() should not be called statically at /var/www/SYMFONY/keyua_symf_test.loc/public/index.php:48)"} []
[2019-07-10 19:40:25] php.CRITICAL: Using $this when not in object context {"exception":"[object] (Symfony\\Component\\Debug\\Exception\\FatalThrowableError(code: 0): Using $this when not in object context at /var/www/SYMFONY/keyua_symf_test.loc/src/Repository/EmployeeRepository.php:80)"} []
[2019-07-10 19:40:25] request.CRITICAL: Uncaught PHP Exception Error: "Using $this when not in object context" at /var/www/SYMFONY/keyua_symf_test.loc/src/Repository/EmployeeRepository.php line 80 {"exception":"[object] (Symfony\\Component\\Debug\\Exception\\FatalThrowableError(code: 0): Using $this when not in object context at /var/www/SYMFONY/keyua_symf_test.loc/src/Repository/EmployeeRepository.php:80)"} []
[2019-07-10 19:45:39] request.ERROR: Uncaught PHP Exception Symfony\Component\HttpKernel\Exception\NotFoundHttpException: "No route found for "GET /"" at /var/www/SYMFONY/keyua_symf_test.loc/vendor/symfony/http-kernel/EventListener/RouterListener.php line 141 {"exception":"[object] (Symfony\\Component\\HttpKernel\\Exception\\NotFoundHttpException(code: 0): No route found for \"GET /\" at /var/www/SYMFONY/keyua_symf_test.loc/vendor/symfony/http-kernel/EventListener/RouterListener.php:141, Symfony\\Component\\Routing\\Exception\\NoConfigurationException(code: 0):  at /var/www/SYMFONY/keyua_symf_test.loc/vendor/symfony/routing/Matcher/Dumper/CompiledUrlMatcherTrait.php:182)"} []
[2019-07-10 19:45:39] php.INFO: Deprecated: Non-static method App\Repository\EmployeeRepository::getSkills() should not be called statically {"exception":"[object] (ErrorException(code: 0): Deprecated: Non-static method App\\Repository\\EmployeeRepository::getSkills() should not be called statically at /var/www/SYMFONY/keyua_symf_test.loc/public/index.php:48)"} []
[2019-07-10 19:45:39] php.CRITICAL: Using $this when not in object context {"exception":"[object] (Symfony\\Component\\Debug\\Exception\\FatalThrowableError(code: 0): Using $this when not in object context at /var/www/SYMFONY/keyua_symf_test.loc/src/Repository/EmployeeRepository.php:92)"} []
[2019-07-10 19:45:39] request.CRITICAL: Uncaught PHP Exception Error: "Using $this when not in object context" at /var/www/SYMFONY/keyua_symf_test.loc/src/Repository/EmployeeRepository.php line 92 {"exception":"[object] (Symfony\\Component\\Debug\\Exception\\FatalThrowableError(code: 0): Using $this when not in object context at /var/www/SYMFONY/keyua_symf_test.loc/src/Repository/EmployeeRepository.php:92)"} []
[2019-07-10 20:16:01] request.ERROR: Uncaught PHP Exception Symfony\Component\HttpKernel\Exception\NotFoundHttpException: "No route found for "GET /"" at /var/www/SYMFONY/keyua_symf_test.loc/vendor/symfony/http-kernel/EventListener/RouterListener.php line 141 {"exception":"[object] (Symfony\\Component\\HttpKernel\\Exception\\NotFoundHttpException(code: 0): No route found for \"GET /\" at /var/www/SYMFONY/keyua_symf_test.loc/vendor/symfony/http-kernel/EventListener/RouterListener.php:141, Symfony\\Component\\Routing\\Exception\\NoConfigurationException(code: 0):  at /var/www/SYMFONY/keyua_symf_test.loc/vendor/symfony/routing/Matcher/Dumper/CompiledUrlMatcherTrait.php:182)"} []
[2019-07-10 20:36:35] request.ERROR: Uncaught PHP Exception Symfony\Component\HttpKernel\Exception\NotFoundHttpException: "No route found for "GET /"" at /var/www/SYMFONY/keyua_symf_test.loc/vendor/symfony/http-kernel/EventListener/RouterListener.php line 141 {"exception":"[object] (Symfony\\Component\\HttpKernel\\Exception\\NotFoundHttpException(code: 0): No route found for \"GET /\" at /var/www/SYMFONY/keyua_symf_test.loc/vendor/symfony/http-kernel/EventListener/RouterListener.php:141, Symfony\\Component\\Routing\\Exception\\NoConfigurationException(code: 0):  at /var/www/SYMFONY/keyua_symf_test.loc/vendor/symfony/routing/Matcher/Dumper/CompiledUrlMatcherTrait.php:182)"} []
[2019-07-10 20:36:37] php.INFO: Deprecated: Non-static method App\Repository\EmployeeRepository::getSkills() should not be called statically {"exception":"[object] (ErrorException(code: 0): Deprecated: Non-static method App\\Repository\\EmployeeRepository::getSkills() should not be called statically at /var/www/SYMFONY/keyua_symf_test.loc/public/index.php:48)"} []
[2019-07-10 20:36:37] php.CRITICAL: Too few arguments to function App\Repository\EmployeeRepository::getSkills(), 1 passed in /var/www/SYMFONY/keyua_symf_test.loc/public/index.php on line 48 and exactly 2 expected {"exception":"[object] (Symfony\\Component\\Debug\\Exception\\FatalThrowableError(code: 0): Too few arguments to function App\\Repository\\EmployeeRepository::getSkills(), 1 passed in /var/www/SYMFONY/keyua_symf_test.loc/public/index.php on line 48 and exactly 2 expected at /var/www/SYMFONY/keyua_symf_test.loc/src/Repository/EmployeeRepository.php:57)"} []
[2019-07-10 20:36:37] request.CRITICAL: Uncaught PHP Exception ArgumentCountError: "Too few arguments to function App\Repository\EmployeeRepository::getSkills(), 1 passed in /var/www/SYMFONY/keyua_symf_test.loc/public/index.php on line 48 and exactly 2 expected" at /var/www/SYMFONY/keyua_symf_test.loc/src/Repository/EmployeeRepository.php line 57 {"exception":"[object] (Symfony\\Component\\Debug\\Exception\\FatalThrowableError(code: 0): Too few arguments to function App\\Repository\\EmployeeRepository::getSkills(), 1 passed in /var/www/SYMFONY/keyua_symf_test.loc/public/index.php on line 48 and exactly 2 expected at /var/www/SYMFONY/keyua_symf_test.loc/src/Repository/EmployeeRepository.php:57)"} []
[2019-07-10 20:45:27] request.ERROR: Uncaught PHP Exception Symfony\Component\HttpKernel\Exception\NotFoundHttpException: "No route found for "GET /"" at /var/www/SYMFONY/keyua_symf_test.loc/vendor/symfony/http-kernel/EventListener/RouterListener.php line 141 {"exception":"[object] (Symfony\\Component\\HttpKernel\\Exception\\NotFoundHttpException(code: 0): No route found for \"GET /\" at /var/www/SYMFONY/keyua_symf_test.loc/vendor/symfony/http-kernel/EventListener/RouterListener.php:141, Symfony\\Component\\Routing\\Exception\\NoConfigurationException(code: 0):  at /var/www/SYMFONY/keyua_symf_test.loc/vendor/symfony/routing/Matcher/Dumper/CompiledUrlMatcherTrait.php:182)"} []
[2019-07-10 20:45:28] php.CRITICAL: Too few arguments to function App\Repository\EmployeeRepository::__construct(), 0 passed in /var/www/SYMFONY/keyua_symf_test.loc/public/index.php on line 49 and exactly 1 expected {"exception":"[object] (Symfony\\Component\\Debug\\Exception\\FatalThrowableError(code: 0): Too few arguments to function App\\Repository\\EmployeeRepository::__construct(), 0 passed in /var/www/SYMFONY/keyua_symf_test.loc/public/index.php on line 49 and exactly 1 expected at /var/www/SYMFONY/keyua_symf_test.loc/src/Repository/EmployeeRepository.php:28)"} []
[2019-07-10 20:45:28] request.CRITICAL: Uncaught PHP Exception ArgumentCountError: "Too few arguments to function App\Repository\EmployeeRepository::__construct(), 0 passed in /var/www/SYMFONY/keyua_symf_test.loc/public/index.php on line 49 and exactly 1 expected" at /var/www/SYMFONY/keyua_symf_test.loc/src/Repository/EmployeeRepository.php line 28 {"exception":"[object] (Symfony\\Component\\Debug\\Exception\\FatalThrowableError(code: 0): Too few arguments to function App\\Repository\\EmployeeRepository::__construct(), 0 passed in /var/www/SYMFONY/keyua_symf_test.loc/public/index.php on line 49 and exactly 1 expected at /var/www/SYMFONY/keyua_symf_test.loc/src/Repository/EmployeeRepository.php:28)"} []
[2019-07-10 20:49:07] request.ERROR: Uncaught PHP Exception Symfony\Component\HttpKernel\Exception\NotFoundHttpException: "No route found for "GET /"" at /var/www/SYMFONY/keyua_symf_test.loc/vendor/symfony/http-kernel/EventListener/RouterListener.php line 141 {"exception":"[object] (Symfony\\Component\\HttpKernel\\Exception\\NotFoundHttpException(code: 0): No route found for \"GET /\" at /var/www/SYMFONY/keyua_symf_test.loc/vendor/symfony/http-kernel/EventListener/RouterListener.php:141, Symfony\\Component\\Routing\\Exception\\NoConfigurationException(code: 0):  at /var/www/SYMFONY/keyua_symf_test.loc/vendor/symfony/routing/Matcher/Dumper/CompiledUrlMatcherTrait.php:182)"} []
[2019-07-10 20:49:09] php.CRITICAL: Argument 1 passed to App\Repository\EmployeeRepository::__construct() must implement interface Symfony\Bridge\Doctrine\RegistryInterface, string given, called in /var/www/SYMFONY/keyua_symf_test.loc/public/index.php on line 50 {"exception":"[object] (Symfony\\Component\\Debug\\Exception\\FatalThrowableError(code: 0): Argument 1 passed to App\\Repository\\EmployeeRepository::__construct() must implement interface Symfony\\Bridge\\Doctrine\\RegistryInterface, string given, called in /var/www/SYMFONY/keyua_symf_test.loc/public/index.php on line 50 at /var/www/SYMFONY/keyua_symf_test.loc/src/Repository/EmployeeRepository.php:28)"} []
[2019-07-10 20:49:09] request.CRITICAL: Uncaught PHP Exception TypeError: "Argument 1 passed to App\Repository\EmployeeRepository::__construct() must implement interface Symfony\Bridge\Doctrine\RegistryInterface, string given, called in /var/www/SYMFONY/keyua_symf_test.loc/public/index.php on line 50" at /var/www/SYMFONY/keyua_symf_test.loc/src/Repository/EmployeeRepository.php line 28 {"exception":"[object] (Symfony\\Component\\Debug\\Exception\\FatalThrowableError(code: 0): Argument 1 passed to App\\Repository\\EmployeeRepository::__construct() must implement interface Symfony\\Bridge\\Doctrine\\RegistryInterface, string given, called in /var/www/SYMFONY/keyua_symf_test.loc/public/index.php on line 50 at /var/www/SYMFONY/keyua_symf_test.loc/src/Repository/EmployeeRepository.php:28)"} []
[2019-07-11 19:00:50] request.ERROR: Uncaught PHP Exception Symfony\Component\HttpKernel\Exception\NotFoundHttpException: "No route found for "GET /"" at /var/www/SYMFONY/keyua_symf_test.loc/vendor/symfony/http-kernel/EventListener/RouterListener.php line 141 {"exception":"[object] (Symfony\\Component\\HttpKernel\\Exception\\NotFoundHttpException(code: 0): No route found for \"GET /\" at /var/www/SYMFONY/keyua_symf_test.loc/vendor/symfony/http-kernel/EventListener/RouterListener.php:141, Symfony\\Component\\Routing\\Exception\\NoConfigurationException(code: 0):  at /var/www/SYMFONY/keyua_symf_test.loc/vendor/symfony/routing/Matcher/Dumper/CompiledUrlMatcherTrait.php:182)"} []
[2019-07-11 19:01:26] php.CRITICAL: Argument 1 passed to App\Repository\EmployeeRepository::__construct() must implement interface Symfony\Bridge\Doctrine\RegistryInterface, string given, called in /var/www/SYMFONY/keyua_symf_test.loc/public/index.php on line 50 {"exception":"[object] (Symfony\\Component\\Debug\\Exception\\FatalThrowableError(code: 0): Argument 1 passed to App\\Repository\\EmployeeRepository::__construct() must implement interface Symfony\\Bridge\\Doctrine\\RegistryInterface, string given, called in /var/www/SYMFONY/keyua_symf_test.loc/public/index.php on line 50 at /var/www/SYMFONY/keyua_symf_test.loc/src/Repository/EmployeeRepository.php:28)"} []
[2019-07-11 19:01:26] request.CRITICAL: Uncaught PHP Exception TypeError: "Argument 1 passed to App\Repository\EmployeeRepository::__construct() must implement interface Symfony\Bridge\Doctrine\RegistryInterface, string given, called in /var/www/SYMFONY/keyua_symf_test.loc/public/index.php on line 50" at /var/www/SYMFONY/keyua_symf_test.loc/src/Repository/EmployeeRepository.php line 28 {"exception":"[object] (Symfony\\Component\\Debug\\Exception\\FatalThrowableError(code: 0): Argument 1 passed to App\\Repository\\EmployeeRepository::__construct() must implement interface Symfony\\Bridge\\Doctrine\\RegistryInterface, string given, called in /var/www/SYMFONY/keyua_symf_test.loc/public/index.php on line 50 at /var/www/SYMFONY/keyua_symf_test.loc/src/Repository/EmployeeRepository.php:28)"} []
[2019-07-11 19:09:07] request.ERROR: Uncaught PHP Exception Symfony\Component\HttpKernel\Exception\NotFoundHttpException: "No route found for "GET /"" at /var/www/SYMFONY/keyua_symf_test.loc/vendor/symfony/http-kernel/EventListener/RouterListener.php line 141 {"exception":"[object] (Symfony\\Component\\HttpKernel\\Exception\\NotFoundHttpException(code: 0): No route found for \"GET /\" at /var/www/SYMFONY/keyua_symf_test.loc/vendor/symfony/http-kernel/EventListener/RouterListener.php:141, Symfony\\Component\\Routing\\Exception\\NoConfigurationException(code: 0):  at /var/www/SYMFONY/keyua_symf_test.loc/vendor/symfony/routing/Matcher/Dumper/CompiledUrlMatcherTrait.php:182)"} []
[2019-07-11 19:09:20] php.CRITICAL: Argument 1 passed to App\Repository\EmployeeRepository::__construct() must implement interface Symfony\Bridge\Doctrine\RegistryInterface, string given, called in /var/www/SYMFONY/keyua_symf_test.loc/public/index.php on line 50 {"exception":"[object] (Symfony\\Component\\Debug\\Exception\\FatalThrowableError(code: 0): Argument 1 passed to App\\Repository\\EmployeeRepository::__construct() must implement interface Symfony\\Bridge\\Doctrine\\RegistryInterface, string given, called in /var/www/SYMFONY/keyua_symf_test.loc/public/index.php on line 50 at /var/www/SYMFONY/keyua_symf_test.loc/src/Repository/EmployeeRepository.php:26)"} []
[2019-07-11 19:09:20] request.CRITICAL: Uncaught PHP Exception TypeError: "Argument 1 passed to App\Repository\EmployeeRepository::__construct() must implement interface Symfony\Bridge\Doctrine\RegistryInterface, string given, called in /var/www/SYMFONY/keyua_symf_test.loc/public/index.php on line 50" at /var/www/SYMFONY/keyua_symf_test.loc/src/Repository/EmployeeRepository.php line 26 {"exception":"[object] (Symfony\\Component\\Debug\\Exception\\FatalThrowableError(code: 0): Argument 1 passed to App\\Repository\\EmployeeRepository::__construct() must implement interface Symfony\\Bridge\\Doctrine\\RegistryInterface, string given, called in /var/www/SYMFONY/keyua_symf_test.loc/public/index.php on line 50 at /var/www/SYMFONY/keyua_symf_test.loc/src/Repository/EmployeeRepository.php:26)"} []
[2019-07-11 19:13:25] request.ERROR: Uncaught PHP Exception Symfony\Component\HttpKernel\Exception\NotFoundHttpException: "No route found for "GET /"" at /var/www/SYMFONY/keyua_symf_test.loc/vendor/symfony/http-kernel/EventListener/RouterListener.php line 141 {"exception":"[object] (Symfony\\Component\\HttpKernel\\Exception\\NotFoundHttpException(code: 0): No route found for \"GET /\" at /var/www/SYMFONY/keyua_symf_test.loc/vendor/symfony/http-kernel/EventListener/RouterListener.php:141, Symfony\\Component\\Routing\\Exception\\NoConfigurationException(code: 0):  at /var/www/SYMFONY/keyua_symf_test.loc/vendor/symfony/routing/Matcher/Dumper/CompiledUrlMatcherTrait.php:182)"} []
[2019-07-11 19:14:29] request.ERROR: Uncaught PHP Exception Symfony\Component\HttpKernel\Exception\NotFoundHttpException: "No route found for "GET /"" at /var/www/SYMFONY/keyua_symf_test.loc/vendor/symfony/http-kernel/EventListener/RouterListener.php line 141 {"exception":"[object] (Symfony\\Component\\HttpKernel\\Exception\\NotFoundHttpException(code: 0): No route found for \"GET /\" at /var/www/SYMFONY/keyua_symf_test.loc/vendor/symfony/http-kernel/EventListener/RouterListener.php:141, Symfony\\Component\\Routing\\Exception\\NoConfigurationException(code: 0):  at /var/www/SYMFONY/keyua_symf_test.loc/vendor/symfony/routing/Matcher/Dumper/CompiledUrlMatcherTrait.php:182)"} []
[2019-07-11 19:55:07] request.ERROR: Uncaught PHP Exception Symfony\Component\HttpKernel\Exception\NotFoundHttpException: "No route found for "GET /"" at /var/www/SYMFONY/keyua_symf_test.loc/vendor/symfony/http-kernel/EventListener/RouterListener.php line 141 {"exception":"[object] (Symfony\\Component\\HttpKernel\\Exception\\NotFoundHttpException(code: 0): No route found for \"GET /\" at /var/www/SYMFONY/keyua_symf_test.loc/vendor/symfony/http-kernel/EventListener/RouterListener.php:141, Symfony\\Component\\Routing\\Exception\\NoConfigurationException(code: 0):  at /var/www/SYMFONY/keyua_symf_test.loc/vendor/symfony/routing/Matcher/Dumper/CompiledUrlMatcherTrait.php:182)"} []
[2019-07-11 19:55:10] php.CRITICAL: Argument 1 passed to App\Repository\EmployeeRepository::__construct() must implement interface Symfony\Bridge\Doctrine\RegistryInterface, string given, called in /var/www/SYMFONY/keyua_symf_test.loc/public/index.php on line 45 {"exception":"[object] (Symfony\\Component\\Debug\\Exception\\FatalThrowableError(code: 0): Argument 1 passed to App\\Repository\\EmployeeRepository::__construct() must implement interface Symfony\\Bridge\\Doctrine\\RegistryInterface, string given, called in /var/www/SYMFONY/keyua_symf_test.loc/public/index.php on line 45 at /var/www/SYMFONY/keyua_symf_test.loc/src/Repository/EmployeeRepository.php:26)"} []
[2019-07-11 19:55:10] request.CRITICAL: Uncaught PHP Exception TypeError: "Argument 1 passed to App\Repository\EmployeeRepository::__construct() must implement interface Symfony\Bridge\Doctrine\RegistryInterface, string given, called in /var/www/SYMFONY/keyua_symf_test.loc/public/index.php on line 45" at /var/www/SYMFONY/keyua_symf_test.loc/src/Repository/EmployeeRepository.php line 26 {"exception":"[object] (Symfony\\Component\\Debug\\Exception\\FatalThrowableError(code: 0): Argument 1 passed to App\\Repository\\EmployeeRepository::__construct() must implement interface Symfony\\Bridge\\Doctrine\\RegistryInterface, string given, called in /var/www/SYMFONY/keyua_symf_test.loc/public/index.php on line 45 at /var/www/SYMFONY/keyua_symf_test.loc/src/Repository/EmployeeRepository.php:26)"} []
[2019-07-11 20:09:48] request.ERROR: Uncaught PHP Exception Symfony\Component\HttpKernel\Exception\NotFoundHttpException: "No route found for "GET /"" at /var/www/SYMFONY/keyua_symf_test.loc/vendor/symfony/http-kernel/EventListener/RouterListener.php line 141 {"exception":"[object] (Symfony\\Component\\HttpKernel\\Exception\\NotFoundHttpException(code: 0): No route found for \"GET /\" at /var/www/SYMFONY/keyua_symf_test.loc/vendor/symfony/http-kernel/EventListener/RouterListener.php:141, Symfony\\Component\\Routing\\Exception\\NoConfigurationException(code: 0):  at /var/www/SYMFONY/keyua_symf_test.loc/vendor/symfony/routing/Matcher/Dumper/CompiledUrlMatcherTrait.php:182)"} []
[2019-07-11 20:09:48] php.CRITICAL: Argument 1 passed to App\Repository\EmployeeRepository::__construct() must implement interface Symfony\Bridge\Doctrine\RegistryInterface, string given, called in /var/www/SYMFONY/keyua_symf_test.loc/public/index.php on line 46 {"exception":"[object] (Symfony\\Component\\Debug\\Exception\\FatalThrowableError(code: 0): Argument 1 passed to App\\Repository\\EmployeeRepository::__construct() must implement interface Symfony\\Bridge\\Doctrine\\RegistryInterface, string given, called in /var/www/SYMFONY/keyua_symf_test.loc/public/index.php on line 46 at /var/www/SYMFONY/keyua_symf_test.loc/src/Repository/EmployeeRepository.php:26)"} []
[2019-07-11 20:09:48] request.CRITICAL: Uncaught PHP Exception TypeError: "Argument 1 passed to App\Repository\EmployeeRepository::__construct() must implement interface Symfony\Bridge\Doctrine\RegistryInterface, string given, called in /var/www/SYMFONY/keyua_symf_test.loc/public/index.php on line 46" at /var/www/SYMFONY/keyua_symf_test.loc/src/Repository/EmployeeRepository.php line 26 {"exception":"[object] (Symfony\\Component\\Debug\\Exception\\FatalThrowableError(code: 0): Argument 1 passed to App\\Repository\\EmployeeRepository::__construct() must implement interface Symfony\\Bridge\\Doctrine\\RegistryInterface, string given, called in /var/www/SYMFONY/keyua_symf_test.loc/public/index.php on line 46 at /var/www/SYMFONY/keyua_symf_test.loc/src/Repository/EmployeeRepository.php:26)"} []
[2019-07-11 20:14:52] request.ERROR: Uncaught PHP Exception Symfony\Component\HttpKernel\Exception\NotFoundHttpException: "No route found for "GET /"" at /var/www/SYMFONY/keyua_symf_test.loc/vendor/symfony/http-kernel/EventListener/RouterListener.php line 141 {"exception":"[object] (Symfony\\Component\\HttpKernel\\Exception\\NotFoundHttpException(code: 0): No route found for \"GET /\" at /var/www/SYMFONY/keyua_symf_test.loc/vendor/symfony/http-kernel/EventListener/RouterListener.php:141, Symfony\\Component\\Routing\\Exception\\NoConfigurationException(code: 0):  at /var/www/SYMFONY/keyua_symf_test.loc/vendor/symfony/routing/Matcher/Dumper/CompiledUrlMatcherTrait.php:182)"} []
[2019-07-11 20:14:52] php.CRITICAL: Uncaught Notice: Undefined variable: employeeRepo {"exception":"[object] (ErrorException(code: 0): Notice: Undefined variable: employeeRepo at /var/www/SYMFONY/keyua_symf_test.loc/public/index.php:49)"} []
[2019-07-11 20:14:52] request.CRITICAL: Uncaught PHP Exception ErrorException: "Notice: Undefined variable: employeeRepo" at /var/www/SYMFONY/keyua_symf_test.loc/public/index.php line 49 {"exception":"[object] (ErrorException(code: 0): Notice: Undefined variable: employeeRepo at /var/www/SYMFONY/keyua_symf_test.loc/public/index.php:49)"} []
[2019-07-11 20:15:34] request.ERROR: Uncaught PHP Exception Symfony\Component\HttpKernel\Exception\NotFoundHttpException: "No route found for "GET /"" at /var/www/SYMFONY/keyua_symf_test.loc/vendor/symfony/http-kernel/EventListener/RouterListener.php line 141 {"exception":"[object] (Symfony\\Component\\HttpKernel\\Exception\\NotFoundHttpException(code: 0): No route found for \"GET /\" at /var/www/SYMFONY/keyua_symf_test.loc/vendor/symfony/http-kernel/EventListener/RouterListener.php:141, Symfony\\Component\\Routing\\Exception\\NoConfigurationException(code: 0):  at /var/www/SYMFONY/keyua_symf_test.loc/vendor/symfony/routing/Matcher/Dumper/CompiledUrlMatcherTrait.php:182)"} []
[2019-07-11 20:15:34] php.CRITICAL: Argument 1 passed to App\Repository\EmployeeRepository::__construct() must implement interface Symfony\Bridge\Doctrine\RegistryInterface, string given, called in /var/www/SYMFONY/keyua_symf_test.loc/public/index.php on line 47 {"exception":"[object] (Symfony\\Component\\Debug\\Exception\\FatalThrowableError(code: 0): Argument 1 passed to App\\Repository\\EmployeeRepository::__construct() must implement interface Symfony\\Bridge\\Doctrine\\RegistryInterface, string given, called in /var/www/SYMFONY/keyua_symf_test.loc/public/index.php on line 47 at /var/www/SYMFONY/keyua_symf_test.loc/src/Repository/EmployeeRepository.php:26)"} []
[2019-07-11 20:15:34] request.CRITICAL: Uncaught PHP Exception TypeError: "Argument 1 passed to App\Repository\EmployeeRepository::__construct() must implement interface Symfony\Bridge\Doctrine\RegistryInterface, string given, called in /var/www/SYMFONY/keyua_symf_test.loc/public/index.php on line 47" at /var/www/SYMFONY/keyua_symf_test.loc/src/Repository/EmployeeRepository.php line 26 {"exception":"[object] (Symfony\\Component\\Debug\\Exception\\FatalThrowableError(code: 0): Argument 1 passed to App\\Repository\\EmployeeRepository::__construct() must implement interface Symfony\\Bridge\\Doctrine\\RegistryInterface, string given, called in /var/www/SYMFONY/keyua_symf_test.loc/public/index.php on line 47 at /var/www/SYMFONY/keyua_symf_test.loc/src/Repository/EmployeeRepository.php:26)"} []
[2019-07-11 20:20:15] request.ERROR: Uncaught PHP Exception Symfony\Component\HttpKernel\Exception\NotFoundHttpException: "No route found for "GET /"" at /var/www/SYMFONY/keyua_symf_test.loc/vendor/symfony/http-kernel/EventListener/RouterListener.php line 141 {"exception":"[object] (Symfony\\Component\\HttpKernel\\Exception\\NotFoundHttpException(code: 0): No route found for \"GET /\" at /var/www/SYMFONY/keyua_symf_test.loc/vendor/symfony/http-kernel/EventListener/RouterListener.php:141, Symfony\\Component\\Routing\\Exception\\NoConfigurationException(code: 0):  at /var/www/SYMFONY/keyua_symf_test.loc/vendor/symfony/routing/Matcher/Dumper/CompiledUrlMatcherTrait.php:182)"} []
[2019-07-11 20:20:15] php.CRITICAL: Argument 1 passed to App\Repository\EmployeeRepository::__construct() must implement interface Symfony\Bridge\Doctrine\RegistryInterface, string given, called in /var/www/SYMFONY/keyua_symf_test.loc/public/index.php on line 47 {"exception":"[object] (Symfony\\Component\\Debug\\Exception\\FatalThrowableError(code: 0): Argument 1 passed to App\\Repository\\EmployeeRepository::__construct() must implement interface Symfony\\Bridge\\Doctrine\\RegistryInterface, string given, called in /var/www/SYMFONY/keyua_symf_test.loc/public/index.php on line 47 at /var/www/SYMFONY/keyua_symf_test.loc/src/Repository/EmployeeRepository.php:26)"} []
[2019-07-11 20:20:15] request.CRITICAL: Uncaught PHP Exception TypeError: "Argument 1 passed to App\Repository\EmployeeRepository::__construct() must implement interface Symfony\Bridge\Doctrine\RegistryInterface, string given, called in /var/www/SYMFONY/keyua_symf_test.loc/public/index.php on line 47" at /var/www/SYMFONY/keyua_symf_test.loc/src/Repository/EmployeeRepository.php line 26 {"exception":"[object] (Symfony\\Component\\Debug\\Exception\\FatalThrowableError(code: 0): Argument 1 passed to App\\Repository\\EmployeeRepository::__construct() must implement interface Symfony\\Bridge\\Doctrine\\RegistryInterface, string given, called in /var/www/SYMFONY/keyua_symf_test.loc/public/index.php on line 47 at /var/www/SYMFONY/keyua_symf_test.loc/src/Repository/EmployeeRepository.php:26)"} []
[2019-07-12 20:09:46] php.DEBUG: Warning: filemtime(): stat failed for /var/www/SYMFONY/keyua_symf_test.loc/keyua_symf_test.loc/vendor/symfony/validator/Resources/translations/validators.en.xlf {"exception":"[object] (Symfony\\Component\\Debug\\Exception\\SilencedErrorContext: {\"severity\":2,\"file\":\"/var/www/SYMFONY/keyua_symf_test.loc/vendor/symfony/config/Resource/FileResource.php\",\"line\":65,\"trace\":[{\"file\":\"/var/www/SYMFONY/keyua_symf_test.loc/vendor/symfony/config/Resource/SelfCheckingResourceChecker.php\",\"line\":34,\"function\":\"isFresh\",\"class\":\"Symfony\\\\Component\\\\Config\\\\Resource\\\\FileResource\",\"type\":\"->\"}],\"count\":1})"} []
[2019-07-12 20:09:47] php.DEBUG: Warning: filemtime(): stat failed for /var/www/SYMFONY/keyua_symf_test.loc/keyua_symf_test.loc/vendor/symfony/validator/Resources/translations/validators.af.xlf [] []
[2019-07-12 20:09:47] php.DEBUG: Warning: filemtime(): stat failed for /var/www/SYMFONY/keyua_symf_test.loc/keyua_symf_test.loc/vendor/symfony/validator/Resources/translations/validators.ar.xlf [] []
[2019-07-12 20:09:48] php.DEBUG: Warning: filemtime(): stat failed for /var/www/SYMFONY/keyua_symf_test.loc/keyua_symf_test.loc/vendor/symfony/validator/Resources/translations/validators.az.xlf [] []
[2019-07-12 20:09:48] php.DEBUG: Warning: filemtime(): stat failed for /var/www/SYMFONY/keyua_symf_test.loc/keyua_symf_test.loc/vendor/symfony/validator/Resources/translations/validators.be.xlf [] []
[2019-07-12 20:09:49] php.DEBUG: Warning: filemtime(): stat failed for /var/www/SYMFONY/keyua_symf_test.loc/keyua_symf_test.loc/vendor/symfony/validator/Resources/translations/validators.bg.xlf [] []
[2019-07-12 20:09:49] php.DEBUG: Warning: filemtime(): stat failed for /var/www/SYMFONY/keyua_symf_test.loc/keyua_symf_test.loc/vendor/symfony/validator/Resources/translations/validators.ca.xlf [] []
[2019-07-12 20:09:49] php.DEBUG: Warning: filemtime(): stat failed for /var/www/SYMFONY/keyua_symf_test.loc/keyua_symf_test.loc/vendor/symfony/validator/Resources/translations/validators.cs.xlf [] []
[2019-07-12 20:09:50] php.DEBUG: Warning: filemtime(): stat failed for /var/www/SYMFONY/keyua_symf_test.loc/keyua_symf_test.loc/vendor/symfony/validator/Resources/translations/validators.cy.xlf [] []
[2019-07-12 20:09:50] php.DEBUG: Warning: filemtime(): stat failed for /var/www/SYMFONY/keyua_symf_test.loc/keyua_symf_test.loc/vendor/symfony/validator/Resources/translations/validators.da.xlf [] []
[2019-07-12 20:09:50] php.DEBUG: Warning: filemtime(): stat failed for /var/www/SYMFONY/keyua_symf_test.loc/keyua_symf_test.loc/vendor/symfony/validator/Resources/translations/validators.de.xlf [] []
[2019-07-12 20:09:50] php.DEBUG: Warning: filemtime(): stat failed for /var/www/SYMFONY/keyua_symf_test.loc/keyua_symf_test.loc/vendor/symfony/validator/Resources/translations/validators.el.xlf [] []
[2019-07-12 20:09:50] php.DEBUG: Warning: filemtime(): stat failed for /var/www/SYMFONY/keyua_symf_test.loc/keyua_symf_test.loc/vendor/symfony/validator/Resources/translations/validators.es.xlf [] []
[2019-07-12 20:09:50] php.DEBUG: Warning: filemtime(): stat failed for /var/www/SYMFONY/keyua_symf_test.loc/keyua_symf_test.loc/vendor/symfony/validator/Resources/translations/validators.et.xlf [] []
[2019-07-12 20:09:50] php.DEBUG: Warning: filemtime(): stat failed for /var/www/SYMFONY/keyua_symf_test.loc/keyua_symf_test.loc/vendor/symfony/validator/Resources/translations/validators.eu.xlf [] []
[2019-07-12 20:09:50] php.DEBUG: Warning: filemtime(): stat failed for /var/www/SYMFONY/keyua_symf_test.loc/keyua_symf_test.loc/vendor/symfony/validator/Resources/translations/validators.fa.xlf [] []
[2019-07-12 20:09:50] php.DEBUG: Warning: filemtime(): stat failed for /var/www/SYMFONY/keyua_symf_test.loc/keyua_symf_test.loc/vendor/symfony/validator/Resources/translations/validators.fi.xlf [] []
[2019-07-12 20:09:50] php.DEBUG: Warning: filemtime(): stat failed for /var/www/SYMFONY/keyua_symf_test.loc/keyua_symf_test.loc/vendor/symfony/validator/Resources/translations/validators.fr.xlf [] []
[2019-07-12 20:09:50] php.DEBUG: Warning: filemtime(): stat failed for /var/www/SYMFONY/keyua_symf_test.loc/keyua_symf_test.loc/vendor/symfony/validator/Resources/translations/validators.gl.xlf [] []
[2019-07-12 20:09:50] php.DEBUG: Warning: filemtime(): stat failed for /var/www/SYMFONY/keyua_symf_test.loc/keyua_symf_test.loc/vendor/symfony/validator/Resources/translations/validators.he.xlf [] []
[2019-07-12 20:09:50] php.DEBUG: Warning: filemtime(): stat failed for /var/www/SYMFONY/keyua_symf_test.loc/keyua_symf_test.loc/vendor/symfony/validator/Resources/translations/validators.hr.xlf [] []
[2019-07-12 20:09:50] php.DEBUG: Warning: filemtime(): stat failed for /var/www/SYMFONY/keyua_symf_test.loc/keyua_symf_test.loc/vendor/symfony/validator/Resources/translations/validators.hu.xlf [] []
[2019-07-12 20:09:50] php.DEBUG: Warning: filemtime(): stat failed for /var/www/SYMFONY/keyua_symf_test.loc/keyua_symf_test.loc/vendor/symfony/validator/Resources/translations/validators.hy.xlf [] []
[2019-07-12 20:09:50] php.DEBUG: Warning: filemtime(): stat failed for /var/www/SYMFONY/keyua_symf_test.loc/keyua_symf_test.loc/vendor/symfony/validator/Resources/translations/validators.id.xlf [] []
[2019-07-12 20:09:50] php.DEBUG: Warning: filemtime(): stat failed for /var/www/SYMFONY/keyua_symf_test.loc/keyua_symf_test.loc/vendor/symfony/validator/Resources/translations/validators.it.xlf [] []
[2019-07-12 20:09:50] php.DEBUG: Warning: filemtime(): stat failed for /var/www/SYMFONY/keyua_symf_test.loc/keyua_symf_test.loc/vendor/symfony/validator/Resources/translations/validators.ja.xlf [] []
[2019-07-12 20:09:50] php.DEBUG: Warning: filemtime(): stat failed for /var/www/SYMFONY/keyua_symf_test.loc/keyua_symf_test.loc/vendor/symfony/validator/Resources/translations/validators.lb.xlf [] []
[2019-07-12 20:09:50] php.DEBUG: Warning: filemtime(): stat failed for /var/www/SYMFONY/keyua_symf_test.loc/keyua_symf_test.loc/vendor/symfony/validator/Resources/translations/validators.lt.xlf [] []
[2019-07-12 20:09:50] php.DEBUG: Warning: filemtime(): stat failed for /var/www/SYMFONY/keyua_symf_test.loc/keyua_symf_test.loc/vendor/symfony/validator/Resources/translations/validators.lv.xlf [] []
[2019-07-12 20:09:51] php.DEBUG: Warning: filemtime(): stat failed for /var/www/SYMFONY/keyua_symf_test.loc/keyua_symf_test.loc/vendor/symfony/validator/Resources/translations/validators.mn.xlf [] []
[2019-07-12 20:09:51] php.DEBUG: Warning: filemtime(): stat failed for /var/www/SYMFONY/keyua_symf_test.loc/keyua_symf_test.loc/vendor/symfony/validator/Resources/translations/validators.nb.xlf [] []
[2019-07-12 20:09:51] php.DEBUG: Warning: filemtime(): stat failed for /var/www/SYMFONY/keyua_symf_test.loc/keyua_symf_test.loc/vendor/symfony/validator/Resources/translations/validators.nl.xlf [] []
[2019-07-12 20:09:51] php.DEBUG: Warning: filemtime(): stat failed for /var/www/SYMFONY/keyua_symf_test.loc/keyua_symf_test.loc/vendor/symfony/validator/Resources/translations/validators.nn.xlf [] []
[2019-07-12 20:09:51] php.DEBUG: Warning: filemtime(): stat failed for /var/www/SYMFONY/keyua_symf_test.loc/keyua_symf_test.loc/vendor/symfony/validator/Resources/translations/validators.no.xlf [] []
[2019-07-12 20:09:51] php.DEBUG: Warning: filemtime(): stat failed for /var/www/SYMFONY/keyua_symf_test.loc/keyua_symf_test.loc/vendor/symfony/validator/Resources/translations/validators.pl.xlf [] []
[2019-07-12 20:09:51] php.DEBUG: Warning: filemtime(): stat failed for /var/www/SYMFONY/keyua_symf_test.loc/keyua_symf_test.loc/vendor/symfony/validator/Resources/translations/validators.pt.xlf [] []
[2019-07-12 20:09:51] php.DEBUG: Warning: filemtime(): stat failed for /var/www/SYMFONY/keyua_symf_test.loc/keyua_symf_test.loc/vendor/symfony/validator/Resources/translations/validators.pt_BR.xlf [] []
[2019-07-12 20:09:51] php.DEBUG: Warning: filemtime(): stat failed for /var/www/SYMFONY/keyua_symf_test.loc/keyua_symf_test.loc/vendor/symfony/validator/Resources/translations/validators.ro.xlf [] []
[2019-07-12 20:09:51] php.DEBUG: Warning: filemtime(): stat failed for /var/www/SYMFONY/keyua_symf_test.loc/keyua_symf_test.loc/vendor/symfony/validator/Resources/translations/validators.ru.xlf [] []
[2019-07-12 20:09:51] php.DEBUG: Warning: filemtime(): stat failed for /var/www/SYMFONY/keyua_symf_test.loc/keyua_symf_test.loc/vendor/symfony/validator/Resources/translations/validators.sk.xlf [] []
[2019-07-12 20:09:51] php.DEBUG: Warning: filemtime(): stat failed for /var/www/SYMFONY/keyua_symf_test.loc/keyua_symf_test.loc/vendor/symfony/validator/Resources/translations/validators.sl.xlf [] []
[2019-07-12 20:09:51] php.DEBUG: Warning: filemtime(): stat failed for /var/www/SYMFONY/keyua_symf_test.loc/keyua_symf_test.loc/vendor/symfony/validator/Resources/translations/validators.sq.xlf [] []
[2019-07-12 20:09:51] php.DEBUG: Warning: filemtime(): stat failed for /var/www/SYMFONY/keyua_symf_test.loc/keyua_symf_test.loc/vendor/symfony/validator/Resources/translations/validators.sr_Cyrl.xlf [] []
[2019-07-12 20:09:51] php.DEBUG: Warning: filemtime(): stat failed for /var/www/SYMFONY/keyua_symf_test.loc/keyua_symf_test.loc/vendor/symfony/validator/Resources/translations/validators.sr_Latn.xlf [] []
[2019-07-12 20:09:51] php.DEBUG: Warning: filemtime(): stat failed for /var/www/SYMFONY/keyua_symf_test.loc/keyua_symf_test.loc/vendor/symfony/validator/Resources/translations/validators.sv.xlf [] []
[2019-07-12 20:09:51] php.DEBUG: Warning: filemtime(): stat failed for /var/www/SYMFONY/keyua_symf_test.loc/keyua_symf_test.loc/vendor/symfony/validator/Resources/translations/validators.th.xlf [] []
[2019-07-12 20:09:51] php.DEBUG: Warning: filemtime(): stat failed for /var/www/SYMFONY/keyua_symf_test.loc/keyua_symf_test.loc/vendor/symfony/validator/Resources/translations/validators.tl.xlf [] []
[2019-07-12 20:09:52] php.DEBUG: Warning: filemtime(): stat failed for /var/www/SYMFONY/keyua_symf_test.loc/keyua_symf_test.loc/vendor/symfony/validator/Resources/translations/validators.tr.xlf [] []
[2019-07-12 20:09:52] php.DEBUG: Warning: filemtime(): stat failed for /var/www/SYMFONY/keyua_symf_test.loc/keyua_symf_test.loc/vendor/symfony/validator/Resources/translations/validators.uk.xlf [] []
[2019-07-12 20:09:52] php.DEBUG: Warning: filemtime(): stat failed for /var/www/SYMFONY/keyua_symf_test.loc/keyua_symf_test.loc/vendor/symfony/validator/Resources/translations/validators.vi.xlf [] []
[2019-07-12 20:09:52] php.DEBUG: Warning: filemtime(): stat failed for /var/www/SYMFONY/keyua_symf_test.loc/keyua_symf_test.loc/vendor/symfony/validator/Resources/translations/validators.zh_CN.xlf [] []
[2019-07-12 20:09:53] php.DEBUG: Warning: filemtime(): stat failed for /var/www/SYMFONY/keyua_symf_test.loc/keyua_symf_test.loc/vendor/symfony/validator/Resources/translations/validators.zh_TW.xlf [] []
[2019-07-12 20:09:53] php.DEBUG: Warning: filemtime(): stat failed for /var/www/SYMFONY/keyua_symf_test.loc/keyua_symf_test.loc/vendor/symfony/security-core/Resources/translations/security.pt_PT.xlf [] []
[2019-07-12 21:24:06] console.ERROR: Error thrown while running command "'company:employee' programmer". Message: "There are no commands defined in the "company" namespace." {"exception":"[object] (Symfony\\Component\\Console\\Exception\\NamespaceNotFoundException(code: 0): There are no commands defined in the \"company\" namespace. at /var/www/SYMFONY/keyua_symf_test.loc/vendor/symfony/console/Application.php:589)","command":"'company:employee' programmer","message":"There are no commands defined in the \"company\" namespace."} []
[2019-07-12 21:26:36] console.ERROR: Error thrown while running command "'company:employee' programmer". Message: "There are no commands defined in the "company" namespace." {"exception":"[object] (Symfony\\Component\\Console\\Exception\\NamespaceNotFoundException(code: 0): There are no commands defined in the \"company\" namespace. at /var/www/SYMFONY/keyua_symf_test.loc/vendor/symfony/console/Application.php:589)","command":"'company:employee' programmer","message":"There are no commands defined in the \"company\" namespace."} []
[2019-07-12 21:38:39] console.ERROR: Error thrown while running command "'company:employee'". Message: "There are no commands defined in the "company" namespace." {"exception":"[object] (Symfony\\Component\\Console\\Exception\\NamespaceNotFoundException(code: 0): There are no commands defined in the \"company\" namespace. at /var/www/SYMFONY/keyua_symf_test.loc/vendor/symfony/console/Application.php:589)","command":"'company:employee'","message":"There are no commands defined in the \"company\" namespace."} []
[2019-07-12 21:38:53] console.ERROR: Error thrown while running command "Company". Message: "Not enough arguments (missing: "specialty")." {"exception":"[object] (Symfony\\Component\\Console\\Exception\\RuntimeException(code: 0): Not enough arguments (missing: \"specialty\"). at /var/www/SYMFONY/keyua_symf_test.loc/vendor/symfony/console/Input/Input.php:76)","command":"Company","message":"Not enough arguments (missing: \"specialty\")."} []
[2019-07-12 21:38:53] console.DEBUG: Command "Company" exited with code "1" {"command":"Company","code":1} []
[2019-07-12 21:39:26] console.ERROR: Error thrown while running command "company". Message: "Not enough arguments (missing: "specialty")." {"exception":"[object] (Symfony\\Component\\Console\\Exception\\RuntimeException(code: 0): Not enough arguments (missing: \"specialty\"). at /var/www/SYMFONY/keyua_symf_test.loc/vendor/symfony/console/Input/Input.php:76)","command":"company","message":"Not enough arguments (missing: \"specialty\")."} []
[2019-07-12 21:39:26] console.DEBUG: Command "company" exited with code "1" {"command":"company","code":1} []
[2019-07-12 21:39:40] console.ERROR: Error thrown while running command "'company:employee'". Message: "There are no commands defined in the "company" namespace." {"exception":"[object] (Symfony\\Component\\Console\\Exception\\NamespaceNotFoundException(code: 0): There are no commands defined in the \"company\" namespace. at /var/www/SYMFONY/keyua_symf_test.loc/vendor/symfony/console/Application.php:589)","command":"'company:employee'","message":"There are no commands defined in the \"company\" namespace."} []
[2019-07-12 21:40:09] console.ERROR: Error thrown while running command "company:employee". Message: "Not enough arguments (missing: "specialty")." {"exception":"[object] (Symfony\\Component\\Console\\Exception\\RuntimeException(code: 0): Not enough arguments (missing: \"specialty\"). at /var/www/SYMFONY/keyua_symf_test.loc/vendor/symfony/console/Input/Input.php:76)","command":"company:employee","message":"Not enough arguments (missing: \"specialty\")."} []
[2019-07-12 21:40:09] console.DEBUG: Command "company:employee" exited with code "1" {"command":"company:employee","code":1} []
[2019-07-12 22:41:38] console.ERROR: Error thrown while running command "company:employee programmer". Message: "Call to undefined method App\Command\CompanyCommand::getContainer()" {"exception":"[object] (Error(code: 0): Call to undefined method App\\Command\\CompanyCommand::getContainer() at /var/www/SYMFONY/keyua_symf_test.loc/src/Command/CompanyCommand.php:56)","command":"company:employee programmer","message":"Call to undefined method App\\Command\\CompanyCommand::getContainer()"} []
[2019-07-12 22:41:38] console.DEBUG: Command "company:employee programmer" exited with code "1" {"command":"company:employee programmer","code":1} []
[2019-07-12 22:41:38] php.CRITICAL: Call to undefined method App\Command\CompanyCommand::getContainer() {"exception":"[object] (Symfony\\Component\\Debug\\Exception\\FatalThrowableError(code: 0): Call to undefined method App\\Command\\CompanyCommand::getContainer() at /var/www/SYMFONY/keyua_symf_test.loc/src/Command/CompanyCommand.php:56)"} []
[2019-07-15 20:56:10] request.ERROR: Uncaught PHP Exception Symfony\Component\HttpKernel\Exception\NotFoundHttpException: "No route found for "GET /"" at /var/www/SYMFONY/keyua_symf_test.loc/vendor/symfony/http-kernel/EventListener/RouterListener.php line 141 {"exception":"[object] (Symfony\\Component\\HttpKernel\\Exception\\NotFoundHttpException(code: 0): No route found for \"GET /\" at /var/www/SYMFONY/keyua_symf_test.loc/vendor/symfony/http-kernel/EventListener/RouterListener.php:141, Symfony\\Component\\Routing\\Exception\\NoConfigurationException(code: 0):  at /var/www/SYMFONY/keyua_symf_test.loc/vendor/symfony/routing/Matcher/Dumper/CompiledUrlMatcherTrait.php:182)"} []
[2019-07-16 21:01:50] request.ERROR: Uncaught PHP Exception Symfony\Component\HttpKernel\Exception\NotFoundHttpException: "No route found for "GET /"" at /var/www/SYMFONY/keyua_symf_test.loc/vendor/symfony/http-kernel/EventListener/RouterListener.php line 141 {"exception":"[object] (Symfony\\Component\\HttpKernel\\Exception\\NotFoundHttpException(code: 0): No route found for \"GET /\" at /var/www/SYMFONY/keyua_symf_test.loc/vendor/symfony/http-kernel/EventListener/RouterListener.php:141, Symfony\\Component\\Routing\\Exception\\NoConfigurationException(code: 0):  at /var/www/SYMFONY/keyua_symf_test.loc/vendor/symfony/routing/Matcher/Dumper/CompiledUrlMatcherTrait.php:182)"} []
[2019-07-16 21:02:47] request.ERROR: Uncaught PHP Exception Symfony\Component\HttpKernel\Exception\NotFoundHttpException: "No route found for "GET /"" at /var/www/SYMFONY/keyua_symf_test.loc/vendor/symfony/http-kernel/EventListener/RouterListener.php line 141 {"exception":"[object] (Symfony\\Component\\HttpKernel\\Exception\\NotFoundHttpException(code: 0): No route found for \"GET /\" at /var/www/SYMFONY/keyua_symf_test.loc/vendor/symfony/http-kernel/EventListener/RouterListener.php:141, Symfony\\Component\\Routing\\Exception\\NoConfigurationException(code: 0):  at /var/www/SYMFONY/keyua_symf_test.loc/vendor/symfony/routing/Matcher/Dumper/CompiledUrlMatcherTrait.php:182)"} []
[2019-07-16 22:41:08] console.ERROR: Error thrown while running command "company:employee programmer". Message: "Notice: Undefined variable: em" {"exception":"[object] (ErrorException(code: 0): Notice: Undefined variable: em at /var/www/SYMFONY/keyua_symf_test.loc/src/Command/CompanyCommand.php:55)","command":"company:employee programmer","message":"Notice: Undefined variable: em"} []
[2019-07-16 22:41:08] console.DEBUG: Command "company:employee programmer" exited with code "1" {"command":"company:employee programmer","code":1} []
[2019-07-16 23:17:37] console.ERROR: Error thrown while running command "company:employee programmer". Message: "Call to undefined method Symfony\Component\Console\Input\ArgvInput::getRepository()" {"exception":"[object] (Error(code: 0): Call to undefined method Symfony\\Component\\Console\\Input\\ArgvInput::getRepository() at /var/www/SYMFONY/keyua_symf_test.loc/src/Command/CompanyCommand.php:56)","command":"company:employee programmer","message":"Call to undefined method Symfony\\Component\\Console\\Input\\ArgvInput::getRepository()"} []
[2019-07-16 23:17:37] console.DEBUG: Command "company:employee programmer" exited with code "1" {"command":"company:employee programmer","code":1} []
[2019-07-16 23:17:37] php.CRITICAL: Call to undefined method Symfony\Component\Console\Input\ArgvInput::getRepository() {"exception":"[object] (Symfony\\Component\\Debug\\Exception\\FatalThrowableError(code: 0): Call to undefined method Symfony\\Component\\Console\\Input\\ArgvInput::getRepository() at /var/www/SYMFONY/keyua_symf_test.loc/src/Command/CompanyCommand.php:56)"} []
[2019-07-17 19:42:52] console.ERROR: Error thrown while running command "'company:employee' programmer". Message: "Argument 1 passed to Symfony\Component\Console\Command\Command::__construct() must be of the type string or null, object given, called in /var/www/SYMFONY/keyua_symf_test.loc/src/Command/CompanyCommand.php on line 43" {"exception":"[object] (TypeError(code: 0): Argument 1 passed to Symfony\\Component\\Console\\Command\\Command::__construct() must be of the type string or null, object given, called in /var/www/SYMFONY/keyua_symf_test.loc/src/Command/CompanyCommand.php on line 43 at /var/www/SYMFONY/keyua_symf_test.loc/vendor/symfony/console/Command/Command.php:69)","command":"'company:employee' programmer","message":"Argument 1 passed to Symfony\\Component\\Console\\Command\\Command::__construct() must be of the type string or null, object given, called in /var/www/SYMFONY/keyua_symf_test.loc/src/Command/CompanyCommand.php on line 43"} []
[2019-07-17 19:44:41] doctrine.DEBUG: SELECT e0_.write_code AS write_code_0, e0_.test_code AS test_code_1, e0_.communicate_with_manager AS communicate_with_manager_2, e0_.draw AS draw_3, e0_.set_tasks AS set_tasks_4 FROM employee e0_ WHERE e0_.specialty = ? ["programmer"] []
[2019-07-17 19:44:41] console.ERROR: Error thrown while running command "company:employee programmer". Message: "An exception occurred while executing 'SELECT e0_.write_code AS write_code_0, e0_.test_code AS test_code_1, e0_.communicate_with_manager AS communicate_with_manager_2, e0_.draw AS draw_3, e0_.set_tasks AS set_tasks_4 FROM employee e0_ WHERE e0_.specialty = ?' with params ["programmer"]:  SQLSTATE[42S02]: Base table or view not found: 1146 Table 'keyua_test.employee' doesn't exist" {"exception":"[object] (Doctrine\\DBAL\\Exception\\TableNotFoundException(code: 0): An exception occurred while executing 'SELECT e0_.write_code AS write_code_0, e0_.test_code AS test_code_1, e0_.communicate_with_manager AS communicate_with_manager_2, e0_.draw AS draw_3, e0_.set_tasks AS set_tasks_4 FROM employee e0_ WHERE e0_.specialty = ?' with params [\"programmer\"]:\n\nSQLSTATE[42S02]: Base table or view not found: 1146 Table 'keyua_test.employee' doesn't exist at /var/www/SYMFONY/keyua_symf_test.loc/vendor/doctrine/dbal/lib/Doctrine/DBAL/Driver/AbstractMySQLDriver.php:42, Doctrine\\DBAL\\Driver\\PDOException(code: 42S02): SQLSTATE[42S02]: Base table or view not found: 1146 Table 'keyua_test.employee' doesn't exist at /var/www/SYMFONY/keyua_symf_test.loc/vendor/doctrine/dbal/lib/Doctrine/DBAL/Driver/PDOStatement.php:119, PDOException(code: 42S02): SQLSTATE[42S02]: Base table or view not found: 1146 Table 'keyua_test.employee' doesn't exist at /var/www/SYMFONY/keyua_symf_test.loc/vendor/doctrine/dbal/lib/Doctrine/DBAL/Driver/PDOStatement.php:117)","command":"company:employee programmer","message":"An exception occurred while executing 'SELECT e0_.write_code AS write_code_0, e0_.test_code AS test_code_1, e0_.communicate_with_manager AS communicate_with_manager_2, e0_.draw AS draw_3, e0_.set_tasks AS set_tasks_4 FROM employee e0_ WHERE e0_.specialty = ?' with params [\"programmer\"]:\n\nSQLSTATE[42S02]: Base table or view not found: 1146 Table 'keyua_test.employee' doesn't exist"} []
[2019-07-17 19:44:41] console.DEBUG: Command "company:employee programmer" exited with code "1" {"command":"company:employee programmer","code":1} []
[2019-07-17 20:05:49] doctrine.DEBUG: SELECT e0_.write_code AS write_code_0, e0_.test_code AS test_code_1, e0_.communicate_with_manager AS communicate_with_manager_2, e0_.draw AS draw_3, e0_.set_tasks AS set_tasks_4 FROM employee e0_ WHERE e0_.specialty = ? ["programmer"] []
[2019-07-17 20:05:49] console.ERROR: Error thrown while running command "company:employee programmer". Message: "An exception occurred while executing 'SELECT e0_.write_code AS write_code_0, e0_.test_code AS test_code_1, e0_.communicate_with_manager AS communicate_with_manager_2, e0_.draw AS draw_3, e0_.set_tasks AS set_tasks_4 FROM employee e0_ WHERE e0_.specialty = ?' with params ["programmer"]:  SQLSTATE[42S22]: Column not found: 1054 Unknown column 'e0_.write_code' in 'field list'" {"exception":"[object] (Doctrine\\DBAL\\Exception\\InvalidFieldNameException(code: 0): An exception occurred while executing 'SELECT e0_.write_code AS write_code_0, e0_.test_code AS test_code_1, e0_.communicate_with_manager AS communicate_with_manager_2, e0_.draw AS draw_3, e0_.set_tasks AS set_tasks_4 FROM employee e0_ WHERE e0_.specialty = ?' with params [\"programmer\"]:\n\nSQLSTATE[42S22]: Column not found: 1054 Unknown column 'e0_.write_code' in 'field list' at /var/www/SYMFONY/keyua_symf_test.loc/vendor/doctrine/dbal/lib/Doctrine/DBAL/Driver/AbstractMySQLDriver.php:60, Doctrine\\DBAL\\Driver\\PDOException(code: 42S22): SQLSTATE[42S22]: Column not found: 1054 Unknown column 'e0_.write_code' in 'field list' at /var/www/SYMFONY/keyua_symf_test.loc/vendor/doctrine/dbal/lib/Doctrine/DBAL/Driver/PDOStatement.php:119, PDOException(code: 42S22): SQLSTATE[42S22]: Column not found: 1054 Unknown column 'e0_.write_code' in 'field list' at /var/www/SYMFONY/keyua_symf_test.loc/vendor/doctrine/dbal/lib/Doctrine/DBAL/Driver/PDOStatement.php:117)","command":"company:employee programmer","message":"An exception occurred while executing 'SELECT e0_.write_code AS write_code_0, e0_.test_code AS test_code_1, e0_.communicate_with_manager AS communicate_with_manager_2, e0_.draw AS draw_3, e0_.set_tasks AS set_tasks_4 FROM employee e0_ WHERE e0_.specialty = ?' with params [\"programmer\"]:\n\nSQLSTATE[42S22]: Column not found: 1054 Unknown column 'e0_.write_code' in 'field list'"} []
[2019-07-17 20:05:49] console.DEBUG: Command "company:employee programmer" exited with code "1" {"command":"company:employee programmer","code":1} []
[2019-07-17 20:14:30] console.ERROR: Error thrown while running command "company:employee programmer". Message: "Unknown Entity namespace alias 'AppBundle'." {"exception":"[object] (Doctrine\\ORM\\ORMException(code: 0): Unknown Entity namespace alias 'AppBundle'. at /var/www/SYMFONY/keyua_symf_test.loc/vendor/doctrine/orm/lib/Doctrine/ORM/ORMException.php:286)","command":"company:employee programmer","message":"Unknown Entity namespace alias 'AppBundle'."} []
[2019-07-17 20:14:30] console.DEBUG: Command "company:employee programmer" exited with code "1" {"command":"company:employee programmer","code":1} []
[2019-07-17 20:16:18] doctrine.DEBUG: SELECT e0_.write_code AS write_code_0, e0_.test_code AS test_code_1, e0_.communicate_with_manager AS communicate_with_manager_2, e0_.draw AS draw_3, e0_.set_tasks AS set_tasks_4 FROM employee e0_ WHERE e0_.specialty = ? ["programmer"] []
[2019-07-17 20:16:18] console.ERROR: Error thrown while running command "company:employee programmer". Message: "An exception occurred while executing 'SELECT e0_.write_code AS write_code_0, e0_.test_code AS test_code_1, e0_.communicate_with_manager AS communicate_with_manager_2, e0_.draw AS draw_3, e0_.set_tasks AS set_tasks_4 FROM employee e0_ WHERE e0_.specialty = ?' with params ["programmer"]:  SQLSTATE[42S22]: Column not found: 1054 Unknown column 'e0_.write_code' in 'field list'" {"exception":"[object] (Doctrine\\DBAL\\Exception\\InvalidFieldNameException(code: 0): An exception occurred while executing 'SELECT e0_.write_code AS write_code_0, e0_.test_code AS test_code_1, e0_.communicate_with_manager AS communicate_with_manager_2, e0_.draw AS draw_3, e0_.set_tasks AS set_tasks_4 FROM employee e0_ WHERE e0_.specialty = ?' with params [\"programmer\"]:\n\nSQLSTATE[42S22]: Column not found: 1054 Unknown column 'e0_.write_code' in 'field list' at /var/www/SYMFONY/keyua_symf_test.loc/vendor/doctrine/dbal/lib/Doctrine/DBAL/Driver/AbstractMySQLDriver.php:60, Doctrine\\DBAL\\Driver\\PDOException(code: 42S22): SQLSTATE[42S22]: Column not found: 1054 Unknown column 'e0_.write_code' in 'field list' at /var/www/SYMFONY/keyua_symf_test.loc/vendor/doctrine/dbal/lib/Doctrine/DBAL/Driver/PDOStatement.php:119, PDOException(code: 42S22): SQLSTATE[42S22]: Column not found: 1054 Unknown column 'e0_.write_code' in 'field list' at /var/www/SYMFONY/keyua_symf_test.loc/vendor/doctrine/dbal/lib/Doctrine/DBAL/Driver/PDOStatement.php:117)","command":"company:employee programmer","message":"An exception occurred while executing 'SELECT e0_.write_code AS write_code_0, e0_.test_code AS test_code_1, e0_.communicate_with_manager AS communicate_with_manager_2, e0_.draw AS draw_3, e0_.set_tasks AS set_tasks_4 FROM employee e0_ WHERE e0_.specialty = ?' with params [\"programmer\"]:\n\nSQLSTATE[42S22]: Column not found: 1054 Unknown column 'e0_.write_code' in 'field list'"} []
[2019-07-17 20:16:18] console.DEBUG: Command "company:employee programmer" exited with code "1" {"command":"company:employee programmer","code":1} []
[2019-07-17 20:18:18] console.ERROR: Error thrown while running command "company:employee programmer". Message: "[Semantical Error] line 0, col 9 near 'write_code, e.testCode,': Error: Class App\Entity\Employee has no field or association named write_code" {"exception":"[object] (Doctrine\\ORM\\Query\\QueryException(code: 0): [Semantical Error] line 0, col 9 near 'write_code, e.testCode,': Error: Class App\\Entity\\Employee has no field or association named write_code at /var/www/SYMFONY/keyua_symf_test.loc/vendor/doctrine/orm/lib/Doctrine/ORM/Query/QueryException.php:65, Doctrine\\ORM\\Query\\QueryException(code: 0): SELECT e.write_code, e.testCode, e.communicateWithManager, e.draw, e.setTasks FROM App\\Entity\\Employee e WHERE e.specialty = :specialty at /var/www/SYMFONY/keyua_symf_test.loc/vendor/doctrine/orm/lib/Doctrine/ORM/Query/QueryException.php:43)","command":"company:employee programmer","message":"[Semantical Error] line 0, col 9 near 'write_code, e.testCode,': Error: Class App\\Entity\\Employee has no field or association named write_code"} []
[2019-07-17 20:18:18] console.DEBUG: Command "company:employee programmer" exited with code "1" {"command":"company:employee programmer","code":1} []
[2019-07-17 20:19:54] doctrine.DEBUG: SELECT e0_.write_code AS write_code_0, e0_.test_code AS test_code_1, e0_.communicate_with_manager AS communicate_with_manager_2, e0_.draw AS draw_3, e0_.set_tasks AS set_tasks_4 FROM employee e0_ WHERE e0_.specialty = ? ["programmer"] []
[2019-07-17 20:19:54] console.ERROR: Error thrown while running command "company:employee programmer". Message: "An exception occurred while executing 'SELECT e0_.write_code AS write_code_0, e0_.test_code AS test_code_1, e0_.communicate_with_manager AS communicate_with_manager_2, e0_.draw AS draw_3, e0_.set_tasks AS set_tasks_4 FROM employee e0_ WHERE e0_.specialty = ?' with params ["programmer"]:  SQLSTATE[42S22]: Column not found: 1054 Unknown column 'e0_.test_code' in 'field list'" {"exception":"[object] (Doctrine\\DBAL\\Exception\\InvalidFieldNameException(code: 0): An exception occurred while executing 'SELECT e0_.write_code AS write_code_0, e0_.test_code AS test_code_1, e0_.communicate_with_manager AS communicate_with_manager_2, e0_.draw AS draw_3, e0_.set_tasks AS set_tasks_4 FROM employee e0_ WHERE e0_.specialty = ?' with params [\"programmer\"]:\n\nSQLSTATE[42S22]: Column not found: 1054 Unknown column 'e0_.test_code' in 'field list' at /var/www/SYMFONY/keyua_symf_test.loc/vendor/doctrine/dbal/lib/Doctrine/DBAL/Driver/AbstractMySQLDriver.php:60, Doctrine\\DBAL\\Driver\\PDOException(code: 42S22): SQLSTATE[42S22]: Column not found: 1054 Unknown column 'e0_.test_code' in 'field list' at /var/www/SYMFONY/keyua_symf_test.loc/vendor/doctrine/dbal/lib/Doctrine/DBAL/Driver/PDOStatement.php:119, PDOException(code: 42S22): SQLSTATE[42S22]: Column not found: 1054 Unknown column 'e0_.test_code' in 'field list' at /var/www/SYMFONY/keyua_symf_test.loc/vendor/doctrine/dbal/lib/Doctrine/DBAL/Driver/PDOStatement.php:117)","command":"company:employee programmer","message":"An exception occurred while executing 'SELECT e0_.write_code AS write_code_0, e0_.test_code AS test_code_1, e0_.communicate_with_manager AS communicate_with_manager_2, e0_.draw AS draw_3, e0_.set_tasks AS set_tasks_4 FROM employee e0_ WHERE e0_.specialty = ?' with params [\"programmer\"]:\n\nSQLSTATE[42S22]: Column not found: 1054 Unknown column 'e0_.test_code' in 'field list'"} []
[2019-07-17 20:19:54] console.DEBUG: Command "company:employee programmer" exited with code "1" {"command":"company:employee programmer","code":1} []
[2019-07-17 21:19:54] console.ERROR: Error thrown while running command "company:employee programmer". Message: "[Semantical Error] line 0, col 23 near 'testCode, e.communicateWithManager,': Error: Class App\Entity\Employee has no field or association named testCode" {"exception":"[object] (Doctrine\\ORM\\Query\\QueryException(code: 0): [Semantical Error] line 0, col 23 near 'testCode, e.communicateWithManager,': Error: Class App\\Entity\\Employee has no field or association named testCode at /var/www/SYMFONY/keyua_symf_test.loc/vendor/doctrine/orm/lib/Doctrine/ORM/Query/QueryException.php:65, Doctrine\\ORM\\Query\\QueryException(code: 0): SELECT e.write_code, e.testCode, e.communicateWithManager, e.draw, e.setTasks FROM App\\Entity\\Employee e WHERE e.specialty = :specialty at /var/www/SYMFONY/keyua_symf_test.loc/vendor/doctrine/orm/lib/Doctrine/ORM/Query/QueryException.php:43)","command":"company:employee programmer","message":"[Semantical Error] line 0, col 23 near 'testCode, e.communicateWithManager,': Error: Class App\\Entity\\Employee has no field or association named testCode"} []
[2019-07-17 21:19:54] console.DEBUG: Command "company:employee programmer" exited with code "1" {"command":"company:employee programmer","code":1} []
[2019-07-17 21:22:15] doctrine.DEBUG: SELECT e0_.write_code AS write_code_0, e0_.test_code AS test_code_1, e0_.communicate_with_manager AS communicate_with_manager_2, e0_.draw AS draw_3, e0_.set_tasks AS set_tasks_4 FROM employee e0_ WHERE e0_.specialty = ? ["programmer"] []
[2019-07-17 21:22:15] doctrine.DEBUG: SELECT e0_.write_code AS write_code_0, e0_.test_code AS test_code_1, e0_.communicate_with_manager AS communicate_with_manager_2, e0_.draw AS draw_3, e0_.set_tasks AS set_tasks_4 FROM employee e0_ WHERE e0_.specialty = ? ["programmer"] []
[2019-07-17 21:22:15] console.ERROR: Error thrown while running command "company:employee programmer". Message: "Notice: Array to string conversion" {"exception":"[object] (ErrorException(code: 0): Notice: Array to string conversion at /var/www/SYMFONY/keyua_symf_test.loc/vendor/symfony/console/Formatter/OutputFormatter.php:134)","command":"company:employee programmer","message":"Notice: Array to string conversion"} []
[2019-07-17 21:22:15] console.DEBUG: Command "company:employee programmer" exited with code "1" {"command":"company:employee programmer","code":1} []
[2019-07-17 21:28:55] doctrine.DEBUG: SELECT e0_.write_code AS write_code_0, e0_.test_code AS test_code_1, e0_.communicate_with_manager AS communicate_with_manager_2, e0_.draw AS draw_3, e0_.set_tasks AS set_tasks_4 FROM employee e0_ WHERE e0_.specialty = ? ["programmer"] []
[2019-07-17 21:28:55] doctrine.DEBUG: SELECT e0_.write_code AS write_code_0, e0_.test_code AS test_code_1, e0_.communicate_with_manager AS communicate_with_manager_2, e0_.draw AS draw_3, e0_.set_tasks AS set_tasks_4 FROM employee e0_ WHERE e0_.specialty = ? ["programmer"] []
[2019-07-17 21:32:47] doctrine.DEBUG: SELECT e0_.write_code AS write_code_0, e0_.test_code AS test_code_1, e0_.communicate_with_manager AS communicate_with_manager_2, e0_.draw AS draw_3, e0_.set_tasks AS set_tasks_4 FROM employee e0_ WHERE e0_.specialty = ? ["programmer"] []
[2019-07-17 21:32:47] doctrine.DEBUG: SELECT e0_.write_code AS write_code_0, e0_.test_code AS test_code_1, e0_.communicate_with_manager AS communicate_with_manager_2, e0_.draw AS draw_3, e0_.set_tasks AS set_tasks_4 FROM employee e0_ WHERE e0_.specialty = ? ["programmer"] []
[2019-07-17 21:33:18] console.ERROR: Error thrown while running command "company:employee". Message: "Not enough arguments (missing: "specialty")." {"exception":"[object] (Symfony\\Component\\Console\\Exception\\RuntimeException(code: 0): Not enough arguments (missing: \"specialty\"). at /var/www/SYMFONY/keyua_symf_test.loc/vendor/symfony/console/Input/Input.php:76)","command":"company:employee","message":"Not enough arguments (missing: \"specialty\")."} []
[2019-07-17 21:33:18] console.DEBUG: Command "company:employee" exited with code "1" {"command":"company:employee","code":1} []
[2019-07-17 21:33:22] doctrine.DEBUG: SELECT e0_.write_code AS write_code_0, e0_.test_code AS test_code_1, e0_.communicate_with_manager AS communicate_with_manager_2, e0_.draw AS draw_3, e0_.set_tasks AS set_tasks_4 FROM employee e0_ WHERE e0_.specialty = ? ["programmer"] []
[2019-07-17 21:33:22] doctrine.DEBUG: SELECT e0_.write_code AS write_code_0, e0_.test_code AS test_code_1, e0_.communicate_with_manager AS communicate_with_manager_2, e0_.draw AS draw_3, e0_.set_tasks AS set_tasks_4 FROM employee e0_ WHERE e0_.specialty = ? ["programmer"] []
[2019-07-17 21:34:01] doctrine.DEBUG: SELECT e0_.write_code AS write_code_0, e0_.test_code AS test_code_1, e0_.communicate_with_manager AS communicate_with_manager_2, e0_.draw AS draw_3, e0_.set_tasks AS set_tasks_4 FROM employee e0_ WHERE e0_.specialty = ? ["programmer"] []
[2019-07-17 21:34:01] doctrine.DEBUG: SELECT e0_.write_code AS write_code_0, e0_.test_code AS test_code_1, e0_.communicate_with_manager AS communicate_with_manager_2, e0_.draw AS draw_3, e0_.set_tasks AS set_tasks_4 FROM employee e0_ WHERE e0_.specialty = ? ["programmer"] []
[2019-07-17 21:41:46] doctrine.DEBUG: SELECT e0_.write_code AS write_code_0, e0_.test_code AS test_code_1, e0_.communicate_with_manager AS communicate_with_manager_2, e0_.draw AS draw_3, e0_.set_tasks AS set_tasks_4 FROM employee e0_ WHERE e0_.specialty = ? ["programmer"] []
[2019-07-18 21:04:16] console.ERROR: Error thrown while running command "'employee:can' writeCode". Message: "An argument with name "specialty" already exists." {"exception":"[object] (Symfony\\Component\\Console\\Exception\\LogicException(code: 0): An argument with name \"specialty\" already exists. at /var/www/SYMFONY/keyua_symf_test.loc/vendor/symfony/console/Input/InputDefinition.php:99)","command":"'employee:can' writeCode","message":"An argument with name \"specialty\" already exists."} []
[2019-07-18 21:04:33] console.ERROR: Error thrown while running command "employee:can writeCode". Message: "Not enough arguments (missing: "action")." {"exception":"[object] (Symfony\\Component\\Console\\Exception\\RuntimeException(code: 0): Not enough arguments (missing: \"action\"). at /var/www/SYMFONY/keyua_symf_test.loc/vendor/symfony/console/Input/Input.php:76)","command":"employee:can writeCode","message":"Not enough arguments (missing: \"action\")."} []
[2019-07-18 21:04:33] console.DEBUG: Command "employee:can writeCode" exited with code "1" {"command":"employee:can writeCode","code":1} []
[2019-07-18 21:05:26] console.ERROR: Error thrown while running command "employee:can programmer writeCode". Message: "Class 'App\Command\Employee' does not exist" {"exception":"[object] (Doctrine\\Common\\Persistence\\Mapping\\MappingException(code: 0): Class 'App\\Command\\Employee' does not exist at /var/www/SYMFONY/keyua_symf_test.loc/vendor/doctrine/persistence/lib/Doctrine/Common/Persistence/Mapping/MappingException.php:93)","command":"employee:can programmer writeCode","message":"Class 'App\\Command\\Employee' does not exist"} []
[2019-07-18 21:05:26] console.DEBUG: Command "employee:can programmer writeCode" exited with code "1" {"command":"employee:can programmer writeCode","code":1} []
[2019-07-18 21:06:33] console.ERROR: Error thrown while running command "employee:can programmer writeCode". Message: "Class 'App\Command\Employee' does not exist" {"exception":"[object] (Doctrine\\Common\\Persistence\\Mapping\\MappingException(code: 0): Class 'App\\Command\\Employee' does not exist at /var/www/SYMFONY/keyua_symf_test.loc/vendor/doctrine/persistence/lib/Doctrine/Common/Persistence/Mapping/MappingException.php:93)","command":"employee:can programmer writeCode","message":"Class 'App\\Command\\Employee' does not exist"} []
[2019-07-18 21:06:33] console.DEBUG: Command "employee:can programmer writeCode" exited with code "1" {"command":"employee:can programmer writeCode","code":1} []
[2019-07-18 21:07:08] console.ERROR: Error thrown while running command "employee:can programmer writeCode". Message: "Class 'App\Command\Employee' does not exist" {"exception":"[object] (Doctrine\\Common\\Persistence\\Mapping\\MappingException(code: 0): Class 'App\\Command\\Employee' does not exist at /var/www/SYMFONY/keyua_symf_test.loc/vendor/doctrine/persistence/lib/Doctrine/Common/Persistence/Mapping/MappingException.php:93)","command":"employee:can programmer writeCode","message":"Class 'App\\Command\\Employee' does not exist"} []
[2019-07-18 21:07:08] console.DEBUG: Command "employee:can programmer writeCode" exited with code "1" {"command":"employee:can programmer writeCode","code":1} []
[2019-07-18 21:08:40] console.ERROR: Error thrown while running command "employee:can programmer writeCode". Message: "Class 'App\Command\Employee' does not exist" {"exception":"[object] (Doctrine\\Common\\Persistence\\Mapping\\MappingException(code: 0): Class 'App\\Command\\Employee' does not exist at /var/www/SYMFONY/keyua_symf_test.loc/vendor/doctrine/persistence/lib/Doctrine/Common/Persistence/Mapping/MappingException.php:93)","command":"employee:can programmer writeCode","message":"Class 'App\\Command\\Employee' does not exist"} []
[2019-07-18 21:08:40] console.DEBUG: Command "employee:can programmer writeCode" exited with code "1" {"command":"employee:can programmer writeCode","code":1} []
[2019-07-18 21:10:45] console.ERROR: Error thrown while running command "employee:can programmer writeCode". Message: "[Semantical Error] line 0, col 9 near 'writeCode FROM': Error: Class App\Entity\Employee has no field or association named writeCode" {"exception":"[object] (Doctrine\\ORM\\Query\\QueryException(code: 0): [Semantical Error] line 0, col 9 near 'writeCode FROM': Error: Class App\\Entity\\Employee has no field or association named writeCode at /var/www/SYMFONY/keyua_symf_test.loc/vendor/doctrine/orm/lib/Doctrine/ORM/Query/QueryException.php:65, Doctrine\\ORM\\Query\\QueryException(code: 0): SELECT e.writeCode FROM App\\Entity\\Employee e WHERE e.specialty = :specialty at /var/www/SYMFONY/keyua_symf_test.loc/vendor/doctrine/orm/lib/Doctrine/ORM/Query/QueryException.php:43)","command":"employee:can programmer writeCode","message":"[Semantical Error] line 0, col 9 near 'writeCode FROM': Error: Class App\\Entity\\Employee has no field or association named writeCode"} []
[2019-07-18 21:10:45] console.DEBUG: Command "employee:can programmer writeCode" exited with code "1" {"command":"employee:can programmer writeCode","code":1} []
[2019-07-18 21:12:39] doctrine.DEBUG: SELECT e0_.write_code AS write_code_0 FROM employee e0_ WHERE e0_.specialty = ? ["programmer"] []
[2019-07-18 21:12:40] doctrine.DEBUG: SELECT e0_.write_code AS write_code_0 FROM employee e0_ WHERE e0_.specialty = ? ["programmer"] []
[2019-07-18 21:35:38] doctrine.DEBUG: SELECT e0_.write_code AS write_code_0 FROM employee e0_ WHERE e0_.specialty = ? ["programmer"] []
[2019-07-18 21:35:51] doctrine.DEBUG: SELECT e0_.draw AS draw_0 FROM employee e0_ WHERE e0_.specialty = ? ["programmer"] []
[2019-07-18 21:36:05] doctrine.DEBUG: SELECT e0_.draw AS draw_0 FROM employee e0_ WHERE e0_.specialty = ? ["programmer"] []
[2019-07-18 21:37:23] console.ERROR: Error thrown while running command "employee:can programmer dra". Message: "[Semantical Error] line 0, col 9 near 'dra FROM App\Entity\Employee': Error: Class App\Entity\Employee has no field or association named dra" {"exception":"[object] (Doctrine\\ORM\\Query\\QueryException(code: 0): [Semantical Error] line 0, col 9 near 'dra FROM App\\Entity\\Employee': Error: Class App\\Entity\\Employee has no field or association named dra at /var/www/SYMFONY/keyua_symf_test.loc/vendor/doctrine/orm/lib/Doctrine/ORM/Query/QueryException.php:65, Doctrine\\ORM\\Query\\QueryException(code: 0): SELECT e.dra FROM App\\Entity\\Employee e WHERE e.specialty = :specialty at /var/www/SYMFONY/keyua_symf_test.loc/vendor/doctrine/orm/lib/Doctrine/ORM/Query/QueryException.php:43)","command":"employee:can programmer dra","message":"[Semantical Error] line 0, col 9 near 'dra FROM App\\Entity\\Employee': Error: Class App\\Entity\\Employee has no field or association named dra"} []
[2019-07-18 21:37:23] console.DEBUG: Command "employee:can programmer dra" exited with code "1" {"command":"employee:can programmer dra","code":1} []
[2019-07-18 21:37:29] doctrine.DEBUG: SELECT e0_.draw AS draw_0 FROM employee e0_ WHERE e0_.specialty = ? ["programmer"] []
[2019-07-18 21:40:42] doctrine.DEBUG: SELECT e0_.draw AS draw_0 FROM employee e0_ WHERE e0_.specialty = ? ["programmer"] []
[2019-07-18 21:41:48] doctrine.DEBUG: SELECT e0_.draw AS draw_0 FROM employee e0_ WHERE e0_.specialty = ? ["programmer"] []
[2019-07-18 21:42:22] doctrine.DEBUG: SELECT e0_.draw AS draw_0 FROM employee e0_ WHERE e0_.specialty = ? ["programmer"] []
[2019-07-18 21:43:03] doctrine.DEBUG: SELECT e0_.draw AS draw_0 FROM employee e0_ WHERE e0_.specialty = ? ["programmer"] []
[2019-07-18 21:43:44] doctrine.DEBUG: SELECT e0_.draw AS draw_0 FROM employee e0_ WHERE e0_.specialty = ? ["programmer"] []
[2019-07-18 21:44:15] doctrine.DEBUG: SELECT e0_.write_code AS write_code_0 FROM employee e0_ WHERE e0_.specialty = ? ["programmer"] []
[2019-07-18 21:44:39] doctrine.DEBUG: SELECT e0_.draw AS draw_0 FROM employee e0_ WHERE e0_.specialty = ? ["programmer"] []
[2019-07-18 21:47:10] doctrine.DEBUG: SELECT e0_.draw AS draw_0 FROM employee e0_ WHERE e0_.specialty = ? ["programmer"] []
[2019-07-18 21:47:16] doctrine.DEBUG: SELECT e0_.write_code AS write_code_0 FROM employee e0_ WHERE e0_.specialty = ? ["programmer"] []
[2019-07-18 21:47:22] doctrine.DEBUG: SELECT e0_.draw AS draw_0 FROM employee e0_ WHERE e0_.specialty = ? ["programmer"] []
[2019-07-18 21:48:02] doctrine.DEBUG: SELECT e0_.draw AS draw_0 FROM employee e0_ WHERE e0_.specialty = ? ["programmer"] []
[2019-07-18 21:50:29] doctrine.DEBUG: SELECT e0_.draw AS draw_0 FROM employee e0_ WHERE e0_.specialty = ? ["programmer"] []
[2019-07-18 21:54:34] doctrine.DEBUG: SELECT e0_.draw AS draw_0 FROM employee e0_ WHERE e0_.specialty = ? ["programmer"] []
[2019-07-18 22:07:29] doctrine.DEBUG: SELECT e0_.write_code AS write_code_0 FROM employee e0_ WHERE e0_.specialty = ? ["programmer"] []
[2019-07-18 22:07:33] doctrine.DEBUG: SELECT e0_.draw AS draw_0 FROM employee e0_ WHERE e0_.specialty = ? ["programmer"] []
[2019-07-18 22:11:53] doctrine.DEBUG: SELECT e0_.draw AS draw_0 FROM employee e0_ WHERE e0_.specialty = ? ["programmer"] []
[2019-07-18 22:19:46] doctrine.DEBUG: SELECT e0_.draw AS draw_0 FROM employee e0_ WHERE e0_.specialty = ? ["programmer"] []
[2019-07-18 22:19:48] doctrine.DEBUG: SELECT e0_.draw AS draw_0 FROM employee e0_ WHERE e0_.specialty = ? ["programmer"] []
[2019-07-18 23:04:11] console.ERROR: Error thrown while running command "employee:can programmer writeCode". Message: "Warning: Illegal string offset 'write_code'" {"exception":"[object] (ErrorException(code: 0): Warning: Illegal string offset 'write_code' at /var/www/SYMFONY/keyua_symf_test.loc/src/Command/EmployeeCommand.php:55)","command":"employee:can programmer writeCode","message":"Warning: Illegal string offset 'write_code'"} []
[2019-07-18 23:04:11] console.DEBUG: Command "employee:can programmer writeCode" exited with code "1" {"command":"employee:can programmer writeCode","code":1} []
[2019-07-18 23:05:07] doctrine.DEBUG: SELECT e0_.write_code AS write_code_0 FROM employee e0_ WHERE e0_.specialty = ? ["programmer"] []
[2019-07-18 23:07:55] console.ERROR: Error thrown while running command "employee:can programmer communcateWithManager". Message: "[Semantical Error] line 0, col 9 near 'communcateWithManager': Error: Class App\Entity\Employee has no field or association named communcateWithManager" {"exception":"[object] (Doctrine\\ORM\\Query\\QueryException(code: 0): [Semantical Error] line 0, col 9 near 'communcateWithManager': Error: Class App\\Entity\\Employee has no field or association named communcateWithManager at /var/www/SYMFONY/keyua_symf_test.loc/vendor/doctrine/orm/lib/Doctrine/ORM/Query/QueryException.php:65, Doctrine\\ORM\\Query\\QueryException(code: 0): SELECT e.communcateWithManager FROM App\\Entity\\Employee e WHERE e.specialty = :specialty at /var/www/SYMFONY/keyua_symf_test.loc/vendor/doctrine/orm/lib/Doctrine/ORM/Query/QueryException.php:43)","command":"employee:can programmer communcateWithManager","message":"[Semantical Error] line 0, col 9 near 'communcateWithManager': Error: Class App\\Entity\\Employee has no field or association named communcateWithManager"} []
[2019-07-18 23:07:55] console.DEBUG: Command "employee:can programmer communcateWithManager" exited with code "1" {"command":"employee:can programmer communcateWithManager","code":1} []
[2019-07-18 23:08:19] doctrine.DEBUG: SELECT e0_.communicate_with_manager AS communicate_with_manager_0 FROM employee e0_ WHERE e0_.specialty = ? ["programmer"] []
[2019-07-18 23:08:30] doctrine.DEBUG: SELECT e0_.draw AS draw_0 FROM employee e0_ WHERE e0_.specialty = ? ["programmer"] []
[2019-07-18 23:36:37] doctrine.DEBUG: SELECT e0_.draw AS draw_0 FROM employee e0_ WHERE e0_.specialty = ? ["designer"] []
[2019-07-19 19:33:57] console.ERROR: Error thrown while running command "employee:can programmer communicateWithManager". Message: "[Semantical Error] line 0, col 9 near 'communicateWithManager': Error: Class App\Entity\Employee has no field or association named communicateWithManager" {"exception":"[object] (Doctrine\\ORM\\Query\\QueryException(code: 0): [Semantical Error] line 0, col 9 near 'communicateWithManager': Error: Class App\\Entity\\Employee has no field or association named communicateWithManager at /var/www/SYMFONY/keyua_symf_test.loc/vendor/doctrine/orm/lib/Doctrine/ORM/Query/QueryException.php:65, Doctrine\\ORM\\Query\\QueryException(code: 0): SELECT e.communicateWithManager FROM App\\Entity\\Employee e WHERE e.specialty = :specialty at /var/www/SYMFONY/keyua_symf_test.loc/vendor/doctrine/orm/lib/Doctrine/ORM/Query/QueryException.php:43)","command":"employee:can programmer communicateWithManager","message":"[Semantical Error] line 0, col 9 near 'communicateWithManager': Error: Class App\\Entity\\Employee has no field or association named communicateWithManager"} []
[2019-07-19 19:33:57] console.DEBUG: Command "employee:can programmer communicateWithManager" exited with code "1" {"command":"employee:can programmer communicateWithManager","code":1} []
[2019-07-19 19:51:21] console.ERROR: Error thrown while running command "employee:can programmer communicateWithManager". Message: "[Semantical Error] line 0, col 9 near 'ABCDEF FROM App\Entity\Employee': Error: Class App\Entity\Employee has no field or association named ABCDEF" {"exception":"[object] (Doctrine\\ORM\\Query\\QueryException(code: 0): [Semantical Error] line 0, col 9 near 'ABCDEF FROM App\\Entity\\Employee': Error: Class App\\Entity\\Employee has no field or association named ABCDEF at /var/www/SYMFONY/keyua_symf_test.loc/vendor/doctrine/orm/lib/Doctrine/ORM/Query/QueryException.php:65, Doctrine\\ORM\\Query\\QueryException(code: 0): SELECT e.ABCDEF FROM App\\Entity\\Employee e WHERE e.specialty = :specialty at /var/www/SYMFONY/keyua_symf_test.loc/vendor/doctrine/orm/lib/Doctrine/ORM/Query/QueryException.php:43)","command":"employee:can programmer communicateWithManager","message":"[Semantical Error] line 0, col 9 near 'ABCDEF FROM App\\Entity\\Employee': Error: Class App\\Entity\\Employee has no field or association named ABCDEF"} []
[2019-07-19 19:51:21] console.DEBUG: Command "employee:can programmer communicateWithManager" exited with code "1" {"command":"employee:can programmer communicateWithManager","code":1} []
[2019-07-19 19:51:57] console.ERROR: Error thrown while running command "employee:can programmer communicateWithManager". Message: "[Semantical Error] line 0, col 9 near 'ABCDEF FROM App\Entity\Employee': Error: Class App\Entity\Employee has no field or association named ABCDEF" {"exception":"[object] (Doctrine\\ORM\\Query\\QueryException(code: 0): [Semantical Error] line 0, col 9 near 'ABCDEF FROM App\\Entity\\Employee': Error: Class App\\Entity\\Employee has no field or association named ABCDEF at /var/www/SYMFONY/keyua_symf_test.loc/vendor/doctrine/orm/lib/Doctrine/ORM/Query/QueryException.php:65, Doctrine\\ORM\\Query\\QueryException(code: 0): SELECT e.ABCDEF FROM App\\Entity\\Employee e WHERE e.specialty = :specialty at /var/www/SYMFONY/keyua_symf_test.loc/vendor/doctrine/orm/lib/Doctrine/ORM/Query/QueryException.php:43)","command":"employee:can programmer communicateWithManager","message":"[Semantical Error] line 0, col 9 near 'ABCDEF FROM App\\Entity\\Employee': Error: Class App\\Entity\\Employee has no field or association named ABCDEF"} []
[2019-07-19 19:51:57] console.DEBUG: Command "employee:can programmer communicateWithManager" exited with code "1" {"command":"employee:can programmer communicateWithManager","code":1} []
[2019-07-19 20:08:18] console.ERROR: Error thrown while running command "employee:can programmer communicateWithManager". Message: "Warning: preg_match(): Unknown modifier '('" {"exception":"[object] (ErrorException(code: 0): Warning: preg_match(): Unknown modifier '(' at /var/www/SYMFONY/keyua_symf_test.loc/src/Command/EmployeeCommand.php:59)","command":"employee:can programmer communicateWithManager","message":"Warning: preg_match(): Unknown modifier '('"} []
[2019-07-19 20:08:18] console.DEBUG: Command "employee:can programmer communicateWithManager" exited with code "1" {"command":"employee:can programmer communicateWithManager","code":1} []
[2019-07-19 20:11:21] console.ERROR: Error thrown while running command "employee:can programmer communicateWithManager". Message: "[Semantical Error] line 0, col 9 near 'communicateWithManager': Error: Class App\Entity\Employee has no field or association named communicateWithManager" {"exception":"[object] (Doctrine\\ORM\\Query\\QueryException(code: 0): [Semantical Error] line 0, col 9 near 'communicateWithManager': Error: Class App\\Entity\\Employee has no field or association named communicateWithManager at /var/www/SYMFONY/keyua_symf_test.loc/vendor/doctrine/orm/lib/Doctrine/ORM/Query/QueryException.php:65, Doctrine\\ORM\\Query\\QueryException(code: 0): SELECT e.communicateWithManager FROM App\\Entity\\Employee e WHERE e.specialty = :specialty at /var/www/SYMFONY/keyua_symf_test.loc/vendor/doctrine/orm/lib/Doctrine/ORM/Query/QueryException.php:43)","command":"employee:can programmer communicateWithManager","message":"[Semantical Error] line 0, col 9 near 'communicateWithManager': Error: Class App\\Entity\\Employee has no field or association named communicateWithManager"} []
[2019-07-19 20:11:21] console.DEBUG: Command "employee:can programmer communicateWithManager" exited with code "1" {"command":"employee:can programmer communicateWithManager","code":1} []
[2019-07-19 20:47:36] console.ERROR: Error thrown while running command "employee:can programmer communicateWithManager". Message: "Warning: implode(): Invalid arguments passed" {"exception":"[object] (ErrorException(code: 0): Warning: implode(): Invalid arguments passed at /var/www/SYMFONY/keyua_symf_test.loc/src/Command/EmployeeCommand.php:55)","command":"employee:can programmer communicateWithManager","message":"Warning: implode(): Invalid arguments passed"} []
[2019-07-19 20:47:36] console.DEBUG: Command "employee:can programmer communicateWithManager" exited with code "1" {"command":"employee:can programmer communicateWithManager","code":1} []
[2019-07-19 20:53:41] console.ERROR: Error thrown while running command "employee:can programmer communicateWithManager". Message: "Warning: implode(): Invalid arguments passed" {"exception":"[object] (ErrorException(code: 0): Warning: implode(): Invalid arguments passed at /var/www/SYMFONY/keyua_symf_test.loc/src/Command/EmployeeCommand.php:55)","command":"employee:can programmer communicateWithManager","message":"Warning: implode(): Invalid arguments passed"} []
[2019-07-19 20:53:41] console.DEBUG: Command "employee:can programmer communicateWithManager" exited with code "1" {"command":"employee:can programmer communicateWithManager","code":1} []
[2019-07-19 20:54:22] console.ERROR: Error thrown while running command "employee:can programmer communicateWithManager". Message: "[Semantical Error] line 0, col 9 near 'aBCDEF FROM App\Entity\Employee': Error: Class App\Entity\Employee has no field or association named aBCDEF" {"exception":"[object] (Doctrine\\ORM\\Query\\QueryException(code: 0): [Semantical Error] line 0, col 9 near 'aBCDEF FROM App\\Entity\\Employee': Error: Class App\\Entity\\Employee has no field or association named aBCDEF at /var/www/SYMFONY/keyua_symf_test.loc/vendor/doctrine/orm/lib/Doctrine/ORM/Query/QueryException.php:65, Doctrine\\ORM\\Query\\QueryException(code: 0): SELECT e.aBCDEF FROM App\\Entity\\Employee e WHERE e.specialty = :specialty at /var/www/SYMFONY/keyua_symf_test.loc/vendor/doctrine/orm/lib/Doctrine/ORM/Query/QueryException.php:43)","command":"employee:can programmer communicateWithManager","message":"[Semantical Error] line 0, col 9 near 'aBCDEF FROM App\\Entity\\Employee': Error: Class App\\Entity\\Employee has no field or association named aBCDEF"} []
[2019-07-19 20:54:22] console.DEBUG: Command "employee:can programmer communicateWithManager" exited with code "1" {"command":"employee:can programmer communicateWithManager","code":1} []
[2019-07-19 21:07:08] console.ERROR: Error thrown while running command "employee:can programmer communicateWithManager". Message: "[Semantical Error] line 0, col 9 near 'communicateWithManager': Error: Class App\Entity\Employee has no field or association named communicateWithManager" {"exception":"[object] (Doctrine\\ORM\\Query\\QueryException(code: 0): [Semantical Error] line 0, col 9 near 'communicateWithManager': Error: Class App\\Entity\\Employee has no field or association named communicateWithManager at /var/www/SYMFONY/keyua_symf_test.loc/vendor/doctrine/orm/lib/Doctrine/ORM/Query/QueryException.php:65, Doctrine\\ORM\\Query\\QueryException(code: 0): SELECT e.communicateWithManager FROM App\\Entity\\Employee e WHERE e.specialty = :specialty at /var/www/SYMFONY/keyua_symf_test.loc/vendor/doctrine/orm/lib/Doctrine/ORM/Query/QueryException.php:43)","command":"employee:can programmer communicateWithManager","message":"[Semantical Error] line 0, col 9 near 'communicateWithManager': Error: Class App\\Entity\\Employee has no field or association named communicateWithManager"} []
[2019-07-19 21:07:08] console.DEBUG: Command "employee:can programmer communicateWithManager" exited with code "1" {"command":"employee:can programmer communicateWithManager","code":1} []
[2019-07-19 21:08:05] console.ERROR: Error thrown while running command "employee:can programmer communicateWithManager". Message: "[Semantical Error] line 0, col 9 near 'communicateWithManager': Error: Class App\Entity\Employee has no field or association named communicateWithManager" {"exception":"[object] (Doctrine\\ORM\\Query\\QueryException(code: 0): [Semantical Error] line 0, col 9 near 'communicateWithManager': Error: Class App\\Entity\\Employee has no field or association named communicateWithManager at /var/www/SYMFONY/keyua_symf_test.loc/vendor/doctrine/orm/lib/Doctrine/ORM/Query/QueryException.php:65, Doctrine\\ORM\\Query\\QueryException(code: 0): SELECT e.communicateWithManager FROM App\\Entity\\Employee e WHERE e.specialty = :specialty at /var/www/SYMFONY/keyua_symf_test.loc/vendor/doctrine/orm/lib/Doctrine/ORM/Query/QueryException.php:43)","command":"employee:can programmer communicateWithManager","message":"[Semantical Error] line 0, col 9 near 'communicateWithManager': Error: Class App\\Entity\\Employee has no field or association named communicateWithManager"} []
[2019-07-19 21:08:05] console.DEBUG: Command "employee:can programmer communicateWithManager" exited with code "1" {"command":"employee:can programmer communicateWithManager","code":1} []
[2019-07-19 21:17:48] console.ERROR: Error thrown while running command "employee:can programmer communicateWithManager". Message: "Warning: preg_match(): Unknown modifier '('" {"exception":"[object] (ErrorException(code: 0): Warning: preg_match(): Unknown modifier '(' at /var/www/SYMFONY/keyua_symf_test.loc/src/Command/EmployeeCommand.php:56)","command":"employee:can programmer communicateWithManager","message":"Warning: preg_match(): Unknown modifier '('"} []
[2019-07-19 21:17:48] console.DEBUG: Command "employee:can programmer communicateWithManager" exited with code "1" {"command":"employee:can programmer communicateWithManager","code":1} []
[2019-07-19 21:19:45] console.ERROR: Error thrown while running command "employee:can programmer communicateWithManager". Message: "[Semantical Error] line 0, col 9 near 'communicateWithManager': Error: Class App\Entity\Employee has no field or association named communicateWithManager" {"exception":"[object] (Doctrine\\ORM\\Query\\QueryException(code: 0): [Semantical Error] line 0, col 9 near 'communicateWithManager': Error: Class App\\Entity\\Employee has no field or association named communicateWithManager at /var/www/SYMFONY/keyua_symf_test.loc/vendor/doctrine/orm/lib/Doctrine/ORM/Query/QueryException.php:65, Doctrine\\ORM\\Query\\QueryException(code: 0): SELECT e.communicateWithManager FROM App\\Entity\\Employee e WHERE e.specialty = :specialty at /var/www/SYMFONY/keyua_symf_test.loc/vendor/doctrine/orm/lib/Doctrine/ORM/Query/QueryException.php:43)","command":"employee:can programmer communicateWithManager","message":"[Semantical Error] line 0, col 9 near 'communicateWithManager': Error: Class App\\Entity\\Employee has no field or association named communicateWithManager"} []
[2019-07-19 21:19:45] console.DEBUG: Command "employee:can programmer communicateWithManager" exited with code "1" {"command":"employee:can programmer communicateWithManager","code":1} []
[2019-07-19 21:55:47] console.ERROR: Error thrown while running command "employee:can programmer communicateWithManager". Message: "Notice: Undefined index: big_sign_word" {"exception":"[object] (ErrorException(code: 0): Notice: Undefined index: big_sign_word at /var/www/SYMFONY/keyua_symf_test.loc/src/Command/EmployeeCommand.php:66)","command":"employee:can programmer communicateWithManager","message":"Notice: Undefined index: big_sign_word"} []
[2019-07-19 21:55:47] console.DEBUG: Command "employee:can programmer communicateWithManager" exited with code "1" {"command":"employee:can programmer communicateWithManager","code":1} []
[2019-07-19 23:05:55] console.ERROR: Error thrown while running command "employee:can programmer communicateWithManager". Message: "Call to undefined function WithManager()" {"exception":"[object] (Error(code: 0): Call to undefined function WithManager() at /var/www/SYMFONY/keyua_symf_test.loc/src/Command/EmployeeCommand.php:78)","command":"employee:can programmer communicateWithManager","message":"Call to undefined function WithManager()"} []
[2019-07-19 23:05:55] console.DEBUG: Command "employee:can programmer communicateWithManager" exited with code "1" {"command":"employee:can programmer communicateWithManager","code":1} []
[2019-07-19 23:05:55] php.CRITICAL: Call to undefined function WithManager() {"exception":"[object] (Symfony\\Component\\Debug\\Exception\\FatalThrowableError(code: 0): Call to undefined function WithManager() at /var/www/SYMFONY/keyua_symf_test.loc/src/Command/EmployeeCommand.php:78)"} []
[2019-07-19 23:06:13] console.ERROR: Error thrown while running command "employee:can programmer communicateWithManager". Message: "Call to undefined function WithManager()" {"exception":"[object] (Error(code: 0): Call to undefined function WithManager() at /var/www/SYMFONY/keyua_symf_test.loc/src/Command/EmployeeCommand.php:78)","command":"employee:can programmer communicateWithManager","message":"Call to undefined function WithManager()"} []
[2019-07-19 23:06:13] console.DEBUG: Command "employee:can programmer communicateWithManager" exited with code "1" {"command":"employee:can programmer communicateWithManager","code":1} []
[2019-07-19 23:06:13] php.CRITICAL: Call to undefined function WithManager() {"exception":"[object] (Symfony\\Component\\Debug\\Exception\\FatalThrowableError(code: 0): Call to undefined function WithManager() at /var/www/SYMFONY/keyua_symf_test.loc/src/Command/EmployeeCommand.php:78)"} []
[2019-07-19 23:07:16] console.ERROR: Error thrown while running command "employee:can programmer communicateWithManager". Message: "Call to undefined function WithManager()" {"exception":"[object] (Error(code: 0): Call to undefined function WithManager() at /var/www/SYMFONY/keyua_symf_test.loc/src/Command/EmployeeCommand.php:78)","command":"employee:can programmer communicateWithManager","message":"Call to undefined function WithManager()"} []
[2019-07-19 23:07:16] console.DEBUG: Command "employee:can programmer communicateWithManager" exited with code "1" {"command":"employee:can programmer communicateWithManager","code":1} []
[2019-07-19 23:07:16] php.CRITICAL: Call to undefined function WithManager() {"exception":"[object] (Symfony\\Component\\Debug\\Exception\\FatalThrowableError(code: 0): Call to undefined function WithManager() at /var/www/SYMFONY/keyua_symf_test.loc/src/Command/EmployeeCommand.php:78)"} []
[2019-07-20 03:28:05] console.ERROR: Error thrown while running command "employee:can programmer communicateWithManager". Message: "Notice: Undefined property: App\Repository\EmployeeRepository::$em" {"exception":"[object] (ErrorException(code: 0): Notice: Undefined property: App\\Repository\\EmployeeRepository::$em at /var/www/SYMFONY/keyua_symf_test.loc/src/Repository/EmployeeRepository.php:58)","command":"employee:can programmer communicateWithManager","message":"Notice: Undefined property: App\\Repository\\EmployeeRepository::$em"} []
[2019-07-20 03:28:05] console.DEBUG: Command "employee:can programmer communicateWithManager" exited with code "1" {"command":"employee:can programmer communicateWithManager","code":1} []
[2019-07-20 03:33:01] console.ERROR: Error thrown while running command "employee:can programmer communicateWithManager". Message: "Notice: Undefined property: App\Repository\EmployeeRepository::$em" {"exception":"[object] (ErrorException(code: 0): Notice: Undefined property: App\\Repository\\EmployeeRepository::$em at /var/www/SYMFONY/keyua_symf_test.loc/src/Repository/EmployeeRepository.php:102)","command":"employee:can programmer communicateWithManager","message":"Notice: Undefined property: App\\Repository\\EmployeeRepository::$em"} []
[2019-07-20 03:33:01] console.DEBUG: Command "employee:can programmer communicateWithManager" exited with code "1" {"command":"employee:can programmer communicateWithManager","code":1} []
[2019-07-20 03:33:31] doctrine.DEBUG: SELECT e0_.communicate_with_manager AS communicate_with_manager_0 FROM employee e0_ WHERE e0_.specialty = ? ["programmer"] []
[2019-07-20 03:33:59] console.ERROR: Error thrown while running command "employee:can programmer draw". Message: "Notice: Undefined variable: camelCaseTo_" {"exception":"[object] (ErrorException(code: 0): Notice: Undefined variable: camelCaseTo_ at /var/www/SYMFONY/keyua_symf_test.loc/src/Repository/EmployeeRepository.php:110)","command":"employee:can programmer draw","message":"Notice: Undefined variable: camelCaseTo_"} []
[2019-07-20 03:33:59] console.DEBUG: Command "employee:can programmer draw" exited with code "1" {"command":"employee:can programmer draw","code":1} []
[2019-07-20 03:35:35] console.ERROR: Error thrown while running command "employee:can programmer draw". Message: "Notice: Undefined variable: camelCaseTo_" {"exception":"[object] (ErrorException(code: 0): Notice: Undefined variable: camelCaseTo_ at /var/www/SYMFONY/keyua_symf_test.loc/src/Repository/EmployeeRepository.php:110)","command":"employee:can programmer draw","message":"Notice: Undefined variable: camelCaseTo_"} []
[2019-07-20 03:35:35] console.DEBUG: Command "employee:can programmer draw" exited with code "1" {"command":"employee:can programmer draw","code":1} []
[2019-07-20 03:38:52] console.ERROR: Error thrown while running command "employee:can programmer draw". Message: "[Syntax Error] line 0, col 15: Error: Expected Doctrine\ORM\Query\Lexer::T_FROM, got 'App\Entity\Employee'" {"exception":"[object] (Doctrine\\ORM\\Query\\QueryException(code: 0): [Syntax Error] line 0, col 15: Error: Expected Doctrine\\ORM\\Query\\Lexer::T_FROM, got 'App\\Entity\\Employee' at /var/www/SYMFONY/keyua_symf_test.loc/vendor/doctrine/orm/lib/Doctrine/ORM/Query/QueryException.php:54, Doctrine\\ORM\\Query\\QueryException(code: 0): SELECT e. FROM App\\Entity\\Employee e WHERE e.specialty = :specialty at /var/www/SYMFONY/keyua_symf_test.loc/vendor/doctrine/orm/lib/Doctrine/ORM/Query/QueryException.php:43)","command":"employee:can programmer draw","message":"[Syntax Error] line 0, col 15: Error: Expected Doctrine\\ORM\\Query\\Lexer::T_FROM, got 'App\\Entity\\Employee'"} []
[2019-07-20 03:38:52] console.DEBUG: Command "employee:can programmer draw" exited with code "1" {"command":"employee:can programmer draw","code":1} []
[2019-07-20 03:39:22] doctrine.DEBUG: SELECT e0_.communicate_with_manager AS communicate_with_manager_0 FROM employee e0_ WHERE e0_.specialty = ? ["programmer"] []
[2019-07-20 03:41:04] doctrine.DEBUG: SELECT e0_.communicate_with_manager AS communicate_with_manager_0 FROM employee e0_ WHERE e0_.specialty = ? ["programmer"] []
[2019-07-20 03:41:09] doctrine.DEBUG: SELECT e0_.draw AS draw_0 FROM employee e0_ WHERE e0_.specialty = ? ["programmer"] []
[2019-07-20 03:49:54] console.ERROR: Error thrown while running command "employee:can programmer draw". Message: "Notice: Undefined variable: camelCaseTo_" {"exception":"[object] (ErrorException(code: 0): Notice: Undefined variable: camelCaseTo_ at /var/www/SYMFONY/keyua_symf_test.loc/src/Repository/EmployeeRepository.php:79)","command":"employee:can programmer draw","message":"Notice: Undefined variable: camelCaseTo_"} []
[2019-07-20 03:49:54] console.DEBUG: Command "employee:can programmer draw" exited with code "1" {"command":"employee:can programmer draw","code":1} []
[2019-07-20 03:50:29] doctrine.DEBUG: SELECT e0_.draw AS draw_0 FROM employee e0_ WHERE e0_.specialty = ? ["programmer"] []
[2019-07-20 03:50:32] doctrine.DEBUG: SELECT e0_.communicate_with_manager AS communicate_with_manager_0 FROM employee e0_ WHERE e0_.specialty = ? ["programmer"] []
[2019-07-20 03:52:43] doctrine.DEBUG: SELECT e0_.communicate_with_manager AS communicate_with_manager_0 FROM employee e0_ WHERE e0_.specialty = ? ["programmer"] []
[2019-07-20 03:52:48] doctrine.DEBUG: SELECT e0_.draw AS draw_0 FROM employee e0_ WHERE e0_.specialty = ? ["programmer"] []
[2019-07-20 03:56:00] doctrine.DEBUG: SELECT e0_.draw AS draw_0 FROM employee e0_ WHERE e0_.specialty = ? ["programmer"] []
[2019-07-20 03:56:14] doctrine.DEBUG: SELECT e0_.communicate_with_manager AS communicate_with_manager_0 FROM employee e0_ WHERE e0_.specialty = ? ["programmer"] []
[2019-07-20 03:56:27] doctrine.DEBUG: SELECT e0_.draw AS draw_0 FROM employee e0_ WHERE e0_.specialty = ? ["programmer"] []
[2019-07-22 18:24:19] console.ERROR: Error thrown while running command "employee:can programmer communicateWithManager". Message: "[Semantical Error] line 0, col 9 near 'communicateWithManager': Error: Class App\Entity\Employee has no field or association named communicateWithManager" {"exception":"[object] (Doctrine\\ORM\\Query\\QueryException(code: 0): [Semantical Error] line 0, col 9 near 'communicateWithManager': Error: Class App\\Entity\\Employee has no field or association named communicateWithManager at /var/www/SYMFONY/keyua_symf_test.loc/vendor/doctrine/orm/lib/Doctrine/ORM/Query/QueryException.php:65, Doctrine\\ORM\\Query\\QueryException(code: 0): SELECT e.communicateWithManager FROM App\\Entity\\Employee e WHERE e.specialty = :specialty at /var/www/SYMFONY/keyua_symf_test.loc/vendor/doctrine/orm/lib/Doctrine/ORM/Query/QueryException.php:43)","command":"employee:can programmer communicateWithManager","message":"[Semantical Error] line 0, col 9 near 'communicateWithManager': Error: Class App\\Entity\\Employee has no field or association named communicateWithManager"} []
[2019-07-22 18:24:19] console.DEBUG: Command "employee:can programmer communicateWithManager" exited with code "1" {"command":"employee:can programmer communicateWithManager","code":1} []
[2019-07-22 18:25:17] doctrine.DEBUG: SELECT e0_.communicate_with_manager AS communicate_with_manager_0 FROM employee e0_ WHERE e0_.specialty = ? ["programmer"] []
[2019-07-22 18:32:42] doctrine.DEBUG: SELECT e0_.communicate_with_manager AS communicate_with_manager_0 FROM employee e0_ WHERE e0_.specialty = ? ["programmer"] []
[2019-07-22 19:25:41] console.ERROR: Error thrown while running command "employee:can programmer communicateWithManager". Message: "Class 'App\Helper\CamelcaseToUnderscore' not found" {"exception":"[object] (Error(code: 0): Class 'App\\Helper\\CamelcaseToUnderscore' not found at /var/www/SYMFONY/keyua_symf_test.loc/src/Command/EmployeeCommand.php:48)","command":"employee:can programmer communicateWithManager","message":"Class 'App\\Helper\\CamelcaseToUnderscore' not found"} []
[2019-07-22 19:25:41] console.DEBUG: Command "employee:can programmer communicateWithManager" exited with code "1" {"command":"employee:can programmer communicateWithManager","code":1} []
[2019-07-22 19:25:41] php.CRITICAL: Class 'App\Helper\CamelcaseToUnderscore' not found {"exception":"[object] (Symfony\\Component\\Debug\\Exception\\FatalThrowableError(code: 0): Class 'App\\Helper\\CamelcaseToUnderscore' not found at /var/www/SYMFONY/keyua_symf_test.loc/src/Command/EmployeeCommand.php:48)"} []
[2019-07-22 19:26:56] doctrine.DEBUG: SELECT e0_.communicate_with_manager AS communicate_with_manager_0 FROM employee e0_ WHERE e0_.specialty = ? ["programmer"] []
[2019-07-22 20:11:21] doctrine.DEBUG: SELECT e0_.communicate_with_manager AS communicate_with_manager_0 FROM employee e0_ WHERE e0_.specialty = ? ["programmer"] []
[2019-07-22 20:14:25] doctrine.DEBUG: SELECT e0_.communicate_with_manager AS communicate_with_manager_0 FROM employee e0_ WHERE e0_.specialty = ? ["programmer"] []
[2019-07-22 20:15:49] doctrine.DEBUG: SELECT e0_.communicate_with_manager AS communicate_with_manager_0 FROM employee e0_ WHERE e0_.specialty = ? ["programmer"] []
[2019-07-22 20:18:04] console.ERROR: Error thrown while running command "company:employee programmer". Message: "Argument 1 passed to App\Service\CompanyCommandService::make() must be an instance of App\Entity\Employee, string given, called in /var/www/SYMFONY/keyua_symf_test.loc/src/Command/CompanyCommand.php on line 39" {"exception":"[object] (TypeError(code: 0): Argument 1 passed to App\\Service\\CompanyCommandService::make() must be an instance of App\\Entity\\Employee, string given, called in /var/www/SYMFONY/keyua_symf_test.loc/src/Command/CompanyCommand.php on line 39 at /var/www/SYMFONY/keyua_symf_test.loc/src/Service/CompanyCommandService.php:25)","command":"company:employee programmer","message":"Argument 1 passed to App\\Service\\CompanyCommandService::make() must be an instance of App\\Entity\\Employee, string given, called in /var/www/SYMFONY/keyua_symf_test.loc/src/Command/CompanyCommand.php on line 39"} []
[2019-07-22 20:18:04] console.DEBUG: Command "company:employee programmer" exited with code "1" {"command":"company:employee programmer","code":1} []
[2019-07-22 20:18:04] php.CRITICAL: Argument 1 passed to App\Service\CompanyCommandService::make() must be an instance of App\Entity\Employee, string given, called in /var/www/SYMFONY/keyua_symf_test.loc/src/Command/CompanyCommand.php on line 39 {"exception":"[object] (Symfony\\Component\\Debug\\Exception\\FatalThrowableError(code: 0): Argument 1 passed to App\\Service\\CompanyCommandService::make() must be an instance of App\\Entity\\Employee, string given, called in /var/www/SYMFONY/keyua_symf_test.loc/src/Command/CompanyCommand.php on line 39 at /var/www/SYMFONY/keyua_symf_test.loc/src/Service/CompanyCommandService.php:25)"} []
[2019-07-22 20:21:12] doctrine.DEBUG: SELECT e0_.write_code AS write_code_0, e0_.test_code AS test_code_1, e0_.communicate_with_manager AS communicate_with_manager_2, e0_.draw AS draw_3, e0_.set_tasks AS set_tasks_4 FROM employee e0_ WHERE e0_.specialty = ? ["programmer"] []
[2019-07-22 20:25:46] doctrine.DEBUG: SELECT e0_.communicate_with_manager AS communicate_with_manager_0 FROM employee e0_ WHERE e0_.specialty = ? ["programmer"] []
[2019-07-22 20:37:21] console.ERROR: Error thrown while running command "employee:can programmer communicateWithManager". Message: "Notice: Undefined property: App\Command\EmployeeCommand::$companyCommandService" {"exception":"[object] (ErrorException(code: 0): Notice: Undefined property: App\\Command\\EmployeeCommand::$companyCommandService at /var/www/SYMFONY/keyua_symf_test.loc/src/Command/EmployeeCommand.php:49)","command":"employee:can programmer communicateWithManager","message":"Notice: Undefined property: App\\Command\\EmployeeCommand::$companyCommandService"} []
[2019-07-22 20:37:21] console.DEBUG: Command "employee:can programmer communicateWithManager" exited with code "1" {"command":"employee:can programmer communicateWithManager","code":1} []
[2019-07-22 20:37:59] doctrine.DEBUG: SELECT e0_.communicate_with_manager AS communicate_with_manager_0 FROM employee e0_ WHERE e0_.specialty = ? ["programmer"] []
[2019-07-22 20:39:07] doctrine.DEBUG: SELECT e0_.communicate_with_manager AS communicate_with_manager_0 FROM employee e0_ WHERE e0_.specialty = ? ["programmer"] []
[2019-07-22 20:48:45] doctrine.DEBUG: SELECT e0_.communicate_with_manager AS communicate_with_manager_0 FROM employee e0_ WHERE e0_.specialty = ? ["programmer"] []
[2019-07-22 20:58:44] doctrine.DEBUG: SELECT e0_.write_code AS write_code_0, e0_.test_code AS test_code_1, e0_.communicate_with_manager AS communicate_with_manager_2, e0_.draw AS draw_3, e0_.set_tasks AS set_tasks_4 FROM employee e0_ WHERE e0_.specialty = ? ["programmer"] []
[2019-07-22 21:00:23] doctrine.DEBUG: SELECT e0_.communicate_with_manager AS communicate_with_manager_0 FROM employee e0_ WHERE e0_.specialty = ? ["programmer"] []
